{"meta": {"format": 3, "version": "7.10.4", "timestamp": "2025-08-23T20:27:11.215771", "branch_coverage": false, "show_contexts": false}, "files": {"addon/__init__.py": {"executed_lines": [0], "summary": {"covered_lines": 0, "num_statements": 0, "percent_covered": 100.0, "percent_covered_display": "100", "missing_lines": 0, "excluded_lines": 0}, "missing_lines": [], "excluded_lines": [], "functions": {"": {"executed_lines": [], "summary": {"covered_lines": 0, "num_statements": 0, "percent_covered": 100.0, "percent_covered_display": "100", "missing_lines": 0, "excluded_lines": 0}, "missing_lines": [], "excluded_lines": []}}, "classes": {"": {"executed_lines": [], "summary": {"covered_lines": 0, "num_statements": 0, "percent_covered": 100.0, "percent_covered_display": "100", "missing_lines": 0, "excluded_lines": 0}, "missing_lines": [], "excluded_lines": []}}}, "addon/app/test_ble_adapter.py": {"executed_lines": [1, 4, 16], "summary": {"covered_lines": 3, "num_statements": 8, "percent_covered": 37.5, "percent_covered_display": "38", "missing_lines": 5, "excluded_lines": 0}, "missing_lines": [6, 10, 11, 13, 17], "excluded_lines": [], "functions": {"check_ble_adapter": {"executed_lines": [], "summary": {"covered_lines": 0, "num_statements": 4, "percent_covered": 0.0, "percent_covered_display": "0", "missing_lines": 4, "excluded_lines": 0}, "missing_lines": [6, 10, 11, 13], "excluded_lines": []}, "": {"executed_lines": [1, 4, 16], "summary": {"covered_lines": 3, "num_statements": 4, "percent_covered": 75.0, "percent_covered_display": "75", "missing_lines": 1, "excluded_lines": 0}, "missing_lines": [17], "excluded_lines": []}}, "classes": {"": {"executed_lines": [1, 4, 16], "summary": {"covered_lines": 3, "num_statements": 8, "percent_covered": 37.5, "percent_covered_display": "38", "missing_lines": 5, "excluded_lines": 0}, "missing_lines": [6, 10, 11, 13, 17], "excluded_lines": []}}}, "addon/bb8_core/__init__.py": {"executed_lines": [1, 3, 4, 7, 20, 36, 37, 38, 39, 40, 41, 47, 48], "summary": {"covered_lines": 13, "num_statements": 15, "percent_covered": 86.66666666666667, "percent_covered_display": "87", "missing_lines": 2, "excluded_lines": 0}, "missing_lines": [42, 43], "excluded_lines": [], "functions": {"_alias": {"executed_lines": [37, 38, 39, 40, 41], "summary": {"covered_lines": 5, "num_statements": 7, "percent_covered": 71.42857142857143, "percent_covered_display": "71", "missing_lines": 2, "excluded_lines": 0}, "missing_lines": [42, 43], "excluded_lines": []}, "": {"executed_lines": [1, 3, 4, 7, 20, 36, 47, 48], "summary": {"covered_lines": 8, "num_statements": 8, "percent_covered": 100.0, "percent_covered_display": "100", "missing_lines": 0, "excluded_lines": 0}, "missing_lines": [], "excluded_lines": []}}, "classes": {"": {"executed_lines": [1, 3, 4, 7, 20, 36, 37, 38, 39, 40, 41, 47, 48], "summary": {"covered_lines": 13, "num_statements": 15, "percent_covered": 86.66666666666667, "percent_covered_display": "87", "missing_lines": 2, "excluded_lines": 0}, "missing_lines": [42, 43], "excluded_lines": []}}}, "addon/bb8_core/addon_config.py": {"executed_lines": [1, 3, 4, 5, 6, 7, 9, 11, 13, 16, 17, 20, 25, 26, 27, 29, 39, 42, 48, 60, 61, 64, 71, 72, 73, 85, 86, 88, 89, 92, 98, 99, 101, 102, 104, 108, 109, 110, 111, 112, 116, 117, 118, 119, 123, 124, 125, 132, 133, 134, 135, 139, 140, 141, 142, 145, 150, 157, 158, 159, 160, 161, 162, 163, 166, 179, 189, 190, 194, 199, 202, 205, 206, 209, 220], "summary": {"covered_lines": 75, "num_statements": 114, "percent_covered": 65.78947368421052, "percent_covered_display": "66", "missing_lines": 39, "excluded_lines": 0}, "missing_lines": [28, 49, 50, 51, 52, 53, 54, 55, 56, 57, 58, 59, 74, 75, 76, 77, 78, 79, 80, 81, 82, 83, 103, 105, 126, 127, 128, 129, 130, 164, 165, 167, 168, 173, 174, 175, 176, 191, 192], "excluded_lines": [], "functions": {"_candidate_paths": {"executed_lines": [25, 26, 27, 29, 39], "summary": {"covered_lines": 5, "num_statements": 6, "percent_covered": 83.33333333333333, "percent_covered_display": "83", "missing_lines": 1, "excluded_lines": 0}, "missing_lines": [28], "excluded_lines": []}, "_load_options_json": {"executed_lines": [48, 60, 61], "summary": {"covered_lines": 3, "num_statements": 14, "percent_covered": 21.428571428571427, "percent_covered_display": "21", "missing_lines": 11, "excluded_lines": 0}, "missing_lines": [49, 50, 51, 52, 53, 54, 55, 56, 57, 58, 59], "excluded_lines": []}, "_load_yaml_cfg": {"executed_lines": [71, 72, 73, 85, 86, 88, 89], "summary": {"covered_lines": 7, "num_statements": 17, "percent_covered": 41.1764705882353, "percent_covered_display": "41", "missing_lines": 10, "excluded_lines": 0}, "missing_lines": [74, 75, 76, 77, 78, 79, 80, 81, 82, 83], "excluded_lines": []}, "load_config": {"executed_lines": [98, 99, 101, 102, 104, 108, 116, 117, 118, 119, 123, 132, 133, 134, 135, 139, 140, 141, 142, 145, 150, 157, 158, 159, 160, 161, 162, 163, 166, 179, 189, 190, 194, 199], "summary": {"covered_lines": 34, "num_statements": 46, "percent_covered": 73.91304347826087, "percent_covered_display": "74", "missing_lines": 12, "excluded_lines": 0}, "missing_lines": [103, 105, 164, 165, 167, 168, 173, 174, 175, 176, 191, 192], "excluded_lines": []}, "load_config._first": {"executed_lines": [109, 110, 111, 112], "summary": {"covered_lines": 4, "num_statements": 4, "percent_covered": 100.0, "percent_covered_display": "100", "missing_lines": 0, "excluded_lines": 0}, "missing_lines": [], "excluded_lines": []}, "load_config._as_int": {"executed_lines": [124, 125], "summary": {"covered_lines": 2, "num_statements": 7, "percent_covered": 28.571428571428573, "percent_covered_display": "29", "missing_lines": 5, "excluded_lines": 0}, "missing_lines": [126, 127, 128, 129, 130], "excluded_lines": []}, "init_config": {"executed_lines": [205, 206], "summary": {"covered_lines": 2, "num_statements": 2, "percent_covered": 100.0, "percent_covered_display": "100", "missing_lines": 0, "excluded_lines": 0}, "missing_lines": [], "excluded_lines": []}, "": {"executed_lines": [1, 3, 4, 5, 6, 7, 9, 11, 13, 16, 17, 20, 42, 64, 92, 202, 209, 220], "summary": {"covered_lines": 18, "num_statements": 18, "percent_covered": 100.0, "percent_covered_display": "100", "missing_lines": 0, "excluded_lines": 0}, "missing_lines": [], "excluded_lines": []}}, "classes": {"": {"executed_lines": [1, 3, 4, 5, 6, 7, 9, 11, 13, 16, 17, 20, 25, 26, 27, 29, 39, 42, 48, 60, 61, 64, 71, 72, 73, 85, 86, 88, 89, 92, 98, 99, 101, 102, 104, 108, 109, 110, 111, 112, 116, 117, 118, 119, 123, 124, 125, 132, 133, 134, 135, 139, 140, 141, 142, 145, 150, 157, 158, 159, 160, 161, 162, 163, 166, 179, 189, 190, 194, 199, 202, 205, 206, 209, 220], "summary": {"covered_lines": 75, "num_statements": 114, "percent_covered": 65.78947368421052, "percent_covered_display": "66", "missing_lines": 39, "excluded_lines": 0}, "missing_lines": [28, 49, 50, 51, 52, 53, 54, 55, 56, 57, 58, 59, 74, 75, 76, 77, 78, 79, 80, 81, 82, 83, 103, 105, 126, 127, 128, 129, 130, 164, 165, 167, 168, 173, 174, 175, 176, 191, 192], "excluded_lines": []}}}, "addon/bb8_core/auto_detect.py": {"executed_lines": [1, 3, 4, 5, 6, 7, 8, 9, 10, 11, 13, 14, 15, 17, 23, 24, 26, 27, 28, 30, 41, 42, 48, 52, 56, 75, 87, 94, 118, 152, 176, 191, 208, 227, 228, 243], "summary": {"covered_lines": 36, "num_statements": 173, "percent_covered": 20.809248554913296, "percent_covered_display": "21", "missing_lines": 137, "excluded_lines": 0}, "missing_lines": [43, 44, 45, 49, 53, 57, 58, 59, 60, 61, 62, 63, 64, 65, 66, 67, 68, 71, 72, 76, 82, 83, 84, 88, 89, 90, 91, 95, 96, 97, 98, 99, 100, 109, 110, 111, 112, 114, 115, 124, 125, 126, 127, 128, 129, 130, 131, 132, 133, 134, 135, 136, 137, 138, 139, 145, 146, 147, 148, 149, 153, 154, 155, 156, 157, 158, 164, 165, 166, 167, 168, 169, 170, 171, 172, 173, 177, 178, 179, 180, 181, 182, 183, 192, 193, 194, 195, 196, 197, 198, 199, 200, 201, 202, 203, 204, 205, 209, 210, 211, 212, 213, 214, 215, 216, 217, 218, 219, 220, 221, 222, 223, 236, 237, 238, 239, 240, 244, 251, 252, 253, 254, 255, 256, 258, 259, 260, 261, 262, 263, 264, 265, 266, 267, 268, 269, 270], "excluded_lines": [], "functions": {"Candidate.__init__": {"executed_lines": [], "summary": {"covered_lines": 0, "num_statements": 3, "percent_covered": 0.0, "percent_covered_display": "0", "missing_lines": 3, "excluded_lines": 0}, "missing_lines": [43, 44, 45], "excluded_lines": []}, "_valid_mac": {"executed_lines": [], "summary": {"covered_lines": 0, "num_statements": 1, "percent_covered": 0.0, "percent_covered_display": "0", "missing_lines": 1, "excluded_lines": 0}, "missing_lines": [49], "excluded_lines": []}, "_now": {"executed_lines": [], "summary": {"covered_lines": 0, "num_statements": 1, "percent_covered": 0.0, "percent_covered_display": "0", "missing_lines": 1, "excluded_lines": 0}, "missing_lines": [53], "excluded_lines": []}, "load_cache": {"executed_lines": [], "summary": {"covered_lines": 0, "num_statements": 14, "percent_covered": 0.0, "percent_covered_display": "0", "missing_lines": 14, "excluded_lines": 0}, "missing_lines": [57, 58, 59, 60, 61, 62, 63, 64, 65, 66, 67, 68, 71, 72], "excluded_lines": []}, "save_cache": {"executed_lines": [], "summary": {"covered_lines": 0, "num_statements": 4, "percent_covered": 0.0, "percent_covered_display": "0", "missing_lines": 4, "excluded_lines": 0}, "missing_lines": [76, 82, 83, 84], "excluded_lines": []}, "is_probable_bb8": {"executed_lines": [], "summary": {"covered_lines": 0, "num_statements": 4, "percent_covered": 0.0, "percent_covered_display": "0", "missing_lines": 4, "excluded_lines": 0}, "missing_lines": [88, 89, 90, 91], "excluded_lines": []}, "async_scan_for_bb8": {"executed_lines": [], "summary": {"covered_lines": 0, "num_statements": 9, "percent_covered": 0.0, "percent_covered_display": "0", "missing_lines": 9, "excluded_lines": 0}, "missing_lines": [95, 96, 97, 98, 99, 100, 109, 114, 115], "excluded_lines": []}, "async_scan_for_bb8.score": {"executed_lines": [], "summary": {"covered_lines": 0, "num_statements": 3, "percent_covered": 0.0, "percent_covered_display": "0", "missing_lines": 3, "excluded_lines": 0}, "missing_lines": [110, 111, 112], "excluded_lines": []}, "resolve_bb8_mac": {"executed_lines": [], "summary": {"covered_lines": 0, "num_statements": 21, "percent_covered": 0.0, "percent_covered_display": "0", "missing_lines": 21, "excluded_lines": 0}, "missing_lines": [124, 125, 126, 127, 128, 129, 130, 131, 132, 133, 134, 135, 136, 137, 138, 139, 145, 146, 147, 148, 149], "excluded_lines": []}, "load_mac_from_cache": {"executed_lines": [], "summary": {"covered_lines": 0, "num_statements": 16, "percent_covered": 0.0, "percent_covered_display": "0", "missing_lines": 16, "excluded_lines": 0}, "missing_lines": [153, 154, 155, 156, 157, 158, 164, 165, 166, 167, 168, 169, 170, 171, 172, 173], "excluded_lines": []}, "save_mac_to_cache": {"executed_lines": [], "summary": {"covered_lines": 0, "num_statements": 7, "percent_covered": 0.0, "percent_covered_display": "0", "missing_lines": 7, "excluded_lines": 0}, "missing_lines": [177, 178, 179, 180, 181, 182, 183], "excluded_lines": []}, "scan_for_bb8": {"executed_lines": [], "summary": {"covered_lines": 0, "num_statements": 14, "percent_covered": 0.0, "percent_covered_display": "0", "missing_lines": 14, "excluded_lines": 0}, "missing_lines": [192, 193, 194, 195, 196, 197, 198, 199, 200, 201, 202, 203, 204, 205], "excluded_lines": []}, "pick_bb8_mac": {"executed_lines": [], "summary": {"covered_lines": 0, "num_statements": 15, "percent_covered": 0.0, "percent_covered_display": "0", "missing_lines": 15, "excluded_lines": 0}, "missing_lines": [209, 210, 211, 212, 213, 214, 215, 216, 217, 218, 219, 220, 221, 222, 223], "excluded_lines": []}, "Options.__init__": {"executed_lines": [], "summary": {"covered_lines": 0, "num_statements": 5, "percent_covered": 0.0, "percent_covered_display": "0", "missing_lines": 5, "excluded_lines": 0}, "missing_lines": [236, 237, 238, 239, 240], "excluded_lines": []}, "connect_bb8": {"executed_lines": [], "summary": {"covered_lines": 0, "num_statements": 15, "percent_covered": 0.0, "percent_covered_display": "0", "missing_lines": 15, "excluded_lines": 0}, "missing_lines": [244, 251, 258, 259, 260, 261, 262, 263, 264, 265, 266, 267, 268, 269, 270], "excluded_lines": []}, "connect_bb8._try": {"executed_lines": [], "summary": {"covered_lines": 0, "num_statements": 5, "percent_covered": 0.0, "percent_covered_display": "0", "missing_lines": 5, "excluded_lines": 0}, "missing_lines": [252, 253, 254, 255, 256], "excluded_lines": []}, "": {"executed_lines": [1, 3, 4, 5, 6, 7, 8, 9, 10, 11, 13, 14, 15, 17, 23, 24, 26, 27, 28, 30, 41, 42, 48, 52, 56, 75, 87, 94, 118, 152, 176, 191, 208, 227, 228, 243], "summary": {"covered_lines": 36, "num_statements": 36, "percent_covered": 100.0, "percent_covered_display": "100", "missing_lines": 0, "excluded_lines": 0}, "missing_lines": [], "excluded_lines": []}}, "classes": {"Candidate": {"executed_lines": [], "summary": {"covered_lines": 0, "num_statements": 3, "percent_covered": 0.0, "percent_covered_display": "0", "missing_lines": 3, "excluded_lines": 0}, "missing_lines": [43, 44, 45], "excluded_lines": []}, "Options": {"executed_lines": [], "summary": {"covered_lines": 0, "num_statements": 5, "percent_covered": 0.0, "percent_covered_display": "0", "missing_lines": 5, "excluded_lines": 0}, "missing_lines": [236, 237, 238, 239, 240], "excluded_lines": []}, "": {"executed_lines": [1, 3, 4, 5, 6, 7, 8, 9, 10, 11, 13, 14, 15, 17, 23, 24, 26, 27, 28, 30, 41, 42, 48, 52, 56, 75, 87, 94, 118, 152, 176, 191, 208, 227, 228, 243], "summary": {"covered_lines": 36, "num_statements": 165, "percent_covered": 21.818181818181817, "percent_covered_display": "22", "missing_lines": 129, "excluded_lines": 0}, "missing_lines": [49, 53, 57, 58, 59, 60, 61, 62, 63, 64, 65, 66, 67, 68, 71, 72, 76, 82, 83, 84, 88, 89, 90, 91, 95, 96, 97, 98, 99, 100, 109, 110, 111, 112, 114, 115, 124, 125, 126, 127, 128, 129, 130, 131, 132, 133, 134, 135, 136, 137, 138, 139, 145, 146, 147, 148, 149, 153, 154, 155, 156, 157, 158, 164, 165, 166, 167, 168, 169, 170, 171, 172, 173, 177, 178, 179, 180, 181, 182, 183, 192, 193, 194, 195, 196, 197, 198, 199, 200, 201, 202, 203, 204, 205, 209, 210, 211, 212, 213, 214, 215, 216, 217, 218, 219, 220, 221, 222, 223, 244, 251, 252, 253, 254, 255, 256, 258, 259, 260, 261, 262, 263, 264, 265, 266, 267, 268, 269, 270], "excluded_lines": []}}}, "addon/bb8_core/bb8_presence_scanner.py": {"executed_lines": [1, 3, 4, 5, 6, 7, 8, 9, 10, 11, 13, 14, 15, 17, 20, 21, 22, 23, 26, 27, 28, 29, 30, 35, 36, 46, 53, 54, 55, 70, 85, 86, 92, 94, 95, 101, 104, 106, 128, 131, 132, 146, 149, 152, 217, 223, 226, 230, 233, 338, 346, 350, 353, 354, 355, 356, 357, 363, 369, 375, 376, 379, 380, 383, 391, 499, 503, 618, 619, 622, 625, 628, 631, 634, 637, 640, 643, 646, 649, 653, 654, 655, 657, 660, 663, 666, 669, 672, 675, 678, 681, 685, 687, 688, 690, 696, 702, 703, 704, 707, 712, 714, 719, 720, 721, 723, 724, 725, 728, 729, 730, 731, 732, 733, 736, 737, 738, 739, 742, 743, 744, 745, 748, 788, 796, 846, 867, 883, 901, 919, 935, 941, 956, 982, 1042], "summary": {"covered_lines": 134, "num_statements": 438, "percent_covered": 30.59360730593607, "percent_covered_display": "31", "missing_lines": 304, "excluded_lines": 0}, "missing_lines": [31, 32, 107, 118, 119, 125, 153, 154, 156, 157, 158, 159, 160, 161, 162, 163, 164, 171, 173, 174, 175, 176, 177, 178, 184, 186, 187, 188, 189, 190, 196, 198, 199, 200, 202, 203, 205, 206, 207, 208, 209, 211, 212, 213, 214, 224, 239, 248, 249, 250, 261, 264, 272, 280, 287, 295, 307, 315, 327, 334, 343, 347, 384, 385, 396, 397, 398, 399, 400, 401, 402, 403, 405, 406, 407, 408, 409, 410, 413, 415, 416, 425, 428, 429, 431, 432, 441, 450, 456, 462, 465, 466, 472, 473, 480, 487, 489, 490, 492, 504, 505, 512, 515, 521, 526, 532, 537, 542, 545, 548, 551, 554, 558, 559, 560, 561, 563, 564, 566, 567, 573, 575, 578, 582, 584, 586, 587, 588, 594, 595, 596, 602, 603, 604, 606, 608, 610, 611, 623, 626, 629, 632, 635, 638, 641, 644, 647, 650, 658, 661, 664, 667, 670, 673, 676, 679, 682, 691, 692, 693, 713, 749, 751, 770, 771, 772, 773, 774, 775, 777, 778, 779, 780, 781, 782, 789, 790, 791, 792, 793, 803, 804, 805, 806, 807, 808, 809, 810, 812, 813, 815, 816, 817, 818, 819, 820, 821, 824, 825, 826, 827, 828, 831, 832, 833, 834, 835, 836, 837, 838, 839, 840, 847, 848, 849, 850, 851, 852, 853, 854, 855, 856, 857, 858, 859, 860, 861, 862, 864, 868, 869, 870, 871, 872, 873, 874, 884, 885, 886, 887, 888, 889, 890, 891, 892, 893, 894, 895, 896, 897, 898, 902, 903, 904, 905, 906, 907, 908, 909, 910, 911, 912, 913, 914, 915, 916, 920, 921, 922, 923, 924, 925, 926, 945, 946, 947, 948, 949, 950, 953, 962, 963, 964, 965, 994, 995, 996, 997, 998, 999, 1004, 1014, 1024, 1030, 1036, 1043, 1044, 1045, 1046, 1047, 1059, 1060, 1061, 1062], "excluded_lines": [], "functions": {"read_version_or_default": {"executed_lines": [27, 28, 29, 30], "summary": {"covered_lines": 4, "num_statements": 6, "percent_covered": 66.66666666666667, "percent_covered_display": "67", "missing_lines": 2, "excluded_lines": 0}, "missing_lines": [31, 32], "excluded_lines": []}, "_device_block": {"executed_lines": [36], "summary": {"covered_lines": 1, "num_statements": 1, "percent_covered": 100.0, "percent_covered_display": "100", "missing_lines": 0, "excluded_lines": 0}, "missing_lines": [], "excluded_lines": []}, "publish_discovery": {"executed_lines": [53, 54, 55, 70, 85, 86, 92, 94, 95, 101, 104, 106], "summary": {"covered_lines": 12, "num_statements": 16, "percent_covered": 75.0, "percent_covered_display": "75", "missing_lines": 4, "excluded_lines": 0}, "missing_lines": [107, 118, 119, 125], "excluded_lines": []}, "log_config": {"executed_lines": [132, 146], "summary": {"covered_lines": 2, "num_statements": 2, "percent_covered": 100.0, "percent_covered_display": "100", "missing_lines": 0, "excluded_lines": 0}, "missing_lines": [], "excluded_lines": []}, "_cb_led_set": {"executed_lines": [], "summary": {"covered_lines": 0, "num_statements": 39, "percent_covered": 0.0, "percent_covered_display": "0", "missing_lines": 39, "excluded_lines": 0}, "missing_lines": [153, 154, 156, 157, 158, 159, 160, 161, 162, 163, 164, 171, 173, 174, 175, 176, 177, 178, 184, 186, 187, 188, 189, 190, 196, 198, 199, 200, 202, 203, 205, 206, 207, 208, 209, 211, 212, 213, 214], "excluded_lines": []}, "ensure_discovery_initialized": {"executed_lines": [223, 226], "summary": {"covered_lines": 2, "num_statements": 3, "percent_covered": 66.66666666666667, "percent_covered_display": "67", "missing_lines": 1, "excluded_lines": 0}, "missing_lines": [224], "excluded_lines": []}, "publish_extended_discovery": {"executed_lines": [], "summary": {"covered_lines": 0, "num_statements": 14, "percent_covered": 0.0, "percent_covered_display": "0", "missing_lines": 14, "excluded_lines": 0}, "missing_lines": [239, 248, 249, 250, 261, 264, 272, 280, 287, 295, 307, 315, 327, 334], "excluded_lines": []}, "make_device_id": {"executed_lines": [], "summary": {"covered_lines": 0, "num_statements": 1, "percent_covered": 0.0, "percent_covered_display": "0", "missing_lines": 1, "excluded_lines": 0}, "missing_lines": [343], "excluded_lines": []}, "make_base": {"executed_lines": [], "summary": {"covered_lines": 0, "num_statements": 1, "percent_covered": 0.0, "percent_covered_display": "0", "missing_lines": 1, "excluded_lines": 0}, "missing_lines": [347], "excluded_lines": []}, "_connect_mqtt": {"executed_lines": [], "summary": {"covered_lines": 0, "num_statements": 2, "percent_covered": 0.0, "percent_covered_display": "0", "missing_lines": 2, "excluded_lines": 0}, "missing_lines": [384, 385], "excluded_lines": []}, "scan_and_publish": {"executed_lines": [], "summary": {"covered_lines": 0, "num_statements": 35, "percent_covered": 0.0, "percent_covered_display": "0", "missing_lines": 35, "excluded_lines": 0}, "missing_lines": [396, 397, 398, 399, 400, 401, 402, 403, 405, 406, 407, 408, 409, 410, 413, 415, 416, 425, 428, 429, 431, 432, 441, 450, 456, 462, 465, 466, 472, 473, 480, 487, 489, 490, 492], "excluded_lines": []}, "_once": {"executed_lines": [], "summary": {"covered_lines": 0, "num_statements": 9, "percent_covered": 0.0, "percent_covered_display": "0", "missing_lines": 9, "excluded_lines": 0}, "missing_lines": [587, 588, 594, 595, 596, 602, 603, 604, 606], "excluded_lines": []}, "_NullBridge.connect": {"executed_lines": [], "summary": {"covered_lines": 0, "num_statements": 1, "percent_covered": 0.0, "percent_covered_display": "0", "missing_lines": 1, "excluded_lines": 0}, "missing_lines": [623], "excluded_lines": []}, "_NullBridge.sleep": {"executed_lines": [], "summary": {"covered_lines": 0, "num_statements": 1, "percent_covered": 0.0, "percent_covered_display": "0", "missing_lines": 1, "excluded_lines": 0}, "missing_lines": [626], "excluded_lines": []}, "_NullBridge.stop": {"executed_lines": [], "summary": {"covered_lines": 0, "num_statements": 1, "percent_covered": 0.0, "percent_covered_display": "0", "missing_lines": 1, "excluded_lines": 0}, "missing_lines": [629], "excluded_lines": []}, "_NullBridge.set_led_off": {"executed_lines": [], "summary": {"covered_lines": 0, "num_statements": 1, "percent_covered": 0.0, "percent_covered_display": "0", "missing_lines": 1, "excluded_lines": 0}, "missing_lines": [632], "excluded_lines": []}, "_NullBridge.set_led_rgb": {"executed_lines": [], "summary": {"covered_lines": 0, "num_statements": 1, "percent_covered": 0.0, "percent_covered_display": "0", "missing_lines": 1, "excluded_lines": 0}, "missing_lines": [635], "excluded_lines": []}, "_NullBridge.set_heading": {"executed_lines": [], "summary": {"covered_lines": 0, "num_statements": 1, "percent_covered": 0.0, "percent_covered_display": "0", "missing_lines": 1, "excluded_lines": 0}, "missing_lines": [638], "excluded_lines": []}, "_NullBridge.set_speed": {"executed_lines": [], "summary": {"covered_lines": 0, "num_statements": 1, "percent_covered": 0.0, "percent_covered_display": "0", "missing_lines": 1, "excluded_lines": 0}, "missing_lines": [641], "excluded_lines": []}, "_NullBridge.drive": {"executed_lines": [], "summary": {"covered_lines": 0, "num_statements": 1, "percent_covered": 0.0, "percent_covered_display": "0", "missing_lines": 1, "excluded_lines": 0}, "missing_lines": [644], "excluded_lines": []}, "_NullBridge.is_connected": {"executed_lines": [], "summary": {"covered_lines": 0, "num_statements": 1, "percent_covered": 0.0, "percent_covered_display": "0", "missing_lines": 1, "excluded_lines": 0}, "missing_lines": [647], "excluded_lines": []}, "_NullBridge.get_rssi": {"executed_lines": [], "summary": {"covered_lines": 0, "num_statements": 1, "percent_covered": 0.0, "percent_covered_display": "0", "missing_lines": 1, "excluded_lines": 0}, "missing_lines": [650], "excluded_lines": []}, "_NullFacade.power": {"executed_lines": [], "summary": {"covered_lines": 0, "num_statements": 1, "percent_covered": 0.0, "percent_covered_display": "0", "missing_lines": 1, "excluded_lines": 0}, "missing_lines": [658], "excluded_lines": []}, "_NullFacade.stop": {"executed_lines": [], "summary": {"covered_lines": 0, "num_statements": 1, "percent_covered": 0.0, "percent_covered_display": "0", "missing_lines": 1, "excluded_lines": 0}, "missing_lines": [661], "excluded_lines": []}, "_NullFacade.set_led_off": {"executed_lines": [], "summary": {"covered_lines": 0, "num_statements": 1, "percent_covered": 0.0, "percent_covered_display": "0", "missing_lines": 1, "excluded_lines": 0}, "missing_lines": [664], "excluded_lines": []}, "_NullFacade.set_led_rgb": {"executed_lines": [], "summary": {"covered_lines": 0, "num_statements": 1, "percent_covered": 0.0, "percent_covered_display": "0", "missing_lines": 1, "excluded_lines": 0}, "missing_lines": [667], "excluded_lines": []}, "_NullFacade.set_heading": {"executed_lines": [], "summary": {"covered_lines": 0, "num_statements": 1, "percent_covered": 0.0, "percent_covered_display": "0", "missing_lines": 1, "excluded_lines": 0}, "missing_lines": [670], "excluded_lines": []}, "_NullFacade.set_speed": {"executed_lines": [], "summary": {"covered_lines": 0, "num_statements": 1, "percent_covered": 0.0, "percent_covered_display": "0", "missing_lines": 1, "excluded_lines": 0}, "missing_lines": [673], "excluded_lines": []}, "_NullFacade.drive": {"executed_lines": [], "summary": {"covered_lines": 0, "num_statements": 1, "percent_covered": 0.0, "percent_covered_display": "0", "missing_lines": 1, "excluded_lines": 0}, "missing_lines": [676], "excluded_lines": []}, "_NullFacade.is_connected": {"executed_lines": [], "summary": {"covered_lines": 0, "num_statements": 1, "percent_covered": 0.0, "percent_covered_display": "0", "missing_lines": 1, "excluded_lines": 0}, "missing_lines": [679], "excluded_lines": []}, "_NullFacade.get_rssi": {"executed_lines": [], "summary": {"covered_lines": 0, "num_statements": 1, "percent_covered": 0.0, "percent_covered_display": "0", "missing_lines": 1, "excluded_lines": 0}, "missing_lines": [682], "excluded_lines": []}, "_load_facade": {"executed_lines": [687, 688, 690], "summary": {"covered_lines": 3, "num_statements": 6, "percent_covered": 50.0, "percent_covered_display": "50", "missing_lines": 3, "excluded_lines": 0}, "missing_lines": [691, 692, 693], "excluded_lines": []}, "_on_connect": {"executed_lines": [], "summary": {"covered_lines": 0, "num_statements": 14, "percent_covered": 0.0, "percent_covered_display": "0", "missing_lines": 14, "excluded_lines": 0}, "missing_lines": [749, 751, 770, 771, 772, 773, 774, 775, 777, 778, 779, 780, 781, 782], "excluded_lines": []}, "_clamp": {"executed_lines": [], "summary": {"covered_lines": 0, "num_statements": 5, "percent_covered": 0.0, "percent_covered_display": "0", "missing_lines": 5, "excluded_lines": 0}, "missing_lines": [789, 790, 791, 792, 793], "excluded_lines": []}, "_parse_led_payload": {"executed_lines": [], "summary": {"covered_lines": 0, "num_statements": 32, "percent_covered": 0.0, "percent_covered_display": "0", "missing_lines": 32, "excluded_lines": 0}, "missing_lines": [803, 804, 805, 806, 807, 808, 809, 810, 812, 813, 815, 816, 817, 818, 819, 820, 821, 824, 825, 826, 827, 828, 831, 832, 833, 834, 835, 836, 837, 838, 839, 840], "excluded_lines": []}, "_cb_power_set": {"executed_lines": [], "summary": {"covered_lines": 0, "num_statements": 17, "percent_covered": 0.0, "percent_covered_display": "0", "missing_lines": 17, "excluded_lines": 0}, "missing_lines": [847, 848, 849, 850, 851, 852, 853, 854, 855, 856, 857, 858, 859, 860, 861, 862, 864], "excluded_lines": []}, "_cb_stop_press": {"executed_lines": [], "summary": {"covered_lines": 0, "num_statements": 7, "percent_covered": 0.0, "percent_covered_display": "0", "missing_lines": 7, "excluded_lines": 0}, "missing_lines": [868, 869, 870, 871, 872, 873, 874], "excluded_lines": []}, "_cb_heading_set": {"executed_lines": [], "summary": {"covered_lines": 0, "num_statements": 15, "percent_covered": 0.0, "percent_covered_display": "0", "missing_lines": 15, "excluded_lines": 0}, "missing_lines": [884, 885, 886, 887, 888, 889, 890, 891, 892, 893, 894, 895, 896, 897, 898], "excluded_lines": []}, "_cb_speed_set": {"executed_lines": [], "summary": {"covered_lines": 0, "num_statements": 15, "percent_covered": 0.0, "percent_covered_display": "0", "missing_lines": 15, "excluded_lines": 0}, "missing_lines": [902, 903, 904, 905, 906, 907, 908, 909, 910, 911, 912, 913, 914, 915, 916], "excluded_lines": []}, "_cb_drive_press": {"executed_lines": [], "summary": {"covered_lines": 0, "num_statements": 7, "percent_covered": 0.0, "percent_covered_display": "0", "missing_lines": 7, "excluded_lines": 0}, "missing_lines": [920, 921, 922, 923, 924, 925, 926], "excluded_lines": []}, "_extract_mac_and_dbus": {"executed_lines": [], "summary": {"covered_lines": 0, "num_statements": 7, "percent_covered": 0.0, "percent_covered_display": "0", "missing_lines": 7, "excluded_lines": 0}, "missing_lines": [945, 946, 947, 948, 949, 950, 953], "excluded_lines": []}, "build_device_block": {"executed_lines": [], "summary": {"covered_lines": 0, "num_statements": 4, "percent_covered": 0.0, "percent_covered_display": "0", "missing_lines": 4, "excluded_lines": 0}, "missing_lines": [962, 963, 964, 965], "excluded_lines": []}, "publish_discovery_old": {"executed_lines": [], "summary": {"covered_lines": 0, "num_statements": 11, "percent_covered": 0.0, "percent_covered_display": "0", "missing_lines": 11, "excluded_lines": 0}, "missing_lines": [994, 995, 996, 997, 998, 999, 1004, 1014, 1024, 1030, 1036], "excluded_lines": []}, "tick_log": {"executed_lines": [], "summary": {"covered_lines": 0, "num_statements": 9, "percent_covered": 0.0, "percent_covered_display": "0", "missing_lines": 9, "excluded_lines": 0}, "missing_lines": [1043, 1044, 1045, 1046, 1047, 1059, 1060, 1061, 1062], "excluded_lines": []}, "": {"executed_lines": [1, 3, 4, 5, 6, 7, 8, 9, 10, 11, 13, 14, 15, 17, 20, 21, 22, 23, 26, 35, 46, 128, 131, 149, 152, 217, 230, 233, 338, 346, 350, 353, 354, 355, 356, 357, 363, 369, 375, 376, 379, 380, 383, 391, 499, 503, 618, 619, 622, 625, 628, 631, 634, 637, 640, 643, 646, 649, 653, 654, 655, 657, 660, 663, 666, 669, 672, 675, 678, 681, 685, 696, 702, 703, 704, 707, 712, 714, 719, 720, 721, 723, 724, 725, 728, 729, 730, 731, 732, 733, 736, 737, 738, 739, 742, 743, 744, 745, 748, 788, 796, 846, 867, 883, 901, 919, 935, 941, 956, 982, 1042], "summary": {"covered_lines": 110, "num_statements": 141, "percent_covered": 78.01418439716312, "percent_covered_display": "78", "missing_lines": 31, "excluded_lines": 0}, "missing_lines": [504, 505, 512, 515, 521, 526, 532, 537, 542, 545, 548, 551, 554, 558, 559, 560, 561, 563, 564, 566, 567, 573, 575, 578, 582, 584, 586, 608, 610, 611, 713], "excluded_lines": []}}, "classes": {"RgbTD": {"executed_lines": [], "summary": {"covered_lines": 0, "num_statements": 0, "percent_covered": 100.0, "percent_covered_display": "100", "missing_lines": 0, "excluded_lines": 0}, "missing_lines": [], "excluded_lines": []}, "_NullBridge": {"executed_lines": [], "summary": {"covered_lines": 0, "num_statements": 10, "percent_covered": 0.0, "percent_covered_display": "0", "missing_lines": 10, "excluded_lines": 0}, "missing_lines": [623, 626, 629, 632, 635, 638, 641, 644, 647, 650], "excluded_lines": []}, "_NullFacade": {"executed_lines": [], "summary": {"covered_lines": 0, "num_statements": 9, "percent_covered": 0.0, "percent_covered_display": "0", "missing_lines": 9, "excluded_lines": 0}, "missing_lines": [658, 661, 664, 667, 670, 673, 676, 679, 682], "excluded_lines": []}, "": {"executed_lines": [1, 3, 4, 5, 6, 7, 8, 9, 10, 11, 13, 14, 15, 17, 20, 21, 22, 23, 26, 27, 28, 29, 30, 35, 36, 46, 53, 54, 55, 70, 85, 86, 92, 94, 95, 101, 104, 106, 128, 131, 132, 146, 149, 152, 217, 223, 226, 230, 233, 338, 346, 350, 353, 354, 355, 356, 357, 363, 369, 375, 376, 379, 380, 383, 391, 499, 503, 618, 619, 622, 625, 628, 631, 634, 637, 640, 643, 646, 649, 653, 654, 655, 657, 660, 663, 666, 669, 672, 675, 678, 681, 685, 687, 688, 690, 696, 702, 703, 704, 707, 712, 714, 719, 720, 721, 723, 724, 725, 728, 729, 730, 731, 732, 733, 736, 737, 738, 739, 742, 743, 744, 745, 748, 788, 796, 846, 867, 883, 901, 919, 935, 941, 956, 982, 1042], "summary": {"covered_lines": 134, "num_statements": 419, "percent_covered": 31.98090692124105, "percent_covered_display": "32", "missing_lines": 285, "excluded_lines": 0}, "missing_lines": [31, 32, 107, 118, 119, 125, 153, 154, 156, 157, 158, 159, 160, 161, 162, 163, 164, 171, 173, 174, 175, 176, 177, 178, 184, 186, 187, 188, 189, 190, 196, 198, 199, 200, 202, 203, 205, 206, 207, 208, 209, 211, 212, 213, 214, 224, 239, 248, 249, 250, 261, 264, 272, 280, 287, 295, 307, 315, 327, 334, 343, 347, 384, 385, 396, 397, 398, 399, 400, 401, 402, 403, 405, 406, 407, 408, 409, 410, 413, 415, 416, 425, 428, 429, 431, 432, 441, 450, 456, 462, 465, 466, 472, 473, 480, 487, 489, 490, 492, 504, 505, 512, 515, 521, 526, 532, 537, 542, 545, 548, 551, 554, 558, 559, 560, 561, 563, 564, 566, 567, 573, 575, 578, 582, 584, 586, 587, 588, 594, 595, 596, 602, 603, 604, 606, 608, 610, 611, 691, 692, 693, 713, 749, 751, 770, 771, 772, 773, 774, 775, 777, 778, 779, 780, 781, 782, 789, 790, 791, 792, 793, 803, 804, 805, 806, 807, 808, 809, 810, 812, 813, 815, 816, 817, 818, 819, 820, 821, 824, 825, 826, 827, 828, 831, 832, 833, 834, 835, 836, 837, 838, 839, 840, 847, 848, 849, 850, 851, 852, 853, 854, 855, 856, 857, 858, 859, 860, 861, 862, 864, 868, 869, 870, 871, 872, 873, 874, 884, 885, 886, 887, 888, 889, 890, 891, 892, 893, 894, 895, 896, 897, 898, 902, 903, 904, 905, 906, 907, 908, 909, 910, 911, 912, 913, 914, 915, 916, 920, 921, 922, 923, 924, 925, 926, 945, 946, 947, 948, 949, 950, 953, 962, 963, 964, 965, 994, 995, 996, 997, 998, 999, 1004, 1014, 1024, 1030, 1036, 1043, 1044, 1045, 1046, 1047, 1059, 1060, 1061, 1062], "excluded_lines": []}}}, "addon/bb8_core/ble_bridge.py": {"executed_lines": [1, 3, 4, 5, 6, 7, 8, 9, 11, 12, 13, 14, 15, 16, 17, 19, 20, 21, 22, 24, 26, 27, 28, 35, 38, 39, 42, 43, 46, 55, 57, 79, 101, 139, 143, 174, 210, 214, 226, 331, 363, 422, 444, 454, 464, 476, 489, 503, 554, 645, 654, 678, 686, 717], "summary": {"covered_lines": 53, "num_statements": 405, "percent_covered": 13.08641975308642, "percent_covered_display": "13", "missing_lines": 352, "excluded_lines": 2}, "missing_lines": [40, 41, 44, 45, 58, 59, 66, 67, 68, 70, 72, 74, 75, 76, 77, 80, 81, 88, 89, 90, 92, 94, 96, 97, 98, 99, 102, 103, 110, 111, 112, 121, 123, 124, 130, 136, 137, 141, 145, 146, 147, 148, 149, 150, 151, 160, 162, 163, 164, 177, 178, 179, 180, 187, 190, 192, 194, 195, 201, 202, 212, 216, 217, 218, 219, 220, 221, 222, 223, 224, 229, 236, 237, 238, 239, 240, 241, 242, 245, 246, 247, 248, 249, 250, 251, 252, 253, 254, 256, 262, 263, 270, 271, 272, 273, 274, 275, 276, 278, 279, 280, 281, 283, 284, 285, 286, 287, 288, 290, 293, 294, 295, 306, 307, 308, 309, 310, 311, 318, 320, 322, 323, 324, 338, 340, 341, 342, 343, 344, 345, 346, 347, 349, 350, 352, 355, 364, 365, 366, 367, 373, 374, 378, 379, 380, 381, 382, 389, 391, 392, 393, 397, 401, 402, 409, 412, 413, 414, 415, 416, 417, 418, 419, 420, 423, 424, 425, 426, 427, 428, 429, 430, 437, 439, 440, 441, 442, 445, 446, 447, 448, 449, 451, 452, 455, 456, 457, 458, 459, 461, 465, 466, 467, 468, 469, 470, 471, 472, 473, 477, 478, 479, 480, 481, 482, 483, 484, 485, 486, 490, 491, 492, 493, 495, 496, 497, 498, 500, 505, 506, 507, 508, 509, 510, 512, 513, 514, 515, 516, 520, 521, 522, 527, 531, 532, 533, 534, 535, 536, 540, 541, 542, 547, 551, 555, 556, 557, 558, 559, 560, 561, 562, 563, 564, 565, 566, 567, 568, 569, 570, 571, 572, 573, 576, 577, 582, 586, 587, 588, 589, 590, 591, 592, 596, 597, 602, 606, 607, 608, 609, 610, 611, 612, 613, 618, 622, 623, 624, 625, 626, 627, 628, 633, 637, 638, 639, 640, 646, 647, 648, 649, 650, 651, 657, 658, 659, 660, 663, 664, 665, 666, 667, 671, 672, 673, 674, 675, 679, 680, 681, 682, 683, 689, 690, 691, 692, 693, 694, 695, 696, 697, 700, 701, 706, 707, 709, 710, 711, 712, 713, 714, 718, 724, 725, 727, 739, 752, 762, 772, 781, 791, 804], "excluded_lines": [35, 36], "functions": {"BLEBridge.set_heading": {"executed_lines": [], "summary": {"covered_lines": 0, "num_statements": 11, "percent_covered": 0.0, "percent_covered_display": "0", "missing_lines": 11, "excluded_lines": 0}, "missing_lines": [58, 59, 66, 67, 68, 70, 72, 74, 75, 76, 77], "excluded_lines": []}, "BLEBridge.set_speed": {"executed_lines": [], "summary": {"covered_lines": 0, "num_statements": 11, "percent_covered": 0.0, "percent_covered_display": "0", "missing_lines": 11, "excluded_lines": 0}, "missing_lines": [80, 81, 88, 89, 90, 92, 94, 96, 97, 98, 99], "excluded_lines": []}, "BLEBridge.drive": {"executed_lines": [], "summary": {"covered_lines": 0, "num_statements": 11, "percent_covered": 0.0, "percent_covered_display": "0", "missing_lines": 11, "excluded_lines": 0}, "missing_lines": [102, 103, 110, 111, 112, 121, 123, 124, 130, 136, 137], "excluded_lines": []}, "BLEBridge.set_led_off": {"executed_lines": [], "summary": {"covered_lines": 0, "num_statements": 1, "percent_covered": 0.0, "percent_covered_display": "0", "missing_lines": 1, "excluded_lines": 0}, "missing_lines": [141], "excluded_lines": []}, "BLEBridge.set_led_rgb": {"executed_lines": [], "summary": {"covered_lines": 0, "num_statements": 11, "percent_covered": 0.0, "percent_covered_display": "0", "missing_lines": 11, "excluded_lines": 0}, "missing_lines": [145, 146, 147, 148, 149, 150, 151, 160, 162, 163, 164], "excluded_lines": []}, "BLEBridge.sleep": {"executed_lines": [], "summary": {"covered_lines": 0, "num_statements": 11, "percent_covered": 0.0, "percent_covered_display": "0", "missing_lines": 11, "excluded_lines": 0}, "missing_lines": [177, 178, 179, 180, 187, 190, 192, 194, 195, 201, 202], "excluded_lines": []}, "BLEBridge.is_connected": {"executed_lines": [], "summary": {"covered_lines": 0, "num_statements": 1, "percent_covered": 0.0, "percent_covered_display": "0", "missing_lines": 1, "excluded_lines": 0}, "missing_lines": [212], "excluded_lines": []}, "BLEBridge.get_rssi": {"executed_lines": [], "summary": {"covered_lines": 0, "num_statements": 9, "percent_covered": 0.0, "percent_covered_display": "0", "missing_lines": 9, "excluded_lines": 0}, "missing_lines": [216, 217, 218, 219, 220, 221, 222, 223, 224], "excluded_lines": []}, "BLEBridge.attach_mqtt": {"executed_lines": [], "summary": {"covered_lines": 0, "num_statements": 6, "percent_covered": 0.0, "percent_covered_display": "0", "missing_lines": 6, "excluded_lines": 0}, "missing_lines": [229, 236, 245, 270, 283, 306], "excluded_lines": []}, "BLEBridge.attach_mqtt._pub": {"executed_lines": [], "summary": {"covered_lines": 0, "num_statements": 6, "percent_covered": 0.0, "percent_covered_display": "0", "missing_lines": 6, "excluded_lines": 0}, "missing_lines": [237, 238, 239, 240, 241, 242], "excluded_lines": []}, "BLEBridge.attach_mqtt._handle_power": {"executed_lines": [], "summary": {"covered_lines": 0, "num_statements": 12, "percent_covered": 0.0, "percent_covered_display": "0", "missing_lines": 12, "excluded_lines": 0}, "missing_lines": [246, 247, 248, 249, 250, 251, 252, 253, 254, 256, 262, 263], "excluded_lines": []}, "BLEBridge.attach_mqtt._parse_color": {"executed_lines": [], "summary": {"covered_lines": 0, "num_statements": 10, "percent_covered": 0.0, "percent_covered_display": "0", "missing_lines": 10, "excluded_lines": 0}, "missing_lines": [271, 272, 273, 274, 275, 276, 278, 279, 280, 281], "excluded_lines": []}, "BLEBridge.attach_mqtt._handle_led": {"executed_lines": [], "summary": {"covered_lines": 0, "num_statements": 9, "percent_covered": 0.0, "percent_covered_display": "0", "missing_lines": 9, "excluded_lines": 0}, "missing_lines": [284, 285, 286, 287, 288, 290, 293, 294, 295], "excluded_lines": []}, "BLEBridge.attach_mqtt.handle_stop_command": {"executed_lines": [], "summary": {"covered_lines": 0, "num_statements": 9, "percent_covered": 0.0, "percent_covered_display": "0", "missing_lines": 9, "excluded_lines": 0}, "missing_lines": [307, 308, 309, 310, 311, 318, 322, 323, 324], "excluded_lines": []}, "BLEBridge.attach_mqtt.handle_stop_command._reset": {"executed_lines": [], "summary": {"covered_lines": 0, "num_statements": 1, "percent_covered": 0.0, "percent_covered_display": "0", "missing_lines": 1, "excluded_lines": 0}, "missing_lines": [320], "excluded_lines": []}, "BLEBridge.__init__": {"executed_lines": [], "summary": {"covered_lines": 0, "num_statements": 13, "percent_covered": 0.0, "percent_covered_display": "0", "missing_lines": 13, "excluded_lines": 0}, "missing_lines": [338, 340, 341, 342, 343, 344, 345, 346, 347, 349, 350, 352, 355], "excluded_lines": []}, "BLEBridge.connect_bb8": {"executed_lines": [], "summary": {"covered_lines": 0, "num_statements": 28, "percent_covered": 0.0, "percent_covered_display": "0", "missing_lines": 28, "excluded_lines": 0}, "missing_lines": [364, 365, 366, 367, 373, 374, 378, 379, 380, 381, 382, 389, 391, 392, 393, 397, 401, 402, 409, 412, 413, 414, 415, 416, 417, 418, 419, 420], "excluded_lines": []}, "BLEBridge.connect": {"executed_lines": [], "summary": {"covered_lines": 0, "num_statements": 13, "percent_covered": 0.0, "percent_covered_display": "0", "missing_lines": 13, "excluded_lines": 0}, "missing_lines": [423, 424, 425, 426, 427, 428, 429, 430, 437, 439, 440, 441, 442], "excluded_lines": []}, "BLEBridge.diagnostics": {"executed_lines": [], "summary": {"covered_lines": 0, "num_statements": 7, "percent_covered": 0.0, "percent_covered_display": "0", "missing_lines": 7, "excluded_lines": 0}, "missing_lines": [445, 446, 447, 448, 449, 451, 452], "excluded_lines": []}, "BLEBridge.shutdown": {"executed_lines": [], "summary": {"covered_lines": 0, "num_statements": 6, "percent_covered": 0.0, "percent_covered_display": "0", "missing_lines": 6, "excluded_lines": 0}, "missing_lines": [455, 456, 457, 458, 459, 461], "excluded_lines": []}, "BLEBridge._with_controller": {"executed_lines": [], "summary": {"covered_lines": 0, "num_statements": 9, "percent_covered": 0.0, "percent_covered_display": "0", "missing_lines": 9, "excluded_lines": 0}, "missing_lines": [465, 466, 467, 468, 469, 470, 471, 472, 473], "excluded_lines": []}, "bb8_find": {"executed_lines": [], "summary": {"covered_lines": 0, "num_statements": 10, "percent_covered": 0.0, "percent_covered_display": "0", "missing_lines": 10, "excluded_lines": 0}, "missing_lines": [477, 478, 479, 480, 481, 482, 483, 484, 485, 486], "excluded_lines": []}, "bb8_power_on_sequence": {"executed_lines": [], "summary": {"covered_lines": 0, "num_statements": 9, "percent_covered": 0.0, "percent_covered_display": "0", "missing_lines": 9, "excluded_lines": 0}, "missing_lines": [490, 491, 492, 493, 495, 496, 497, 498, 500], "excluded_lines": []}, "_power_on_sequence_body": {"executed_lines": [], "summary": {"covered_lines": 0, "num_statements": 26, "percent_covered": 0.0, "percent_covered_display": "0", "missing_lines": 26, "excluded_lines": 0}, "missing_lines": [505, 506, 507, 508, 509, 510, 512, 513, 514, 515, 516, 520, 521, 522, 527, 531, 532, 533, 534, 535, 536, 540, 541, 542, 547, 551], "excluded_lines": []}, "bb8_power_off_sequence": {"executed_lines": [], "summary": {"covered_lines": 0, "num_statements": 53, "percent_covered": 0.0, "percent_covered_display": "0", "missing_lines": 53, "excluded_lines": 0}, "missing_lines": [555, 556, 557, 558, 559, 560, 561, 562, 563, 564, 565, 566, 567, 568, 569, 570, 571, 572, 573, 576, 577, 582, 586, 587, 588, 589, 590, 591, 592, 596, 597, 602, 606, 607, 608, 609, 610, 611, 612, 613, 618, 622, 623, 624, 625, 626, 627, 628, 633, 637, 638, 639, 640], "excluded_lines": []}, "publish_bb8_error": {"executed_lines": [], "summary": {"covered_lines": 0, "num_statements": 6, "percent_covered": 0.0, "percent_covered_display": "0", "missing_lines": 6, "excluded_lines": 0}, "missing_lines": [646, 647, 648, 649, 650, 651], "excluded_lines": []}, "ble_command_with_retry": {"executed_lines": [], "summary": {"covered_lines": 0, "num_statements": 14, "percent_covered": 0.0, "percent_covered_display": "0", "missing_lines": 14, "excluded_lines": 0}, "missing_lines": [657, 658, 659, 660, 663, 664, 665, 666, 667, 671, 672, 673, 674, 675], "excluded_lines": []}, "publish_discovery": {"executed_lines": [], "summary": {"covered_lines": 0, "num_statements": 5, "percent_covered": 0.0, "percent_covered_display": "0", "missing_lines": 5, "excluded_lines": 0}, "missing_lines": [679, 680, 681, 682, 683], "excluded_lines": []}, "connect_bb8_with_retry": {"executed_lines": [], "summary": {"covered_lines": 0, "num_statements": 19, "percent_covered": 0.0, "percent_covered_display": "0", "missing_lines": 19, "excluded_lines": 0}, "missing_lines": [689, 690, 691, 692, 693, 694, 695, 696, 697, 700, 701, 706, 707, 709, 710, 711, 712, 713, 714], "excluded_lines": []}, "register_bb8_entities": {"executed_lines": [], "summary": {"covered_lines": 0, "num_statements": 11, "percent_covered": 0.0, "percent_covered_display": "0", "missing_lines": 11, "excluded_lines": 0}, "missing_lines": [718, 724, 725, 727, 739, 752, 762, 772, 781, 791, 804], "excluded_lines": []}, "": {"executed_lines": [1, 3, 4, 5, 6, 7, 8, 9, 11, 12, 13, 14, 15, 16, 17, 19, 20, 21, 22, 24, 26, 27, 28, 35, 38, 39, 42, 43, 46, 55, 57, 79, 101, 139, 143, 174, 210, 214, 226, 331, 363, 422, 444, 454, 464, 476, 489, 503, 554, 645, 654, 678, 686, 717], "summary": {"covered_lines": 53, "num_statements": 57, "percent_covered": 92.98245614035088, "percent_covered_display": "93", "missing_lines": 4, "excluded_lines": 2}, "missing_lines": [40, 41, 44, 45], "excluded_lines": [35, 36]}}, "classes": {"BLEBridge": {"executed_lines": [], "summary": {"covered_lines": 0, "num_statements": 195, "percent_covered": 0.0, "percent_covered_display": "0", "missing_lines": 195, "excluded_lines": 0}, "missing_lines": [58, 59, 66, 67, 68, 70, 72, 74, 75, 76, 77, 80, 81, 88, 89, 90, 92, 94, 96, 97, 98, 99, 102, 103, 110, 111, 112, 121, 123, 124, 130, 136, 137, 141, 145, 146, 147, 148, 149, 150, 151, 160, 162, 163, 164, 177, 178, 179, 180, 187, 190, 192, 194, 195, 201, 202, 212, 216, 217, 218, 219, 220, 221, 222, 223, 224, 229, 236, 237, 238, 239, 240, 241, 242, 245, 246, 247, 248, 249, 250, 251, 252, 253, 254, 256, 262, 263, 270, 271, 272, 273, 274, 275, 276, 278, 279, 280, 281, 283, 284, 285, 286, 287, 288, 290, 293, 294, 295, 306, 307, 308, 309, 310, 311, 318, 320, 322, 323, 324, 338, 340, 341, 342, 343, 344, 345, 346, 347, 349, 350, 352, 355, 364, 365, 366, 367, 373, 374, 378, 379, 380, 381, 382, 389, 391, 392, 393, 397, 401, 402, 409, 412, 413, 414, 415, 416, 417, 418, 419, 420, 423, 424, 425, 426, 427, 428, 429, 430, 437, 439, 440, 441, 442, 445, 446, 447, 448, 449, 451, 452, 455, 456, 457, 458, 459, 461, 465, 466, 467, 468, 469, 470, 471, 472, 473], "excluded_lines": []}, "": {"executed_lines": [1, 3, 4, 5, 6, 7, 8, 9, 11, 12, 13, 14, 15, 16, 17, 19, 20, 21, 22, 24, 26, 27, 28, 35, 38, 39, 42, 43, 46, 55, 57, 79, 101, 139, 143, 174, 210, 214, 226, 331, 363, 422, 444, 454, 464, 476, 489, 503, 554, 645, 654, 678, 686, 717], "summary": {"covered_lines": 53, "num_statements": 210, "percent_covered": 25.238095238095237, "percent_covered_display": "25", "missing_lines": 157, "excluded_lines": 2}, "missing_lines": [40, 41, 44, 45, 477, 478, 479, 480, 481, 482, 483, 484, 485, 486, 490, 491, 492, 493, 495, 496, 497, 498, 500, 505, 506, 507, 508, 509, 510, 512, 513, 514, 515, 516, 520, 521, 522, 527, 531, 532, 533, 534, 535, 536, 540, 541, 542, 547, 551, 555, 556, 557, 558, 559, 560, 561, 562, 563, 564, 565, 566, 567, 568, 569, 570, 571, 572, 573, 576, 577, 582, 586, 587, 588, 589, 590, 591, 592, 596, 597, 602, 606, 607, 608, 609, 610, 611, 612, 613, 618, 622, 623, 624, 625, 626, 627, 628, 633, 637, 638, 639, 640, 646, 647, 648, 649, 650, 651, 657, 658, 659, 660, 663, 664, 665, 666, 667, 671, 672, 673, 674, 675, 679, 680, 681, 682, 683, 689, 690, 691, 692, 693, 694, 695, 696, 697, 700, 701, 706, 707, 709, 710, 711, 712, 713, 714, 718, 724, 725, 727, 739, 752, 762, 772, 781, 791, 804], "excluded_lines": [35, 36]}}}, "addon/bb8_core/ble_gateway.py": {"executed_lines": [1, 8, 10, 11, 15, 18, 26, 30, 31, 53, 57, 93, 104], "summary": {"covered_lines": 12, "num_statements": 46, "percent_covered": 26.08695652173913, "percent_covered_display": "26", "missing_lines": 34, "excluded_lines": 2}, "missing_lines": [20, 21, 23, 27, 32, 33, 34, 35, 38, 45, 54, 55, 58, 59, 60, 63, 64, 65, 71, 72, 73, 81, 88, 91, 94, 95, 102, 105, 106, 107, 113, 114, 115, 116], "excluded_lines": [12, 13], "functions": {"init": {"executed_lines": [], "summary": {"covered_lines": 0, "num_statements": 3, "percent_covered": 0.0, "percent_covered_display": "0", "missing_lines": 3, "excluded_lines": 0}, "missing_lines": [20, 21, 23], "excluded_lines": []}, "initialized": {"executed_lines": [], "summary": {"covered_lines": 0, "num_statements": 1, "percent_covered": 0.0, "percent_covered_display": "0", "missing_lines": 1, "excluded_lines": 0}, "missing_lines": [27], "excluded_lines": []}, "BleGateway.__init__": {"executed_lines": [], "summary": {"covered_lines": 0, "num_statements": 6, "percent_covered": 0.0, "percent_covered_display": "0", "missing_lines": 6, "excluded_lines": 0}, "missing_lines": [32, 33, 34, 35, 38, 45], "excluded_lines": []}, "BleGateway.resolve_adapter": {"executed_lines": [], "summary": {"covered_lines": 0, "num_statements": 2, "percent_covered": 0.0, "percent_covered_display": "0", "missing_lines": 2, "excluded_lines": 0}, "missing_lines": [54, 55], "excluded_lines": []}, "BleGateway.scan": {"executed_lines": [], "summary": {"covered_lines": 0, "num_statements": 12, "percent_covered": 0.0, "percent_covered_display": "0", "missing_lines": 12, "excluded_lines": 0}, "missing_lines": [58, 59, 60, 63, 64, 65, 71, 72, 73, 81, 88, 91], "excluded_lines": []}, "BleGateway.get_connection_status": {"executed_lines": [], "summary": {"covered_lines": 0, "num_statements": 3, "percent_covered": 0.0, "percent_covered_display": "0", "missing_lines": 3, "excluded_lines": 0}, "missing_lines": [94, 95, 102], "excluded_lines": []}, "BleGateway.shutdown": {"executed_lines": [], "summary": {"covered_lines": 0, "num_statements": 7, "percent_covered": 0.0, "percent_covered_display": "0", "missing_lines": 7, "excluded_lines": 0}, "missing_lines": [105, 106, 107, 113, 114, 115, 116], "excluded_lines": []}, "": {"executed_lines": [1, 8, 10, 11, 15, 18, 26, 30, 31, 53, 57, 93, 104], "summary": {"covered_lines": 12, "num_statements": 12, "percent_covered": 100.0, "percent_covered_display": "100", "missing_lines": 0, "excluded_lines": 2}, "missing_lines": [], "excluded_lines": [12, 13]}}, "classes": {"BleGateway": {"executed_lines": [], "summary": {"covered_lines": 0, "num_statements": 30, "percent_covered": 0.0, "percent_covered_display": "0", "missing_lines": 30, "excluded_lines": 0}, "missing_lines": [32, 33, 34, 35, 38, 45, 54, 55, 58, 59, 60, 63, 64, 65, 71, 72, 73, 81, 88, 91, 94, 95, 102, 105, 106, 107, 113, 114, 115, 116], "excluded_lines": []}, "": {"executed_lines": [1, 8, 10, 11, 15, 18, 26, 30, 31, 53, 57, 93, 104], "summary": {"covered_lines": 12, "num_statements": 16, "percent_covered": 75.0, "percent_covered_display": "75", "missing_lines": 4, "excluded_lines": 2}, "missing_lines": [20, 21, 23, 27], "excluded_lines": [12, 13]}}}, "addon/bb8_core/ble_link.py": {"executed_lines": [1, 4, 5, 6, 7, 8, 9, 11, 12, 13, 14, 15, 18, 21, 22, 24, 27, 28, 29, 30, 31, 32, 33, 34, 35, 36, 37, 40, 46, 47, 48, 49, 51, 52, 53, 54, 60, 103, 106, 107, 108, 109, 111, 112, 113, 115, 131, 158, 168, 169, 174, 175, 176, 178, 180, 182, 186, 194, 196, 199], "summary": {"covered_lines": 59, "num_statements": 124, "percent_covered": 47.58064516129032, "percent_covered_display": "48", "missing_lines": 65, "excluded_lines": 0}, "missing_lines": [55, 56, 57, 66, 67, 68, 71, 72, 73, 74, 75, 76, 77, 78, 79, 80, 81, 82, 83, 84, 85, 90, 91, 92, 94, 95, 97, 98, 99, 100, 110, 118, 119, 120, 121, 122, 123, 124, 126, 127, 128, 134, 135, 136, 137, 138, 139, 140, 141, 142, 143, 144, 146, 147, 148, 151, 152, 153, 154, 155, 160, 161, 162, 184, 191], "excluded_lines": [], "functions": {"set_loop": {"executed_lines": [21, 22], "summary": {"covered_lines": 2, "num_statements": 2, "percent_covered": 100.0, "percent_covered_display": "100", "missing_lines": 0, "excluded_lines": 0}, "missing_lines": [], "excluded_lines": []}, "start_loop_thread": {"executed_lines": [27, 28, 29, 35, 36, 37], "summary": {"covered_lines": 6, "num_statements": 6, "percent_covered": 100.0, "percent_covered_display": "100", "missing_lines": 0, "excluded_lines": 0}, "missing_lines": [], "excluded_lines": []}, "start_loop_thread._run": {"executed_lines": [30, 31, 32, 33, 34], "summary": {"covered_lines": 5, "num_statements": 5, "percent_covered": 100.0, "percent_covered_display": "100", "missing_lines": 0, "excluded_lines": 0}, "missing_lines": [], "excluded_lines": []}, "_run": {"executed_lines": [46, 47, 48, 49, 51, 52, 53, 54], "summary": {"covered_lines": 8, "num_statements": 11, "percent_covered": 72.72727272727273, "percent_covered_display": "73", "missing_lines": 3, "excluded_lines": 0}, "missing_lines": [55, 56, 57], "excluded_lines": []}, "_cancel_and_drain": {"executed_lines": [], "summary": {"covered_lines": 0, "num_statements": 27, "percent_covered": 0.0, "percent_covered_display": "0", "missing_lines": 27, "excluded_lines": 0}, "missing_lines": [66, 67, 68, 71, 72, 73, 74, 75, 76, 77, 78, 79, 80, 81, 82, 83, 84, 85, 90, 91, 92, 94, 95, 97, 98, 99, 100], "excluded_lines": []}, "start": {"executed_lines": [106, 107, 108, 109, 111, 112, 113], "summary": {"covered_lines": 7, "num_statements": 8, "percent_covered": 87.5, "percent_covered_display": "88", "missing_lines": 1, "excluded_lines": 0}, "missing_lines": [110], "excluded_lines": []}, "stop": {"executed_lines": [], "summary": {"covered_lines": 0, "num_statements": 19, "percent_covered": 0.0, "percent_covered_display": "0", "missing_lines": 19, "excluded_lines": 0}, "missing_lines": [134, 135, 136, 137, 138, 139, 140, 141, 142, 143, 144, 146, 147, 148, 151, 152, 153, 154, 155], "excluded_lines": []}, "run_coro": {"executed_lines": [], "summary": {"covered_lines": 0, "num_statements": 3, "percent_covered": 0.0, "percent_covered_display": "0", "missing_lines": 3, "excluded_lines": 0}, "missing_lines": [160, 161, 162], "excluded_lines": []}, "BLELink.__init__": {"executed_lines": [175, 176], "summary": {"covered_lines": 2, "num_statements": 2, "percent_covered": 100.0, "percent_covered_display": "100", "missing_lines": 0, "excluded_lines": 0}, "missing_lines": [], "excluded_lines": []}, "BLELink.start": {"executed_lines": [180], "summary": {"covered_lines": 1, "num_statements": 1, "percent_covered": 100.0, "percent_covered_display": "100", "missing_lines": 0, "excluded_lines": 0}, "missing_lines": [], "excluded_lines": []}, "BLELink.stop": {"executed_lines": [], "summary": {"covered_lines": 0, "num_statements": 1, "percent_covered": 0.0, "percent_covered_display": "0", "missing_lines": 1, "excluded_lines": 0}, "missing_lines": [184], "excluded_lines": []}, "BLELink.submit": {"executed_lines": [], "summary": {"covered_lines": 0, "num_statements": 1, "percent_covered": 0.0, "percent_covered_display": "0", "missing_lines": 1, "excluded_lines": 0}, "missing_lines": [191], "excluded_lines": []}, "BLELink.set_loop": {"executed_lines": [196], "summary": {"covered_lines": 1, "num_statements": 1, "percent_covered": 100.0, "percent_covered_display": "100", "missing_lines": 0, "excluded_lines": 0}, "missing_lines": [], "excluded_lines": []}, "": {"executed_lines": [1, 4, 5, 6, 7, 8, 9, 11, 12, 13, 14, 15, 18, 24, 40, 60, 103, 115, 131, 158, 168, 169, 174, 178, 182, 186, 194, 199], "summary": {"covered_lines": 27, "num_statements": 27, "percent_covered": 100.0, "percent_covered_display": "100", "missing_lines": 0, "excluded_lines": 0}, "missing_lines": [], "excluded_lines": []}}, "classes": {"BLELink": {"executed_lines": [175, 176, 180, 196], "summary": {"covered_lines": 4, "num_statements": 6, "percent_covered": 66.66666666666667, "percent_covered_display": "67", "missing_lines": 2, "excluded_lines": 0}, "missing_lines": [184, 191], "excluded_lines": []}, "": {"executed_lines": [1, 4, 5, 6, 7, 8, 9, 11, 12, 13, 14, 15, 18, 21, 22, 24, 27, 28, 29, 30, 31, 32, 33, 34, 35, 36, 37, 40, 46, 47, 48, 49, 51, 52, 53, 54, 60, 103, 106, 107, 108, 109, 111, 112, 113, 115, 131, 158, 168, 169, 174, 178, 182, 186, 194, 199], "summary": {"covered_lines": 55, "num_statements": 118, "percent_covered": 46.610169491525426, "percent_covered_display": "47", "missing_lines": 63, "excluded_lines": 0}, "missing_lines": [55, 56, 57, 66, 67, 68, 71, 72, 73, 74, 75, 76, 77, 78, 79, 80, 81, 82, 83, 84, 85, 90, 91, 92, 94, 95, 97, 98, 99, 100, 110, 118, 119, 120, 121, 122, 123, 124, 126, 127, 128, 134, 135, 136, 137, 138, 139, 140, 141, 142, 143, 144, 146, 147, 148, 151, 152, 153, 154, 155, 160, 161, 162], "excluded_lines": []}}}, "addon/bb8_core/ble_utils.py": {"executed_lines": [1, 3, 5, 8], "summary": {"covered_lines": 3, "num_statements": 14, "percent_covered": 21.428571428571427, "percent_covered_display": "21", "missing_lines": 11, "excluded_lines": 2}, "missing_lines": [16, 17, 18, 19, 20, 21, 22, 23, 26, 27, 29], "excluded_lines": [3, 4], "functions": {"resolve_services": {"executed_lines": [], "summary": {"covered_lines": 0, "num_statements": 11, "percent_covered": 0.0, "percent_covered_display": "0", "missing_lines": 11, "excluded_lines": 0}, "missing_lines": [16, 17, 18, 19, 20, 21, 22, 23, 26, 27, 29], "excluded_lines": []}, "": {"executed_lines": [1, 3, 5, 8], "summary": {"covered_lines": 3, "num_statements": 3, "percent_covered": 100.0, "percent_covered_display": "100", "missing_lines": 0, "excluded_lines": 2}, "missing_lines": [], "excluded_lines": [3, 4]}}, "classes": {"": {"executed_lines": [1, 3, 5, 8], "summary": {"covered_lines": 3, "num_statements": 14, "percent_covered": 21.428571428571427, "percent_covered_display": "21", "missing_lines": 11, "excluded_lines": 2}, "missing_lines": [16, 17, 18, 19, 20, 21, 22, 23, 26, 27, 29], "excluded_lines": [3, 4]}}}, "addon/bb8_core/blebridge_handler_surface_check.py": {"executed_lines": [], "summary": {"covered_lines": 0, "num_statements": 8, "percent_covered": 0.0, "percent_covered_display": "0", "missing_lines": 8, "excluded_lines": 0}, "missing_lines": [1, 4, 5, 6, 9, 10, 11, 20], "excluded_lines": [], "functions": {"Gw.resolve_adapter": {"executed_lines": [], "summary": {"covered_lines": 0, "num_statements": 1, "percent_covered": 0.0, "percent_covered_display": "0", "missing_lines": 1, "excluded_lines": 0}, "missing_lines": [6], "excluded_lines": []}, "": {"executed_lines": [], "summary": {"covered_lines": 0, "num_statements": 7, "percent_covered": 0.0, "percent_covered_display": "0", "missing_lines": 7, "excluded_lines": 0}, "missing_lines": [1, 4, 5, 9, 10, 11, 20], "excluded_lines": []}}, "classes": {"Gw": {"executed_lines": [], "summary": {"covered_lines": 0, "num_statements": 1, "percent_covered": 0.0, "percent_covered_display": "0", "missing_lines": 1, "excluded_lines": 0}, "missing_lines": [6], "excluded_lines": []}, "": {"executed_lines": [], "summary": {"covered_lines": 0, "num_statements": 7, "percent_covered": 0.0, "percent_covered_display": "0", "missing_lines": 7, "excluded_lines": 0}, "missing_lines": [1, 4, 5, 9, 10, 11, 20], "excluded_lines": []}}}, "addon/bb8_core/bridge_controller.py": {"executed_lines": [1, 3, 4, 5, 6, 7, 8, 10, 11, 12, 13, 14, 15, 16, 17, 18, 19, 20, 21, 23, 26, 30, 43, 44, 50, 68, 71, 82, 83, 84, 85, 88, 100, 112, 124, 136, 148, 160, 191, 197, 215, 280, 281, 282, 283, 284, 287, 290, 292, 293, 295, 296, 297, 301, 304, 318, 376, 455], "summary": {"covered_lines": 58, "num_statements": 288, "percent_covered": 20.13888888888889, "percent_covered_display": "20", "missing_lines": 230, "excluded_lines": 2}, "missing_lines": [57, 59, 60, 61, 65, 73, 74, 75, 76, 77, 78, 89, 90, 91, 92, 93, 94, 101, 102, 103, 104, 105, 106, 113, 114, 115, 116, 117, 118, 125, 126, 127, 128, 129, 130, 137, 138, 139, 140, 141, 142, 149, 150, 151, 152, 153, 154, 167, 168, 169, 171, 172, 173, 174, 175, 176, 177, 178, 179, 180, 181, 188, 193, 194, 202, 203, 204, 205, 206, 207, 208, 209, 210, 211, 212, 221, 222, 223, 224, 225, 227, 228, 229, 230, 231, 232, 233, 234, 235, 236, 237, 239, 240, 241, 242, 243, 244, 245, 246, 247, 248, 249, 250, 253, 254, 255, 256, 257, 258, 263, 264, 265, 266, 268, 269, 270, 271, 272, 274, 275, 276, 277, 291, 306, 308, 324, 326, 329, 345, 355, 356, 357, 358, 359, 360, 363, 364, 365, 367, 368, 369, 371, 384, 385, 386, 387, 388, 389, 390, 392, 393, 402, 403, 410, 411, 412, 421, 427, 429, 436, 437, 443, 444, 445, 446, 447, 448, 449, 457, 460, 462, 472, 473, 482, 483, 484, 493, 499, 501, 510, 511, 517, 518, 519, 521, 522, 523, 524, 525, 526, 528, 530, 531, 532, 533, 538, 539, 542, 545, 546, 547, 548, 549, 550, 558, 559, 566, 567, 568, 598, 602, 610, 614, 615, 616, 617, 628, 629, 642, 643, 644, 645, 646, 648, 655, 656, 657, 664, 665, 673], "excluded_lines": [259, 260], "functions": {"get_client": {"executed_lines": [], "summary": {"covered_lines": 0, "num_statements": 5, "percent_covered": 0.0, "percent_covered_display": "0", "missing_lines": 5, "excluded_lines": 0}, "missing_lines": [57, 59, 60, 61, 65], "excluded_lines": []}, "_client_or_none": {"executed_lines": [], "summary": {"covered_lines": 0, "num_statements": 6, "percent_covered": 0.0, "percent_covered_display": "0", "missing_lines": 6, "excluded_lines": 0}, "missing_lines": [73, 74, 75, 76, 77, 78], "excluded_lines": []}, "on_power_set": {"executed_lines": [], "summary": {"covered_lines": 0, "num_statements": 6, "percent_covered": 0.0, "percent_covered_display": "0", "missing_lines": 6, "excluded_lines": 0}, "missing_lines": [89, 90, 91, 92, 93, 94], "excluded_lines": []}, "on_stop": {"executed_lines": [], "summary": {"covered_lines": 0, "num_statements": 6, "percent_covered": 0.0, "percent_covered_display": "0", "missing_lines": 6, "excluded_lines": 0}, "missing_lines": [101, 102, 103, 104, 105, 106], "excluded_lines": []}, "on_sleep": {"executed_lines": [], "summary": {"covered_lines": 0, "num_statements": 6, "percent_covered": 0.0, "percent_covered_display": "0", "missing_lines": 6, "excluded_lines": 0}, "missing_lines": [113, 114, 115, 116, 117, 118], "excluded_lines": []}, "on_drive": {"executed_lines": [], "summary": {"covered_lines": 0, "num_statements": 6, "percent_covered": 0.0, "percent_covered_display": "0", "missing_lines": 6, "excluded_lines": 0}, "missing_lines": [125, 126, 127, 128, 129, 130], "excluded_lines": []}, "on_heading": {"executed_lines": [], "summary": {"covered_lines": 0, "num_statements": 6, "percent_covered": 0.0, "percent_covered_display": "0", "missing_lines": 6, "excluded_lines": 0}, "missing_lines": [137, 138, 139, 140, 141, 142], "excluded_lines": []}, "on_speed": {"executed_lines": [], "summary": {"covered_lines": 0, "num_statements": 6, "percent_covered": 0.0, "percent_covered_display": "0", "missing_lines": 6, "excluded_lines": 0}, "missing_lines": [149, 150, 151, 152, 153, 154], "excluded_lines": []}, "_mqtt_publish": {"executed_lines": [], "summary": {"covered_lines": 0, "num_statements": 15, "percent_covered": 0.0, "percent_covered_display": "0", "missing_lines": 15, "excluded_lines": 0}, "missing_lines": [167, 168, 169, 171, 172, 173, 174, 175, 176, 177, 178, 179, 180, 181, 188], "excluded_lines": []}, "on_led_set": {"executed_lines": [], "summary": {"covered_lines": 0, "num_statements": 2, "percent_covered": 0.0, "percent_covered_display": "0", "missing_lines": 2, "excluded_lines": 0}, "missing_lines": [193, 194], "excluded_lines": []}, "_on_led_command": {"executed_lines": [], "summary": {"covered_lines": 0, "num_statements": 11, "percent_covered": 0.0, "percent_covered_display": "0", "missing_lines": 11, "excluded_lines": 0}, "missing_lines": [202, 203, 204, 205, 206, 207, 208, 209, 210, 211, 212], "excluded_lines": []}, "_wire_led_command_handler": {"executed_lines": [], "summary": {"covered_lines": 0, "num_statements": 22, "percent_covered": 0.0, "percent_covered_display": "0", "missing_lines": 22, "excluded_lines": 2}, "missing_lines": [221, 222, 223, 224, 225, 227, 239, 253, 254, 255, 256, 257, 258, 263, 264, 265, 266, 268, 274, 275, 276, 277], "excluded_lines": [259, 260]}, "_wire_led_command_handler._publish_led_state": {"executed_lines": [], "summary": {"covered_lines": 0, "num_statements": 10, "percent_covered": 0.0, "percent_covered_display": "0", "missing_lines": 10, "excluded_lines": 0}, "missing_lines": [228, 229, 230, 231, 232, 233, 234, 235, 236, 237], "excluded_lines": []}, "_wire_led_command_handler._on_led_cmd_text": {"executed_lines": [], "summary": {"covered_lines": 0, "num_statements": 11, "percent_covered": 0.0, "percent_covered_display": "0", "missing_lines": 11, "excluded_lines": 0}, "missing_lines": [240, 241, 242, 243, 244, 245, 246, 247, 248, 249, 250], "excluded_lines": []}, "_wire_led_command_handler._on_msg": {"executed_lines": [], "summary": {"covered_lines": 0, "num_statements": 4, "percent_covered": 0.0, "percent_covered_display": "0", "missing_lines": 4, "excluded_lines": 0}, "missing_lines": [269, 270, 271, 272], "excluded_lines": []}, "_start_ble_loop_thread": {"executed_lines": [281, 282, 283, 284], "summary": {"covered_lines": 4, "num_statements": 4, "percent_covered": 100.0, "percent_covered_display": "100", "missing_lines": 0, "excluded_lines": 0}, "missing_lines": [], "excluded_lines": []}, "_init_ble_once": {"executed_lines": [290, 292, 293, 295, 296, 297], "summary": {"covered_lines": 6, "num_statements": 7, "percent_covered": 85.71428571428571, "percent_covered_display": "86", "missing_lines": 1, "excluded_lines": 0}, "missing_lines": [291], "excluded_lines": []}, "shutdown_ble": {"executed_lines": [], "summary": {"covered_lines": 0, "num_statements": 2, "percent_covered": 0.0, "percent_covered_display": "0", "missing_lines": 2, "excluded_lines": 0}, "missing_lines": [306, 308], "excluded_lines": []}, "_start_dispatcher_compat": {"executed_lines": [], "summary": {"covered_lines": 0, "num_statements": 17, "percent_covered": 0.0, "percent_covered_display": "0", "missing_lines": 17, "excluded_lines": 0}, "missing_lines": [324, 326, 329, 345, 355, 356, 357, 358, 359, 360, 363, 364, 365, 367, 368, 369, 371], "excluded_lines": []}, "start_bridge_controller": {"executed_lines": [], "summary": {"covered_lines": 0, "num_statements": 26, "percent_covered": 0.0, "percent_covered_display": "0", "missing_lines": 26, "excluded_lines": 0}, "missing_lines": [384, 385, 386, 387, 388, 389, 390, 392, 393, 402, 403, 410, 411, 412, 421, 427, 429, 436, 437, 443, 444, 445, 446, 447, 448, 449], "excluded_lines": []}, "_wait_forever": {"executed_lines": [], "summary": {"covered_lines": 0, "num_statements": 62, "percent_covered": 0.0, "percent_covered_display": "0", "missing_lines": 62, "excluded_lines": 0}, "missing_lines": [457, 460, 462, 472, 473, 482, 483, 484, 493, 499, 501, 510, 511, 517, 518, 519, 521, 522, 523, 524, 525, 526, 528, 530, 531, 532, 533, 538, 539, 542, 545, 546, 547, 548, 549, 550, 558, 559, 566, 567, 568, 598, 602, 610, 614, 615, 616, 617, 628, 629, 642, 643, 644, 645, 646, 648, 655, 656, 657, 664, 665, 673], "excluded_lines": []}, "": {"executed_lines": [1, 3, 4, 5, 6, 7, 8, 10, 11, 12, 13, 14, 15, 16, 17, 18, 19, 20, 21, 23, 26, 30, 43, 44, 50, 68, 71, 82, 83, 84, 85, 88, 100, 112, 124, 136, 148, 160, 191, 197, 215, 280, 287, 301, 304, 318, 376, 455], "summary": {"covered_lines": 48, "num_statements": 48, "percent_covered": 100.0, "percent_covered_display": "100", "missing_lines": 0, "excluded_lines": 0}, "missing_lines": [], "excluded_lines": []}}, "classes": {"": {"executed_lines": [1, 3, 4, 5, 6, 7, 8, 10, 11, 12, 13, 14, 15, 16, 17, 18, 19, 20, 21, 23, 26, 30, 43, 44, 50, 68, 71, 82, 83, 84, 85, 88, 100, 112, 124, 136, 148, 160, 191, 197, 215, 280, 281, 282, 283, 284, 287, 290, 292, 293, 295, 296, 297, 301, 304, 318, 376, 455], "summary": {"covered_lines": 58, "num_statements": 288, "percent_covered": 20.13888888888889, "percent_covered_display": "20", "missing_lines": 230, "excluded_lines": 2}, "missing_lines": [57, 59, 60, 61, 65, 73, 74, 75, 76, 77, 78, 89, 90, 91, 92, 93, 94, 101, 102, 103, 104, 105, 106, 113, 114, 115, 116, 117, 118, 125, 126, 127, 128, 129, 130, 137, 138, 139, 140, 141, 142, 149, 150, 151, 152, 153, 154, 167, 168, 169, 171, 172, 173, 174, 175, 176, 177, 178, 179, 180, 181, 188, 193, 194, 202, 203, 204, 205, 206, 207, 208, 209, 210, 211, 212, 221, 222, 223, 224, 225, 227, 228, 229, 230, 231, 232, 233, 234, 235, 236, 237, 239, 240, 241, 242, 243, 244, 245, 246, 247, 248, 249, 250, 253, 254, 255, 256, 257, 258, 263, 264, 265, 266, 268, 269, 270, 271, 272, 274, 275, 276, 277, 291, 306, 308, 324, 326, 329, 345, 355, 356, 357, 358, 359, 360, 363, 364, 365, 367, 368, 369, 371, 384, 385, 386, 387, 388, 389, 390, 392, 393, 402, 403, 410, 411, 412, 421, 427, 429, 436, 437, 443, 444, 445, 446, 447, 448, 449, 457, 460, 462, 472, 473, 482, 483, 484, 493, 499, 501, 510, 511, 517, 518, 519, 521, 522, 523, 524, 525, 526, 528, 530, 531, 532, 533, 538, 539, 542, 545, 546, 547, 548, 549, 550, 558, 559, 566, 567, 568, 598, 602, 610, 614, 615, 616, 617, 628, 629, 642, 643, 644, 645, 646, 648, 655, 656, 657, 664, 665, 673], "excluded_lines": [259, 260]}}}, "addon/bb8_core/check_bridge_broker.py": {"executed_lines": [], "summary": {"covered_lines": 0, "num_statements": 50, "percent_covered": 0.0, "percent_covered_display": "0", "missing_lines": 50, "excluded_lines": 0}, "missing_lines": [2, 3, 4, 5, 6, 7, 9, 11, 16, 17, 18, 19, 20, 21, 22, 23, 24, 25, 26, 27, 28, 31, 32, 33, 34, 36, 37, 39, 40, 41, 42, 43, 44, 45, 47, 48, 49, 50, 51, 52, 53, 54, 55, 56, 58, 59, 60, 61, 64, 65], "excluded_lines": [], "functions": {"read_mqtt_env": {"executed_lines": [], "summary": {"covered_lines": 0, "num_statements": 12, "percent_covered": 0.0, "percent_covered_display": "0", "missing_lines": 12, "excluded_lines": 0}, "missing_lines": [17, 18, 19, 20, 21, 22, 23, 24, 25, 26, 27, 28], "excluded_lines": []}, "main": {"executed_lines": [], "summary": {"covered_lines": 0, "num_statements": 19, "percent_covered": 0.0, "percent_covered_display": "0", "missing_lines": 19, "excluded_lines": 0}, "missing_lines": [32, 33, 34, 36, 39, 47, 48, 49, 50, 51, 52, 53, 54, 55, 56, 58, 59, 60, 61], "excluded_lines": []}, "main.on_connect": {"executed_lines": [], "summary": {"covered_lines": 0, "num_statements": 1, "percent_covered": 0.0, "percent_covered_display": "0", "missing_lines": 1, "excluded_lines": 0}, "missing_lines": [37], "excluded_lines": []}, "main.on_message": {"executed_lines": [], "summary": {"covered_lines": 0, "num_statements": 6, "percent_covered": 0.0, "percent_covered_display": "0", "missing_lines": 6, "excluded_lines": 0}, "missing_lines": [40, 41, 42, 43, 44, 45], "excluded_lines": []}, "": {"executed_lines": [], "summary": {"covered_lines": 0, "num_statements": 12, "percent_covered": 0.0, "percent_covered_display": "0", "missing_lines": 12, "excluded_lines": 0}, "missing_lines": [2, 3, 4, 5, 6, 7, 9, 11, 16, 31, 64, 65], "excluded_lines": []}}, "classes": {"": {"executed_lines": [], "summary": {"covered_lines": 0, "num_statements": 50, "percent_covered": 0.0, "percent_covered_display": "0", "missing_lines": 50, "excluded_lines": 0}, "missing_lines": [2, 3, 4, 5, 6, 7, 9, 11, 16, 17, 18, 19, 20, 21, 22, 23, 24, 25, 26, 27, 28, 31, 32, 33, 34, 36, 37, 39, 40, 41, 42, 43, 44, 45, 47, 48, 49, 50, 51, 52, 53, 54, 55, 56, 58, 59, 60, 61, 64, 65], "excluded_lines": []}}}, "addon/bb8_core/common.py": {"executed_lines": [1, 3, 4, 5, 6, 7, 11, 12, 16, 27, 38, 44, 53, 57, 61, 65, 69, 73, 77, 81, 90, 91], "summary": {"covered_lines": 22, "num_statements": 37, "percent_covered": 59.45945945945946, "percent_covered_display": "59", "missing_lines": 15, "excluded_lines": 0}, "missing_lines": [39, 40, 41, 47, 48, 49, 50, 58, 62, 66, 70, 74, 78, 84, 85], "excluded_lines": [], "functions": {"_mqtt_base": {"executed_lines": [12], "summary": {"covered_lines": 1, "num_statements": 1, "percent_covered": 100.0, "percent_covered_display": "100", "missing_lines": 0, "excluded_lines": 0}, "missing_lines": [], "excluded_lines": []}, "_coerce_raw": {"executed_lines": [], "summary": {"covered_lines": 0, "num_statements": 3, "percent_covered": 0.0, "percent_covered_display": "0", "missing_lines": 3, "excluded_lines": 0}, "missing_lines": [39, 40, 41], "excluded_lines": []}, "publish_device_echo": {"executed_lines": [], "summary": {"covered_lines": 0, "num_statements": 4, "percent_covered": 0.0, "percent_covered_display": "0", "missing_lines": 4, "excluded_lines": 0}, "missing_lines": [47, 48, 49, 50], "excluded_lines": []}, "on_power_set": {"executed_lines": [], "summary": {"covered_lines": 0, "num_statements": 1, "percent_covered": 0.0, "percent_covered_display": "0", "missing_lines": 1, "excluded_lines": 0}, "missing_lines": [58], "excluded_lines": []}, "on_stop": {"executed_lines": [], "summary": {"covered_lines": 0, "num_statements": 1, "percent_covered": 0.0, "percent_covered_display": "0", "missing_lines": 1, "excluded_lines": 0}, "missing_lines": [62], "excluded_lines": []}, "on_sleep": {"executed_lines": [], "summary": {"covered_lines": 0, "num_statements": 1, "percent_covered": 0.0, "percent_covered_display": "0", "missing_lines": 1, "excluded_lines": 0}, "missing_lines": [66], "excluded_lines": []}, "on_drive": {"executed_lines": [], "summary": {"covered_lines": 0, "num_statements": 1, "percent_covered": 0.0, "percent_covered_display": "0", "missing_lines": 1, "excluded_lines": 0}, "missing_lines": [70], "excluded_lines": []}, "on_heading": {"executed_lines": [], "summary": {"covered_lines": 0, "num_statements": 1, "percent_covered": 0.0, "percent_covered_display": "0", "missing_lines": 1, "excluded_lines": 0}, "missing_lines": [74], "excluded_lines": []}, "on_speed": {"executed_lines": [], "summary": {"covered_lines": 0, "num_statements": 1, "percent_covered": 0.0, "percent_covered_display": "0", "missing_lines": 1, "excluded_lines": 0}, "missing_lines": [78], "excluded_lines": []}, "on_led_set": {"executed_lines": [], "summary": {"covered_lines": 0, "num_statements": 2, "percent_covered": 0.0, "percent_covered_display": "0", "missing_lines": 2, "excluded_lines": 0}, "missing_lines": [84, 85], "excluded_lines": []}, "": {"executed_lines": [1, 3, 4, 5, 6, 7, 11, 16, 27, 38, 44, 53, 57, 61, 65, 69, 73, 77, 81, 90, 91], "summary": {"covered_lines": 21, "num_statements": 21, "percent_covered": 100.0, "percent_covered_display": "100", "missing_lines": 0, "excluded_lines": 0}, "missing_lines": [], "excluded_lines": []}}, "classes": {"": {"executed_lines": [1, 3, 4, 5, 6, 7, 11, 12, 16, 27, 38, 44, 53, 57, 61, 65, 69, 73, 77, 81, 90, 91], "summary": {"covered_lines": 22, "num_statements": 37, "percent_covered": 59.45945945945946, "percent_covered_display": "59", "missing_lines": 15, "excluded_lines": 0}, "missing_lines": [39, 40, 41, 47, 48, 49, 50, 58, 62, 66, 70, 74, 78, 84, 85], "excluded_lines": []}}}, "addon/bb8_core/controller.py": {"executed_lines": [], "summary": {"covered_lines": 0, "num_statements": 150, "percent_covered": 0.0, "percent_covered_display": "0", "missing_lines": 150, "excluded_lines": 0}, "missing_lines": [20, 21, 22, 23, 25, 28, 29, 30, 33, 34, 35, 36, 37, 38, 39, 40, 41, 42, 45, 46, 64, 65, 66, 67, 68, 69, 70, 71, 72, 73, 74, 75, 76, 77, 85, 93, 122, 128, 138, 139, 140, 141, 142, 143, 153, 154, 161, 162, 163, 169, 177, 179, 180, 186, 196, 197, 198, 199, 200, 204, 206, 215, 221, 227, 228, 229, 230, 231, 232, 233, 234, 241, 242, 243, 249, 257, 259, 260, 261, 267, 268, 269, 270, 271, 275, 277, 295, 304, 305, 306, 307, 312, 319, 320, 321, 327, 335, 337, 338, 339, 349, 350, 355, 356, 360, 362, 363, 364, 377, 378, 380, 381, 383, 384, 385, 386, 387, 388, 394, 396, 397, 398, 399, 400, 410, 411, 413, 429, 436, 443, 454, 460, 461, 462, 468, 476, 477, 479, 480, 481, 482, 483, 484, 485, 489, 508, 509, 510, 511, 512], "excluded_lines": [], "functions": {"BB8Controller.__init__": {"executed_lines": [], "summary": {"covered_lines": 0, "num_statements": 15, "percent_covered": 0.0, "percent_covered_display": "0", "missing_lines": 15, "excluded_lines": 0}, "missing_lines": [64, 65, 66, 67, 68, 69, 70, 71, 72, 73, 74, 75, 76, 77, 85], "excluded_lines": []}, "BB8Controller.roll": {"executed_lines": [], "summary": {"covered_lines": 0, "num_statements": 24, "percent_covered": 0.0, "percent_covered_display": "0", "missing_lines": 24, "excluded_lines": 0}, "missing_lines": [122, 128, 138, 139, 140, 141, 142, 143, 153, 154, 161, 162, 163, 169, 177, 179, 180, 186, 196, 197, 198, 199, 200, 204], "excluded_lines": []}, "BB8Controller.stop": {"executed_lines": [], "summary": {"covered_lines": 0, "num_statements": 24, "percent_covered": 0.0, "percent_covered_display": "0", "missing_lines": 24, "excluded_lines": 0}, "missing_lines": [215, 221, 227, 228, 229, 230, 231, 232, 233, 234, 241, 242, 243, 249, 257, 259, 260, 261, 267, 268, 269, 270, 271, 275], "excluded_lines": []}, "BB8Controller.set_led": {"executed_lines": [], "summary": {"covered_lines": 0, "num_statements": 19, "percent_covered": 0.0, "percent_covered_display": "0", "missing_lines": 19, "excluded_lines": 0}, "missing_lines": [295, 304, 305, 306, 307, 312, 319, 320, 321, 327, 335, 337, 338, 339, 349, 350, 355, 356, 360], "excluded_lines": []}, "BB8Controller.get_diagnostics_for_mqtt": {"executed_lines": [], "summary": {"covered_lines": 0, "num_statements": 4, "percent_covered": 0.0, "percent_covered_display": "0", "missing_lines": 4, "excluded_lines": 0}, "missing_lines": [363, 364, 377, 378], "excluded_lines": []}, "BB8Controller.disconnect": {"executed_lines": [], "summary": {"covered_lines": 0, "num_statements": 8, "percent_covered": 0.0, "percent_covered_display": "0", "missing_lines": 8, "excluded_lines": 0}, "missing_lines": [381, 383, 384, 385, 386, 387, 388, 394], "excluded_lines": []}, "BB8Controller.get_controller_status": {"executed_lines": [], "summary": {"covered_lines": 0, "num_statements": 6, "percent_covered": 0.0, "percent_covered_display": "0", "missing_lines": 6, "excluded_lines": 0}, "missing_lines": [397, 398, 399, 400, 410, 411], "excluded_lines": []}, "BB8Controller._create_error_result": {"executed_lines": [], "summary": {"covered_lines": 0, "num_statements": 2, "percent_covered": 0.0, "percent_covered_display": "0", "missing_lines": 2, "excluded_lines": 0}, "missing_lines": [429, 436], "excluded_lines": []}, "BB8Controller.attach_device": {"executed_lines": [], "summary": {"covered_lines": 0, "num_statements": 14, "percent_covered": 0.0, "percent_covered_display": "0", "missing_lines": 14, "excluded_lines": 0}, "missing_lines": [454, 460, 461, 462, 468, 476, 477, 479, 480, 481, 482, 483, 484, 485], "excluded_lines": []}, "publish_discovery_if_available": {"executed_lines": [], "summary": {"covered_lines": 0, "num_statements": 5, "percent_covered": 0.0, "percent_covered_display": "0", "missing_lines": 5, "excluded_lines": 0}, "missing_lines": [508, 509, 510, 511, 512], "excluded_lines": []}, "": {"executed_lines": [], "summary": {"covered_lines": 0, "num_statements": 29, "percent_covered": 0.0, "percent_covered_display": "0", "missing_lines": 29, "excluded_lines": 0}, "missing_lines": [20, 21, 22, 23, 25, 28, 29, 30, 33, 34, 35, 36, 37, 38, 39, 40, 41, 42, 45, 46, 93, 206, 277, 362, 380, 396, 413, 443, 489], "excluded_lines": []}}, "classes": {"ControllerMode": {"executed_lines": [], "summary": {"covered_lines": 0, "num_statements": 0, "percent_covered": 100.0, "percent_covered_display": "100", "missing_lines": 0, "excluded_lines": 0}, "missing_lines": [], "excluded_lines": []}, "ControllerStatus": {"executed_lines": [], "summary": {"covered_lines": 0, "num_statements": 0, "percent_covered": 100.0, "percent_covered_display": "100", "missing_lines": 0, "excluded_lines": 0}, "missing_lines": [], "excluded_lines": []}, "BB8Controller": {"executed_lines": [], "summary": {"covered_lines": 0, "num_statements": 116, "percent_covered": 0.0, "percent_covered_display": "0", "missing_lines": 116, "excluded_lines": 0}, "missing_lines": [64, 65, 66, 67, 68, 69, 70, 71, 72, 73, 74, 75, 76, 77, 85, 122, 128, 138, 139, 140, 141, 142, 143, 153, 154, 161, 162, 163, 169, 177, 179, 180, 186, 196, 197, 198, 199, 200, 204, 215, 221, 227, 228, 229, 230, 231, 232, 233, 234, 241, 242, 243, 249, 257, 259, 260, 261, 267, 268, 269, 270, 271, 275, 295, 304, 305, 306, 307, 312, 319, 320, 321, 327, 335, 337, 338, 339, 349, 350, 355, 356, 360, 363, 364, 377, 378, 381, 383, 384, 385, 386, 387, 388, 394, 397, 398, 399, 400, 410, 411, 429, 436, 454, 460, 461, 462, 468, 476, 477, 479, 480, 481, 482, 483, 484, 485], "excluded_lines": []}, "": {"executed_lines": [], "summary": {"covered_lines": 0, "num_statements": 34, "percent_covered": 0.0, "percent_covered_display": "0", 
[...]
ed_lines": 0}, "missing_lines": [], "excluded_lines": []}, "": {"executed_lines": [1, 4, 5, 8, 12, 13, 16, 21, 47, 61, 76, 88], "summary": {"covered_lines": 12, "num_statements": 12, "percent_covered": 100.0, "percent_covered_display": "100", "missing_lines": 0, "excluded_lines": 0}, "missing_lines": [], "excluded_lines": []}}, "classes": {"FakeMid": {"executed_lines": [6], "summary": {"covered_lines": 1, "num_statements": 2, "percent_covered": 50.0, "percent_covered_display": "50", "missing_lines": 1, "excluded_lines": 0}, "missing_lines": [9], "excluded_lines": []}, "StubMQTTPublishFn": {"executed_lines": [14, 17, 18], "summary": {"covered_lines": 3, "num_statements": 3, "percent_covered": 100.0, "percent_covered_display": "100", "missing_lines": 0, "excluded_lines": 0}, "missing_lines": [], "excluded_lines": []}, "": {"executed_lines": [1, 4, 5, 8, 12, 13, 16, 21, 22, 24, 25, 26, 27, 29, 30, 31, 32, 33, 34, 35, 36, 37, 38, 39, 40, 41, 42, 43, 44, 47, 48, 50, 51, 52, 53, 55, 56, 57, 58, 61, 62, 64, 65, 66, 67, 68, 70, 71, 72, 73, 76, 77, 79, 80, 81, 82, 83, 88, 89, 91, 92, 93, 94, 95], "summary": {"covered_lines": 64, "num_statements": 66, "percent_covered": 96.96969696969697, "percent_covered_display": "97", "missing_lines": 2, "excluded_lines": 0}, "missing_lines": [84, 85], "excluded_lines": []}}}, "addon/tests/test_mqtt_dispatcher.py": {"executed_lines": [1, 2, 3, 4, 6, 8, 11, 12, 13, 14, 18, 19, 28, 29, 32, 36, 48, 69, 82], "summary": {"covered_lines": 19, "num_statements": 47, "percent_covered": 40.42553191489362, "percent_covered_display": "40", "missing_lines": 28, "excluded_lines": 0}, "missing_lines": [20, 25, 30, 33, 37, 38, 40, 49, 50, 51, 52, 54, 55, 56, 57, 59, 60, 64, 65, 66, 71, 72, 73, 74, 75, 76, 77, 83], "excluded_lines": [], "functions": {"MockController.handle_command": {"executed_lines": [], "summary": {"covered_lines": 0, "num_statements": 2, "percent_covered": 0.0, "percent_covered_display": "0", "missing_lines": 2, "excluded_lines": 0}, "missing_lines": [20, 25], "excluded_lines": []}, "MockBLEBridge.__init__": {"executed_lines": [], "summary": {"covered_lines": 0, "num_statements": 1, "percent_covered": 0.0, "percent_covered_display": "0", "missing_lines": 1, "excluded_lines": 0}, "missing_lines": [30], "excluded_lines": []}, "MockBLEBridge.diagnostics": {"executed_lines": [], "summary": {"covered_lines": 0, "num_statements": 1, "percent_covered": 0.0, "percent_covered_display": "0", "missing_lines": 1, "excluded_lines": 0}, "missing_lines": [33], "excluded_lines": []}, "run_dispatcher": {"executed_lines": [], "summary": {"covered_lines": 0, "num_statements": 3, "percent_covered": 0.0, "percent_covered_display": "0", "missing_lines": 3, "excluded_lines": 0}, "missing_lines": [37, 38, 40], "excluded_lines": []}, "publish_test_messages": {"executed_lines": [], "summary": {"covered_lines": 0, "num_statements": 13, "percent_covered": 0.0, "percent_covered_display": "0", "missing_lines": 13, "excluded_lines": 0}, "missing_lines": [49, 50, 51, 52, 54, 55, 56, 57, 59, 60, 64, 65, 66], "excluded_lines": []}, "main": {"executed_lines": [], "summary": {"covered_lines": 0, "num_statements": 7, "percent_covered": 0.0, "percent_covered_display": "0", "missing_lines": 7, "excluded_lines": 0}, "missing_lines": [71, 72, 73, 74, 75, 76, 77], "excluded_lines": []}, "": {"executed_lines": [1, 2, 3, 4, 6, 8, 11, 12, 13, 14, 18, 19, 28, 29, 32, 36, 48, 69, 82], "summary": {"covered_lines": 19, "num_statements": 20, "percent_covered": 95.0, "percent_covered_display": "95", "missing_lines": 1, "excluded_lines": 0}, "missing_lines": [83], "excluded_lines": []}}, "classes": {"MockController": {"executed_lines": [], "summary": {"covered_lines": 0, "num_statements": 2, "percent_covered": 0.0, "percent_covered_display": "0", "missing_lines": 2, "excluded_lines": 0}, "missing_lines": [20, 25], "excluded_lines": []}, "MockBLEBridge": {"executed_lines": [], "summary": {"covered_lines": 0, "num_statements": 2, "percent_covered": 0.0, "percent_covered_display": "0", "missing_lines": 2, "excluded_lines": 0}, "missing_lines": [30, 33], "excluded_lines": []}, "": {"executed_lines": [1, 2, 3, 4, 6, 8, 11, 12, 13, 14, 18, 19, 28, 29, 32, 36, 48, 69, 82], "summary": {"covered_lines": 19, "num_statements": 43, "percent_covered": 44.18604651162791, "percent_covered_display": "44", "missing_lines": 24, "excluded_lines": 0}, "missing_lines": [37, 38, 40, 49, 50, 51, 52, 54, 55, 56, 57, 59, 60, 64, 65, 66, 71, 72, 73, 74, 75, 76, 77, 83], "excluded_lines": []}}}, "addon/tests/test_mqtt_echo.py": {"executed_lines": [1, 3, 5, 8, 9, 10, 12, 13, 16, 17, 18, 21, 22, 23, 24, 25, 26, 27, 30, 31, 32, 33, 34, 35, 36, 37], "summary": {"covered_lines": 26, "num_statements": 26, "percent_covered": 100.0, "percent_covered_display": "100", "missing_lines": 0, "excluded_lines": 0}, "missing_lines": [], "excluded_lines": [], "functions": {"FakeMQTT.__init__": {"executed_lines": [10], "summary": {"covered_lines": 1, "num_statements": 1, "percent_covered": 100.0, "percent_covered_display": "100", "missing_lines": 0, "excluded_lines": 0}, "missing_lines": [], "excluded_lines": []}, "FakeMQTT.publish": {"executed_lines": [13], "summary": {"covered_lines": 1, "num_statements": 1, "percent_covered": 100.0, "percent_covered_display": "100", "missing_lines": 0, "excluded_lines": 0}, "missing_lines": [], "excluded_lines": []}, "mqtt": {"executed_lines": [18], "summary": {"covered_lines": 1, "num_statements": 1, "percent_covered": 100.0, "percent_covered_display": "100", "missing_lines": 0, "excluded_lines": 0}, "missing_lines": [], "excluded_lines": []}, "test_echo_scalar_device": {"executed_lines": [22, 23, 24, 25, 26, 27], "summary": {"covered_lines": 6, "num_statements": 6, "percent_covered": 100.0, "percent_covered_display": "100", "missing_lines": 0, "excluded_lines": 0}, "missing_lines": [], "excluded_lines": []}, "test_echo_led": {"executed_lines": [31, 32, 33, 34, 35, 36, 37], "summary": {"covered_lines": 7, "num_statements": 7, "percent_covered": 100.0, "percent_covered_display": "100", "missing_lines": 0, "excluded_lines": 0}, "missing_lines": [], "excluded_lines": []}, "": {"executed_lines": [1, 3, 5, 8, 9, 12, 16, 17, 21, 30], "summary": {"covered_lines": 10, "num_statements": 10, "percent_covered": 100.0, "percent_covered_display": "100", "missing_lines": 0, "excluded_lines": 0}, "missing_lines": [], "excluded_lines": []}}, "classes": {"FakeMQTT": {"executed_lines": [10, 13], "summary": {"covered_lines": 2, "num_statements": 2, "percent_covered": 100.0, "percent_covered_display": "100", "missing_lines": 0, "excluded_lines": 0}, "missing_lines": [], "excluded_lines": []}, "": {"executed_lines": [1, 3, 5, 8, 9, 12, 16, 17, 18, 21, 22, 23, 24, 25, 26, 27, 30, 31, 32, 33, 34, 35, 36, 37], "summary": {"covered_lines": 24, "num_statements": 24, "percent_covered": 100.0, "percent_covered_display": "100", "missing_lines": 0, "excluded_lines": 0}, "missing_lines": [], "excluded_lines": []}}}, "addon/tests/test_mqtt_smoke.py": {"executed_lines": [1, 2, 3, 5, 7, 8, 11, 12, 22, 23, 24, 26, 29, 30, 31, 32, 33, 34, 36, 37, 38, 39, 41, 47, 49, 51, 52, 69, 72, 73, 75, 76, 77, 79, 82, 84, 86, 88, 94, 96, 97, 98, 99, 100, 108, 109, 112, 115, 119, 120, 123, 124, 125, 126, 127, 128, 130, 131, 132, 133, 134, 135, 137, 139, 140, 144, 147, 148, 150, 154, 155, 159, 160, 167, 169, 170, 171, 174, 183, 187, 189, 194, 196, 198, 199, 200], "summary": {"covered_lines": 85, "num_statements": 115, "percent_covered": 73.91304347826087, "percent_covered_display": "74", "missing_lines": 30, "excluded_lines": 0}, "missing_lines": [27, 42, 44, 45, 54, 55, 56, 57, 58, 59, 60, 61, 62, 63, 64, 65, 66, 67, 78, 80, 89, 90, 91, 92, 95, 102, 104, 110, 113, 116], "excluded_lines": [], "functions": {"FakeMQTT._FakeMid.__init__": {"executed_lines": [24], "summary": {"covered_lines": 1, "num_statements": 1, "percent_covered": 100.0, "percent_covered_display": "100", "missing_lines": 0, "excluded_lines": 0}, "missing_lines": [], "excluded_lines": []}, "FakeMQTT._FakeMid.wait_for_publish": {"executed_lines": [], "summary": {"covered_lines": 0, "num_statements": 1, "percent_covered": 0.0, "percent_covered_display": "0", "missing_lines": 1, "excluded_lines": 0}, "missing_lines": [27], "excluded_lines": []}, "FakeMQTT.__init__": {"executed_lines": [30, 31, 32, 33, 34], "summary": {"covered_lines": 5, "num_statements": 5, "percent_covered": 100.0, "percent_covered_display": "100", "missing_lines": 0, "excluded_lines": 0}, "missing_lines": [], "excluded_lines": []}, "FakeMQTT.publish": {"executed_lines": [37, 38, 39], "summary": {"covered_lines": 3, "num_statements": 3, "percent_covered": 100.0, "percent_covered_display": "100", "missing_lines": 0, "excluded_lines": 0}, "missing_lines": [], "excluded_lines": []}, "FakeMQTT.subscribe": {"executed_lines": [], "summary": {"covered_lines": 0, "num_statements": 3, "percent_covered": 0.0, "percent_covered_display": "0", "missing_lines": 3, "excluded_lines": 0}, "missing_lines": [42, 44, 45], "excluded_lines": []}, "FakeMQTT.message_callback_add": {"executed_lines": [49], "summary": {"covered_lines": 1, "num_statements": 1, "percent_covered": 100.0, "percent_covered_display": "100", "missing_lines": 0, "excluded_lines": 0}, "missing_lines": [], "excluded_lines": []}, "FakeMQTT._match": {"executed_lines": [], "summary": {"covered_lines": 0, "num_statements": 14, "percent_covered": 0.0, "percent_covered_display": "0", "missing_lines": 14, "excluded_lines": 0}, "missing_lines": [54, 55, 56, 57, 58, 59, 60, 61, 62, 63, 64, 65, 66, 67], "excluded_lines": []}, "FakeMQTT.trigger": {"executed_lines": [72, 73, 75, 84, 86, 88, 94, 96, 97, 98, 99, 100], "summary": {"covered_lines": 12, "num_statements": 19, "percent_covered": 63.1578947368421, "percent_covered_display": "63", "missing_lines": 7, "excluded_lines": 0}, "missing_lines": [89, 90, 91, 92, 95, 102, 104], "excluded_lines": []}, "FakeMQTT.trigger._Msg.__init__": {"executed_lines": [76, 77, 79, 82], "summary": {"covered_lines": 4, "num_statements": 6, "percent_covered": 66.66666666666667, "percent_covered_display": "67", "missing_lines": 2, "excluded_lines": 0}, "missing_lines": [78, 80], "excluded_lines": []}, "FakeLog.__init__": {"executed_lines": [], "summary": {"covered_lines": 0, "num_statements": 1, "percent_covered": 0.0, "percent_covered_display": "0", "missing_lines": 1, "excluded_lines": 0}, "missing_lines": [110], "excluded_lines": []}, "FakeLog.info": {"executed_lines": [], "summary": {"covered_lines": 0, "num_statements": 1, "percent_covered": 0.0, "percent_covered_display": "0", "missing_lines": 1, "excluded_lines": 0}, "missing_lines": [113], "excluded_lines": []}, "FakeLog.error": {"executed_lines": [], "summary": {"covered_lines": 0, "num_statements": 1, "percent_covered": 0.0, "percent_covered_display": "0", "missing_lines": 1, "excluded_lines": 0}, "missing_lines": [116], "excluded_lines": []}, "test_discovery_and_dispatcher_smoke": {"executed_lines": [125, 126, 127, 128, 130, 131, 132, 133, 134, 135, 137, 139, 140, 144, 147, 148, 154, 159, 167, 169, 170, 171, 174, 183, 187, 189, 194, 196, 198, 199, 200], "summary": {"covered_lines": 31, "num_statements": 31, "percent_covered": 100.0, "percent_covered_display": "100", "missing_lines": 0, "excluded_lines": 0}, "missing_lines": [], "excluded_lines": []}, "test_discovery_and_dispatcher_smoke.MinimalController.handle_led": {"executed_lines": [150], "summary": {"covered_lines": 1, "num_statements": 1, "percent_covered": 100.0, "percent_covered_display": "100", "missing_lines": 0, "excluded_lines": 0}, "missing_lines": [], "excluded_lines": []}, "test_discovery_and_dispatcher_smoke.MinimalController.handle_sleep": {"executed_lines": [155], "summary": {"covered_lines": 1, "num_statements": 1, "percent_covered": 100.0, "percent_covered_display": "100", "missing_lines": 0, "excluded_lines": 0}, "missing_lines": [], "excluded_lines": []}, "test_discovery_and_dispatcher_smoke.MinimalController.handle_drive": {"executed_lines": [160], "summary": {"covered_lines": 1, "num_statements": 1, "percent_covered": 100.0, "percent_covered_display": "100", "missing_lines": 0, "excluded_lines": 0}, "missing_lines": [], "excluded_lines": []}, "": {"executed_lines": [1, 2, 3, 5, 7, 8, 11, 12, 22, 23, 26, 29, 36, 41, 47, 51, 52, 69, 108, 109, 112, 115, 119, 120, 123, 124], "summary": {"covered_lines": 25, "num_statements": 25, "percent_covered": 100.0, "percent_covered_display": "100", "missing_lines": 0, "excluded_lines": 0}, "missing_lines": [], "excluded_lines": []}}, "classes": {"FakeMQTT": {"executed_lines": [30, 31, 32, 33, 34, 37, 38, 39, 49, 72, 73, 75, 84, 86, 88, 94, 96, 97, 98, 99, 100], "summary": {"covered_lines": 21, "num_statements": 45, "percent_covered": 46.666666666666664, "percent_covered_display": "47", "missing_lines": 24, "excluded_lines": 0}, "missing_lines": [42, 44, 45, 54, 55, 56, 57, 58, 59, 60, 61, 62, 63, 64, 65, 66, 67, 89, 90, 91, 92, 95, 102, 104], "excluded_lines": []}, "FakeMQTT._FakeMid": {"executed_lines": [24], "summary": {"covered_lines": 1, "num_statements": 2, "percent_covered": 50.0, "percent_covered_display": "50", "missing_lines": 1, "excluded_lines": 0}, "missing_lines": [27], "excluded_lines": []}, "FakeMQTT.trigger._Msg": {"executed_lines": [76, 77, 79, 82], "summary": {"covered_lines": 4, "num_statements": 6, "percent_covered": 66.66666666666667, "percent_covered_display": "67", "missing_lines": 2, "excluded_lines": 0}, "missing_lines": [78, 80], "excluded_lines": []}, "FakeLog": {"executed_lines": [], "summary": {"covered_lines": 0, "num_statements": 3, "percent_covered": 0.0, "percent_covered_display": "0", "missing_lines": 3, "excluded_lines": 0}, "missing_lines": [110, 113, 116], "excluded_lines": []}, "FakeToy": {"executed_lines": [], "summary": {"covered_lines": 0, "num_statements": 0, "percent_covered": 100.0, "percent_covered_display": "100", "missing_lines": 0, "excluded_lines": 0}, "missing_lines": [], "excluded_lines": []}, "test_discovery_and_dispatcher_smoke.MinimalController": {"executed_lines": [150, 155, 160], "summary": {"covered_lines": 3, "num_statements": 3, "percent_covered": 100.0, "percent_covered_display": "100", "missing_lines": 0, "excluded_lines": 0}, "missing_lines": [], "excluded_lines": []}, "": {"executed_lines": [1, 2, 3, 5, 7, 8, 11, 12, 22, 23, 26, 29, 36, 41, 47, 51, 52, 69, 108, 109, 112, 115, 119, 120, 123, 124, 125, 126, 127, 128, 130, 131, 132, 133, 134, 135, 137, 139, 140, 144, 147, 148, 154, 159, 167, 169, 170, 171, 174, 183, 187, 189, 194, 196, 198, 199, 200], "summary": {"covered_lines": 56, "num_statements": 56, "percent_covered": 100.0, "percent_covered_display": "100", "missing_lines": 0, "excluded_lines": 0}, "missing_lines": [], "excluded_lines": []}}}, "addon/tests/test_scanner_discovery_seam_direct.py": {"executed_lines": [1, 2, 3, 6, 7, 8, 9, 11, 13, 16, 17, 18, 19, 20, 21], "summary": {"covered_lines": 15, "num_statements": 15, "percent_covered": 100.0, "percent_covered_display": "100", "missing_lines": 0, "excluded_lines": 0}, "missing_lines": [], "excluded_lines": [], "functions": {"test_scanner_discovery_seam_direct": {"executed_lines": [7, 8, 9, 11, 13, 16, 17, 18, 19, 20, 21], "summary": {"covered_lines": 11, "num_statements": 11, "percent_covered": 100.0, "percent_covered_display": "100", "missing_lines": 0, "excluded_lines": 0}, "missing_lines": [], "excluded_lines": []}, "": {"executed_lines": [1, 2, 3, 6], "summary": {"covered_lines": 4, "num_statements": 4, "percent_covered": 100.0, "percent_covered_display": "100", "missing_lines": 0, "excluded_lines": 0}, "missing_lines": [], "excluded_lines": []}}, "classes": {"": {"executed_lines": [1, 2, 3, 6, 7, 8, 9, 11, 13, 16, 17, 18, 19, 20, 21], "summary": {"covered_lines": 15, "num_statements": 15, "percent_covered": 100.0, "percent_covered_display": "100", "missing_lines": 0, "excluded_lines": 0}, "missing_lines": [], "excluded_lines": []}}}, "addon/tests/test_scanner_discovery_seam_hook.py": {"executed_lines": [1, 2, 3, 4, 7, 8, 10, 11, 12, 14, 15, 16, 18], "summary": {"covered_lines": 13, "num_statements": 13, "percent_covered": 100.0, "percent_covered_display": "100", "missing_lines": 0, "excluded_lines": 0}, "missing_lines": [], "excluded_lines": [], "functions": {"test_scanner_discovery_seam_hook": {"executed_lines": [8, 10, 11, 12, 14, 15, 16, 18], "summary": {"covered_lines": 8, "num_statements": 8, "percent_covered": 100.0, "percent_covered_display": "100", "missing_lines": 0, "excluded_lines": 0}, "missing_lines": [], "excluded_lines": []}, "": {"executed_lines": [1, 2, 3, 4, 7], "summary": {"covered_lines": 5, "num_statements": 5, "percent_covered": 100.0, "percent_covered_display": "100", "missing_lines": 0, "excluded_lines": 0}, "missing_lines": [], "excluded_lines": []}}, "classes": {"": {"executed_lines": [1, 2, 3, 4, 7, 8, 10, 11, 12, 14, 15, 16, 18], "summary": {"covered_lines": 13, "num_statements": 13, "percent_covered": 100.0, "percent_covered_display": "100", "missing_lines": 0, "excluded_lines": 0}, "missing_lines": [], "excluded_lines": []}}}, "addon/tests/test_smoke_controller_facade.py": {"executed_lines": [2, 5, 6, 8, 9, 14, 15, 17, 18, 20, 23], "summary": {"covered_lines": 11, "num_statements": 12, "percent_covered": 91.66666666666667, "percent_covered_display": "92", "missing_lines": 1, "excluded_lines": 0}, "missing_lines": [24], "excluded_lines": [], "functions": {"TestSmokeControllerFacade.test_import_and_construct": {"executed_lines": [8, 9, 14, 15, 17, 18, 20], "summary": {"covered_lines": 7, "num_statements": 7, "percent_covered": 100.0, "percent_covered_display": "100", "missing_lines": 0, "excluded_lines": 0}, "missing_lines": [], "excluded_lines": []}, "": {"executed_lines": [2, 5, 6, 23], "summary": {"covered_lines": 4, "num_statements": 5, "percent_covered": 80.0, "percent_covered_display": "80", "missing_lines": 1, "excluded_lines": 0}, "missing_lines": [24], "excluded_lines": []}}, "classes": {"TestSmokeControllerFacade": {"executed_lines": [8, 9, 14, 15, 17, 18, 20], "summary": {"covered_lines": 7, "num_statements": 7, "percent_covered": 100.0, "percent_covered_display": "100", "missing_lines": 0, "excluded_lines": 0}, "missing_lines": [], "excluded_lines": []}, "TestSmokeControllerFacade.test_import_and_construct.DummyBridge": {"executed_lines": [], "summary": {"covered_lines": 0, "num_statements": 0, "percent_covered": 100.0, "percent_covered_display": "100", "missing_lines": 0, "excluded_lines": 0}, "missing_lines": [], "excluded_lines": []}, "": {"executed_lines": [2, 5, 6, 23], "summary": {"covered_lines": 4, "num_statements": 5, "percent_covered": 80.0, "percent_covered_display": "80", "missing_lines": 1, "excluded_lines": 0}, "missing_lines": [24], "excluded_lines": []}}}, "addon/tests/test_types_import.py": {"executed_lines": [1, 4, 6, 7, 8], "summary": {"covered_lines": 5, "num_statements": 5, "percent_covered": 100.0, "percent_covered_display": "100", "missing_lines": 0, "excluded_lines": 0}, "missing_lines": [], "excluded_lines": [], "functions": {"test_import_types_has_no_side_effects": {"executed_lines": [4, 6, 7, 8], "summary": {"covered_lines": 4, "num_statements": 4, "percent_covered": 100.0, "percent_covered_display": "100", "missing_lines": 0, "excluded_lines": 0}, "missing_lines": [], "excluded_lines": []}, "": {"executed_lines": [1], "summary": {"covered_lines": 1, "num_statements": 1, "percent_covered": 100.0, "percent_covered_display": "100", "missing_lines": 0, "excluded_lines": 0}, "missing_lines": [], "excluded_lines": []}}, "classes": {"": {"executed_lines": [1, 4, 6, 7, 8], "summary": {"covered_lines": 5, "num_statements": 5, "percent_covered": 100.0, "percent_covered_display": "100", "missing_lines": 0, "excluded_lines": 0}, "missing_lines": [], "excluded_lines": []}}}}, "totals": {"covered_lines": 1230, "num_statements": 3557, "percent_covered": 34.5797019960641, "percent_covered_display": "35", "missing_lines": 2327, "excluded_lines": 71}}