<?xml version="1.0" encoding="utf-8"?><testsuites name="pytest tests"><testsuite name="pytest" errors="0" failures="1" skipped="0" tests="21" time="11.031" timestamp="2025-08-23T20:27:00.476708+01:00" hostname="macbook"><testcase classname="addon.tests.test_ble_event_loop" name="test_ble_loop_thread_bootstrap_idempotent" time="0.055" /><testcase classname="addon.tests.test_ble_link" name="test_ble_link_thread_lifecycle" time="10.118" /><testcase classname="addon.tests.test_discovery_publisher" name="test_scanner_discovery_uses_hook_when_set" time="0.063" /><testcase classname="addon.tests.test_discovery_publisher" name="test_scanner_only_discovery_when_bridge_telemetry_enabled" time="0.058" /><testcase classname="addon.tests.test_facade" name="test_sleep_mapping" time="0.033" /><testcase classname="addon.tests.test_facade" name="test_drive_autostop" time="0.002" /><testcase classname="addon.tests.test_facade_attach_mqtt" name="test_attach_mqtt" time="0.001"><failure message="Failed: async def functions are not natively supported.&#10;You need to install a suitable plugin for your async framework, for example:&#10;  - anyio&#10;  - pytest-asyncio&#10;  - pytest-tornasync&#10;  - pytest-trio&#10;  - pytest-twisted">async def functions are not natively supported.
You need to install a suitable plugin for your async framework, for example:
  - anyio
  - pytest-asyncio
  - pytest-tornasync
  - pytest-trio
  - pytest-twisted</failure></testcase><testcase classname="addon.tests.test_import_order_warning" name="test_no_runtimewarning_on_import_order" time="0.011" /><testcase classname="addon.tests.test_imports_no_cycles" name="test_imports_clean" time="0.003" /><testcase classname="addon.tests.test_mqtt_discovery" name="test_gate_on_publishes" time="0.021" /><testcase classname="addon.tests.test_mqtt_discovery" name="test_idempotency" time="0.001" /><testcase classname="addon.tests.test_mqtt_discovery" name="test_force_republish" time="0.001" /><testcase classname="addon.tests.test_mqtt_discovery" name="test_json_payload" time="0.001" /><testcase classname="addon.tests.test_mqtt_discovery" name="test_gate_off" time="0.001" /><testcase classname="addon.tests.test_mqtt_echo" name="test_echo_scalar_device" time="0.001" /><testcase classname="addon.tests.test_mqtt_echo" name="test_echo_led" time="0.001" /><testcase classname="addon.tests.test_mqtt_smoke" name="test_discovery_and_dispatcher_smoke" time="0.015" /><testcase classname="addon.tests.test_scanner_discovery_seam_direct" name="test_scanner_discovery_seam_direct" time="0.001" /><testcase classname="addon.tests.test_scanner_discovery_seam_hook" name="test_scanner_discovery_seam_hook" time="0.001" /><testcase classname="addon.tests.test_smoke_controller_facade.TestSmokeControllerFacade" name="test_import_and_construct" time="0.001" /><testcase classname="addon.tests.test_types_import" name="test_import_types_has_no_side_effects" time="0.001" /></testsuite></testsuites>