{"meta": {"format": 3, "version": "7.10.7", "timestamp": "2025-10-08T00:33:19.318498", "branch_coverage": true, "show_contexts": false}, "files": {"__init__.py": {"executed_lines": [], "summary": {"covered_lines": 0, "num_statements": 0, "percent_covered": 100.0, "percent_covered_display": "100", "missing_lines": 0, "excluded_lines": 0, "num_branches": 0, "num_partial_branches": 0, "covered_branches": 0, "missing_branches": 0}, "missing_lines": [], "excluded_lines": [], "executed_branches": [], "missing_branches": [], "functions": {"": {"executed_lines": [], "summary": {"covered_lines": 0, "num_statements": 0, "percent_covered": 100.0, "percent_covered_display": "100", "missing_lines": 0, "excluded_lines": 0, "num_branches": 0, "num_partial_branches": 0, "covered_branches": 0, "missing_branches": 0}, "missing_lines": [], "excluded_lines": [], "executed_branches": [], "missing_branches": []}}, "classes": {"": {"executed_lines": [], "summary": {"covered_lines": 0, "num_statements": 0, "percent_covered": 100.0, "percent_covered_display": "100", "missing_lines": 0, "excluded_lines": 0, "num_branches": 0, "num_partial_branches": 0, "covered_branches": 0, "missing_branches": 0}, "missing_lines": [], "excluded_lines": [], "executed_branches": [], "missing_branches": []}}}, "addon/__init__.py": {"executed_lines": [], "summary": {"covered_lines": 0, "num_statements": 0, "percent_covered": 100.0, "percent_covered_display": "100", "missing_lines": 0, "excluded_lines": 0, "num_branches": 0, "num_partial_branches": 0, "covered_branches": 0, "missing_branches": 0}, "missing_lines": [], "excluded_lines": [], "executed_branches": [], "missing_branches": [], "functions": {"": {"executed_lines": [], "summary": {"covered_lines": 0, "num_statements": 0, "percent_covered": 100.0, "percent_covered_display": "100", "missing_lines": 0, "excluded_lines": 0, "num_branches": 0, "num_partial_branches": 0, "covered_branches": 0, "missing_branches": 0}, "missing_lines": [], "excluded_lines": [], "executed_branches": [], "missing_branches": []}}, "classes": {"": {"executed_lines": [], "summary": {"covered_lines": 0, "num_statements": 0, "percent_covered": 100.0, "percent_covered_display": "100", "missing_lines": 0, "excluded_lines": 0, "num_branches": 0, "num_partial_branches": 0, "covered_branches": 0, "missing_branches": 0}, "missing_lines": [], "excluded_lines": [], "executed_branches": [], "missing_branches": []}}}, "addon/bb8_core/__init__.py": {"executed_lines": [1, 3, 5, 9, 10, 13, 26, 42, 43, 44, 45, 46, 47, 53, 54], "summary": {"covered_lines": 15, "num_statements": 17, "percent_covered": 85.71428571428571, "percent_covered_display": "86", "missing_lines": 2, "excluded_lines": 0, "num_branches": 4, "num_partial_branches": 1, "covered_branches": 3, "missing_branches": 1}, "missing_lines": [48, 49], "excluded_lines": [], "executed_branches": [[43, 44], [53, -1], [53, 54]], "missing_branches": [[43, -42]], "functions": {"_alias": {"executed_lines": [43, 44, 45, 46, 47], "summary": {"covered_lines": 5, "num_statements": 7, "percent_covered": 66.66666666666667, "percent_covered_display": "67", "missing_lines": 2, "excluded_lines": 0, "num_branches": 2, "num_partial_branches": 1, "covered_branches": 1, "missing_branches": 1}, "missing_lines": [48, 49], "excluded_lines": [], "executed_branches": [[43, 44]], "missing_branches": [[43, -42]]}, "": {"executed_lines": [1, 3, 5, 9, 10, 13, 26, 42, 53, 54], "summary": {"covered_lines": 10, "num_statements": 10, "percent_covered": 100.0, "percent_covered_display": "100", "missing_lines": 0, "excluded_lines": 0, "num_branches": 2, "num_partial_branches": 0, "covered_branches": 2, "missing_branches": 0}, "missing_lines": [], "excluded_lines": [], "executed_branches": [[53, -1], [53, 54]], "missing_branches": []}}, "classes": {"": {"executed_lines": [1, 3, 5, 9, 10, 13, 26, 42, 43, 44, 45, 46, 47, 53, 54], "summary": {"covered_lines": 15, "num_statements": 17, "percent_covered": 85.71428571428571, "percent_covered_display": "86", "missing_lines": 2, "excluded_lines": 0, "num_branches": 4, "num_partial_branches": 1, "covered_branches": 3, "missing_branches": 1}, "missing_lines": [48, 49], "excluded_lines": [], "executed_branches": [[43, 44], [53, -1], [53, 54]], "missing_branches": [[43, -42]]}}}, "addon/bb8_core/addon_config.py": {"executed_lines": [1, 3, 4, 5, 6, 7, 8, 10, 12, 14, 17, 18, 21, 26, 27, 28, 30, 40, 43, 49, 67, 68, 71, 78, 79, 80, 98, 99, 101, 102, 105, 114, 119, 124, 129, 135, 136, 137, 138, 142, 145, 154, 155, 157, 158, 160, 163, 164, 165, 166, 167, 168, 177, 188], "summary": {"covered_lines": 54, "num_statements": 96, "percent_covered": 53.03030303030303, "percent_covered_display": "53", "missing_lines": 42, "excluded_lines": 0, "num_branches": 36, "num_partial_branches": 8, "covered_branches": 16, "missing_branches": 20}, "missing_lines": [29, 50, 51, 52, 53, 54, 55, 56, 57, 58, 60, 61, 62, 63, 65, 66, 81, 82, 83, 84, 85, 86, 87, 88, 89, 91, 92, 93, 94, 96, 115, 125, 126, 139, 141, 159, 161, 170, 171, 172, 173, 174], "excluded_lines": [], "executed_branches": [[28, 30], [49, 67], [79, 80], [79, 102], [80, 98], [98, 99], [98, 101], [114, 119], [124, 129], [135, 136], [135, 142], [137, 135], [137, 138], [158, 160], [160, 163], [164, 165]], "missing_branches": [[28, 29], [49, 50], [53, 54], [53, 56], [60, 61], [60, 62], [62, 63], [62, 65], [80, 81], [84, 85], [84, 87], [91, 92], [91, 93], [93, 94], [93, 96], [114, 115], [124, 125], [158, 159], [160, 161], [164, 170]], "functions": {"_candidate_paths": {"executed_lines": [26, 27, 28, 30, 40], "summary": {"covered_lines": 5, "num_statements": 6, "percent_covered": 75.0, "percent_covered_display": "75", "missing_lines": 1, "excluded_lines": 0, "num_branches": 2, "num_partial_branches": 1, "covered_branches": 1, "missing_branches": 1}, "missing_lines": [29], "excluded_lines": [], "executed_branches": [[28, 30]], "missing_branches": [[28, 29]]}, "_load_options_json": {"executed_lines": [49, 67, 68], "summary": {"covered_lines": 3, "num_statements": 18, "percent_covered": 15.384615384615385, "percent_covered_display": "15", "missing_lines": 15, "excluded_lines": 0, "num_branches": 8, "num_partial_branches": 1, "covered_branches": 1, "missing_branches": 7}, "missing_lines": [50, 51, 52, 53, 54, 55, 56, 57, 58, 60, 61, 62, 63, 65, 66], "excluded_lines": [], "executed_branches": [[49, 67]], "missing_branches": [[49, 50], [53, 54], [53, 56], [60, 61], [60, 62], [62, 63], [62, 65]]}, "_load_yaml_cfg": {"executed_lines": [78, 79, 80, 98, 99, 101, 102], "summary": {"covered_lines": 7, "num_statements": 21, "percent_covered": 36.36363636363637, "percent_covered_display": "36", "missing_lines": 14, "excluded_lines": 0, "num_branches": 12, "num_partial_branches": 1, "covered_branches": 5, "missing_branches": 7}, "missing_lines": [81, 82, 83, 84, 85, 86, 87, 88, 89, 91, 92, 93, 94, 96], "excluded_lines": [], "executed_branches": [[79, 80], [79, 102], [80, 98], [98, 99], [98, 101]], "missing_branches": [[80, 81], [84, 85], [84, 87], [91, 92], [91, 93], [93, 94], [93, 96]]}, "load_config": {"executed_lines": [114, 119, 124, 129, 135, 136, 137, 138, 142], "summary": {"covered_lines": 9, "num_statements": 14, "percent_covered": 68.18181818181819, "percent_covered_display": "68", "missing_lines": 5, "excluded_lines": 0, "num_branches": 8, "num_partial_branches": 2, "covered_branches": 6, "missing_branches": 2}, "missing_lines": [115, 125, 126, 139, 141], "excluded_lines": [], "executed_branches": [[114, 119], [124, 129], [135, 136], [135, 142], [137, 135], [137, 138]], "missing_branches": [[114, 115], [124, 125]]}, "init_config": {"executed_lines": [154, 155, 157, 158, 160, 163, 164, 165, 166, 167, 168], "summary": {"covered_lines": 11, "num_statements": 18, "percent_covered": 58.333333333333336, "percent_covered_display": "58", "missing_lines": 7, "excluded_lines": 0, "num_branches": 6, "num_partial_branches": 3, "covered_branches": 3, "missing_branches": 3}, "missing_lines": [159, 161, 170, 171, 172, 173, 174], "excluded_lines": [], "executed_branches": [[158, 160], [160, 163], [164, 165]], "missing_branches": [[158, 159], [160, 161], [164, 170]]}, "": {"executed_lines": [1, 3, 4, 5, 6, 7, 8, 10, 12, 14, 17, 18, 21, 43, 71, 105, 145, 177, 188], "summary": {"covered_lines": 19, "num_statements": 19, "percent_covered": 100.0, "percent_covered_display": "100", "missing_lines": 0, "excluded_lines": 0, "num_branches": 0, "num_partial_branches": 0, "covered_branches": 0, "missing_branches": 0}, "missing_lines": [], "excluded_lines": [], "executed_branches": [], "missing_branches": []}}, "classes": {"": {"executed_lines": [1, 3, 4, 5, 6, 7, 8, 10, 12, 14, 17, 18, 21, 26, 27, 28, 30, 40, 43, 49, 67, 68, 71, 78, 79, 80, 98, 99, 101, 102, 105, 114, 119, 124, 129, 135, 136, 137, 138, 142, 145, 154, 155, 157, 158, 160, 163, 164, 165, 166, 167, 168, 177, 188], "summary": {"covered_lines": 54, "num_statements": 96, "percent_covered": 53.03030303030303, "percent_covered_display": "53", "missing_lines": 42, "excluded_lines": 0, "num_branches": 36, "num_partial_branches": 8, "covered_branches": 16, "missing_branches": 20}, "missing_lines": [29, 50, 51, 52, 53, 54, 55, 56, 57, 58, 60, 61, 62, 63, 65, 66, 81, 82, 83, 84, 85, 86, 87, 88, 89, 91, 92, 93, 94, 96, 115, 125, 126, 139, 141, 159, 161, 170, 171, 172, 173, 174], "excluded_lines": [], "executed_branches": [[28, 30], [49, 67], [79, 80], [79, 102], [80, 98], [98, 99], [98, 101], [114, 119], [124, 129], [135, 136], [135, 142], [137, 135], [137, 138], [158, 160], [160, 163], [164, 165]], "missing_branches": [[28, 29], [49, 50], [53, 54], [53, 56], [60, 61], [60, 62], [62, 63], [62, 65], [80, 81], [84, 85], [84, 87], [91, 92], [91, 93], [93, 94], [93, 96], [114, 115], [124, 125], [158, 159], [160, 161], [164, 170]]}}}, "addon/bb8_core/auto_detect.py": {"executed_lines": [2, 3, 4, 5, 6, 7, 8, 9, 11, 13, 14, 17, 18, 19, 20, 21, 22, 23, 24, 25, 26, 29, 117, 128, 197, 199, 202, 203, 204, 205, 206, 207, 208, 209, 210, 211, 214, 259, 263, 273, 280, 303, 398, 403, 407, 419, 459, 470, 471, 475, 481, 507, 521, 552, 586, 610, 620, 621, 623, 629, 650, 691, 721, 743, 744, 748, 763], "summary": {"covered_lines": 64, "num_statements": 334, "percent_covered": 15.853658536585366, "percent_covered_display": "16", "missing_lines": 270, "excluded_lines": 1, "num_branches": 76, "num_partial_branches": 1, "covered_branches": 1, "missing_branches": 75}, "missing_lines": [41, 42, 43, 44, 45, 46, 47, 48, 49, 50, 51, 53, 54, 55, 56, 57, 58, 59, 60, 61, 62, 63, 64, 65, 67, 68, 69, 70, 71, 72, 86, 87, 88, 91, 92, 102, 109, 111, 112, 113, 118, 119, 223, 226, 227, 228, 235, 236, 237, 241, 249, 250, 264, 267, 268, 269, 274, 276, 277, 287, 288, 289, 290, 291, 293, 294, 295, 296, 297, 298, 319, 320, 321, 322, 323, 324, 325, 326, 327, 328, 333, 334, 335, 336, 337, 338, 339, 340, 341, 342, 343, 344, 346, 347, 348, 349, 350, 352, 366, 367, 368, 372, 373, 383, 390, 392, 393, 394, 400, 404, 408, 431, 435, 436, 438, 445, 447, 448, 449, 451, 452, 453, 454, 455, 456, 476, 477, 478, 489, 490, 491, 492, 494, 495, 496, 497, 498, 499, 500, 501, 502, 503, 504, 515, 516, 517, 518, 530, 531, 532, 533, 534, 543, 544, 545, 546, 548, 549, 558, 559, 560, 561, 562, 563, 564, 565, 566, 567, 568, 569, 570, 571, 572, 573, 579, 580, 581, 582, 583, 587, 588, 589, 590, 591, 592, 598, 599, 600, 601, 602, 603, 604, 605, 606, 607, 611, 612, 613, 614, 615, 616, 617, 624, 625, 626, 637, 638, 639, 644, 645, 646, 647, 660, 661, 662, 664, 665, 668, 669, 670, 672, 673, 675, 676, 678, 683, 684, 685, 700, 703, 704, 705, 706, 707, 708, 709, 710, 711, 718, 729, 732, 733, 734, 736, 740, 756, 757, 758, 759, 760, 764, 771, 772, 773, 774, 775, 776, 778, 779, 780, 781, 782, 783, 784, 785, 786, 787, 788, 789, 790], "excluded_lines": [529], "executed_branches": [[273, 280]], "missing_branches": [[50, 51], [50, 53], [56, 57], [56, 63], [57, 56], [57, 58], [63, 64], [63, 67], [68, 69], [68, 70], [86, 87], [86, 91], [91, 92], [91, 109], [236, 237], [236, 241], [273, 274], [290, 291], [290, 293], [335, 336], [335, 342], [336, 335], [336, 337], [342, 343], [342, 346], [347, 348], [347, 349], [366, 367], [366, 372], [372, 373], [372, 390], [447, 448], [447, 451], [489, 490], [489, 491], [491, 492], [491, 494], [495, 496], [495, 497], [497, 498], [497, 504], [498, 499], [498, 500], [515, 516], [515, 517], [531, 532], [531, 543], [533, 531], [533, 534], [559, 560], [559, 562], [566, 567], [566, 581], [568, 569], [568, 570], [579, 580], [579, 581], [591, 592], [591, 599], [661, 662], [661, 664], [669, 670], [669, 672], [675, 676], [675, 678], [710, 711], [710, 718], [733, 734], [733, 736], [774, 775], [774, 776], [782, 783], [782, 784], [786, 787], [786, 788]], "functions": {"async_monitor_bb8_presence": {"executed_lines": [], "summary": {"covered_lines": 0, "num_statements": 40, "percent_covered": 0.0, "percent_covered_display": "0", "missing_lines": 40, "excluded_lines": 0, "num_branches": 14, "num_partial_branches": 0, "covered_branches": 0, "missing_branches": 14}, "missing_lines": [41, 42, 43, 44, 45, 46, 47, 48, 49, 50, 51, 53, 54, 55, 56, 57, 58, 59, 60, 61, 62, 63, 64, 65, 67, 68, 69, 70, 71, 72, 86, 87, 88, 91, 92, 102, 109, 111, 112, 113], "excluded_lines": [], "executed_branches": [], "missing_branches": [[50, 51], [50, 53], [56, 57], [56, 63], [57, 56], [57, 58], [63, 64], [63, 67], [68, 69], [68, 70], [86, 87], [86, 91], [91, 92], [91, 109]]}, "mock_async_ble_scan": {"executed_lines": [], "summary": {"covered_lines": 0, "num_statements": 2, "percent_covered": 0.0, "percent_covered_display": "0", "missing_lines": 2, "excluded_lines": 0, "num_branches": 0, "num_partial_branches": 0, "covered_branches": 0, "missing_branches": 0}, "missing_lines": [118, 119], "excluded_lines": [], "executed_branches": [], "missing_branches": []}, "publish_presence_mqtt": {"executed_lines": [], "summary": {"covered_lines": 0, "num_statements": 10, "percent_covered": 0.0, "percent_covered_display": "0", "missing_lines": 10, "excluded_lines": 0, "num_branches": 2, "num_partial_branches": 0, "covered_branches": 0, "missing_branches": 2}, "missing_lines": [223, 226, 227, 228, 235, 236, 237, 241, 249, 250], "excluded_lines": [], "executed_branches": [], "missing_branches": [[236, 237], [236, 241]]}, "start_presence_monitor": {"executed_lines": [], "summary": {"covered_lines": 0, "num_statements": 4, "percent_covered": 0.0, "percent_covered_display": "0", "missing_lines": 4, "excluded_lines": 0, "num_branches": 0, "num_partial_branches": 0, "covered_branches": 0, "missing_branches": 0}, "missing_lines": [264, 267, 268, 269], "excluded_lines": [], "executed_branches": [], "missing_branches": []}, "atomic_write_yaml": {"executed_lines": [], "summary": {"covered_lines": 0, "num_statements": 11, "percent_covered": 0.0, "percent_covered_display": "0", "missing_lines": 11, "excluded_lines": 0, "num_branches": 2, "num_partial_branches": 0, "covered_branches": 0, "missing_branches": 2}, "missing_lines": [287, 288, 289, 290, 291, 293, 294, 295, 296, 297, 298], "excluded_lines": [], "executed_branches": [], "missing_branches": [[290, 291], [290, 293]]}, "monitor_bb8_presence": {"executed_lines": [], "summary": {"covered_lines": 0, "num_statements": 38, "percent_covered": 0.0, "percent_covered_display": "0", "missing_lines": 38, "excluded_lines": 0, "num_branches": 12, "num_partial_branches": 0, "covered_branches": 0, "missing_branches": 12}, "missing_lines": [319, 320, 321, 322, 323, 324, 325, 326, 327, 328, 333, 334, 335, 336, 337, 338, 339, 340, 341, 342, 343, 344, 346, 347, 348, 349, 350, 352, 366, 367, 368, 372, 373, 383, 390, 392, 393, 394], "excluded_lines": [], "executed_branches": [], "missing_branches": [[335, 336], [335, 342], [336, 335], [336, 337], [342, 343], [342, 346], [347, 348], [347, 349], [366, 367], [366, 372], [372, 373], [372, 390]]}, "mock_ble_scan": {"executed_lines": [], "summary": {"covered_lines": 0, "num_statements": 1, "percent_covered": 0.0, "percent_covered_display": "0", "missing_lines": 1, "excluded_lines": 0, "num_branches": 0, "num_partial_branches": 0, "covered_branches": 0, "missing_branches": 0}, "missing_lines": [400], "excluded_lines": [], "executed_branches": [], "missing_branches": []}, "mock_registry_write": {"executed_lines": [], "summary": {"covered_lines": 0, "num_statements": 1, "percent_covered": 0.0, "percent_covered_display": "0", "missing_lines": 1, "excluded_lines": 0, "num_branches": 0, "num_partial_branches": 0, "covered_branches": 0, "missing_branches": 0}, "missing_lines": [404], "excluded_lines": [], "executed_branches": [], "missing_branches": []}, "mock_mqtt_publish": {"executed_lines": [], "summary": {"covered_lines": 0, "num_statements": 1, "percent_covered": 0.0, "percent_covered_display": "0", "missing_lines": 1, "excluded_lines": 0, "num_branches": 0, "num_partial_branches": 0, "covered_branches": 0, "missing_branches": 0}, "missing_lines": [408], "excluded_lines": [], "executed_branches": [], "missing_branches": []}, "update_bb8_registry": {"executed_lines": [], "summary": {"covered_lines": 0, "num_statements": 14, "percent_covered": 0.0, "percent_covered_display": "0", "missing_lines": 14, "excluded_lines": 0, "num_branches": 2, "num_partial_branches": 0, "covered_branches": 0, "missing_branches": 2}, "missing_lines": [431, 435, 436, 438, 445, 447, 448, 449, 451, 452, 453, 454, 455, 456], "excluded_lines": [], "executed_branches": [], "missing_branches": [[447, 448], [447, 451]]}, "Candidate.__init__": {"executed_lines": [], "summary": {"covered_lines": 0, "num_statements": 3, "percent_covered": 0.0, "percent_covered_display": "0", "missing_lines": 3, "excluded_lines": 0, "num_branches": 0, "num_partial_branches": 0, "covered_branches": 0, "missing_branches": 0}, "missing_lines": [476, 477, 478], "excluded_lines": [], "executed_branches": [], "missing_branches": []}, "_valid_mac": {"executed_lines": [], "summary": {"covered_lines": 0, "num_statements": 15, "percent_covered": 0.0, "percent_covered_display": "0", "missing_lines": 15, "excluded_lines": 0, "num_branches": 10, "num_partial_branches": 0, "covered_branches": 0, "missing_branches": 10}, "missing_lines": [489, 490, 491, 492, 494, 495, 496, 497, 498, 499, 500, 501, 502, 503, 504], "excluded_lines": [], "executed_branches": [], "missing_branches": [[489, 490], [489, 491], [491, 492], [491, 494], [495, 496], [495, 497], [497, 498], [497, 504], [498, 499], [498, 500]]}, "is_probable_bb8": {"executed_lines": [], "summary": {"covered_lines": 0, "num_statements": 4, "percent_covered": 0.0, "percent_covered_display": "0", "missing_lines": 4, "excluded_lines": 0, "num_branches": 2, "num_partial_branches": 0, "covered_branches": 0, "missing_branches": 2}, "missing_lines": [515, 516, 517, 518], "excluded_lines": [], "executed_branches": [], "missing_branches": [[515, 516], [515, 517]]}, "async_scan_for_bb8": {"executed_lines": [], "summary": {"covered_lines": 0, "num_statements": 8, "percent_covered": 0.0, "percent_covered_display": "0", "missing_lines": 8, "excluded_lines": 1, "num_branches": 4, "num_partial_branches": 0, "covered_branches": 0, "missing_branches": 4}, "missing_lines": [530, 531, 532, 533, 534, 543, 548, 549], "excluded_lines": [529], "executed_branches": [], "missing_branches": [[531, 532], [531, 543], [533, 531], [533, 534]]}, "async_scan_for_bb8.score": {"executed_lines": [], "summary": {"covered_lines": 0, "num_statements": 3, "percent_covered": 0.0, "percent_covered_display": "0", "missing_lines": 3, "excluded_lines": 0, "num_branches": 0, "num_partial_branches": 0, "covered_branches": 0, "missing_branches": 0}, "missing_lines": [544, 545, 546], "excluded_lines": [], "executed_branches": [], "missing_branches": []}, "resolve_bb8_mac": {"executed_lines": [], "summary": {"covered_lines": 0, "num_statements": 21, "percent_covered": 0.0, "percent_covered_display": "0", "missing_lines": 21, "excluded_lines": 0, "num_branches": 8, "num_partial_branches": 0, "covered_branches": 0, "missing_branches": 8}, "missing_lines": [558, 559, 560, 561, 562, 563, 564, 565, 566, 567, 568, 569, 570, 571, 572, 573, 579, 580, 581, 582, 583], "excluded_lines": [], "executed_branches": [], "missing_branches": [[559, 560], [559, 562], [566, 567], [566, 581], [568, 569], [568, 570], [579, 580], [579, 581]]}, "load_mac_from_cache": {"executed_lines": [], "summary": {"covered_lines": 0, "num_statements": 16, "percent_covered": 0.0, "percent_covered_display": "0", "missing_lines": 16, "excluded_lines": 0, "num_branches": 2, "num_partial_branches": 0, "covered_branches": 0, "missing_branches": 2}, "missing_lines": [587, 588, 589, 590, 591, 592, 598, 599, 600, 601, 602, 603, 604, 605, 606, 607], "excluded_lines": [], "executed_branches": [], "missing_branches": [[591, 592], [591, 599]]}, "save_mac_to_cache": {"executed_lines": [], "summary": {"covered_lines": 0, "num_statements": 7, "percent_covered": 0.0, "percent_covered_display": "0", "missing_lines": 7, "excluded_lines": 0, "num_branches": 0, "num_partial_branches": 0, "covered_branches": 0, "missing_branches": 0}, "missing_lines": [611, 612, 613, 614, 615, 616, 617], "excluded_lines": [], "executed_branches": [], "missing_branches": []}, "CacheEntry.__init__": {"executed_lines": [], "summary": {"covered_lines": 0, "num_statements": 3, "percent_covered": 0.0, "percent_covered_display": "0", "missing_lines": 3, "excluded_lines": 0, "num_branches": 0, "num_partial_branches": 0, "covered_branches": 0, "missing_branches": 0}, "missing_lines": [624, 625, 626], "excluded_lines": [], "executed_branches": [], "missing_branches": []}, "save_cache": {"executed_lines": [], "summary": {"covered_lines": 0, "num_statements": 7, "percent_covered": 0.0, "percent_covered_display": "0", "missing_lines": 7, "excluded_lines": 0, "num_branches": 0, "num_partial_branches": 0, "covered_branches": 0, "missing_branches": 0}, "missing_lines": [637, 638, 639, 644, 645, 646, 647], "excluded_lines": [], "executed_branches": [], "missing_branches": []}, "load_cache": {"executed_lines": [], "summary": {"covered_lines": 0, "num_statements": 16, "percent_covered": 0.0, "percent_covered_display": "0", "missing_lines": 16, "excluded_lines": 0, "num_branches": 6, "num_partial_branches": 0, "covered_branches": 0, "missing_branches": 6}, "missing_lines": [660, 661, 662, 664, 665, 668, 669, 670, 672, 673, 675, 676, 678, 683, 684, 685], "excluded_lines": [], "executed_branches": [], "missing_branches": [[661, 662], [661, 664], [669, 670], [669, 672], [675, 676], [675, 678]]}, "scan_for_bb8": {"executed_lines": [], "summary": {"covered_lines": 0, "num_statements": 11, "percent_covered": 0.0, "percent_covered_display": "0", "missing_lines": 11, "excluded_lines": 0, "num_branches": 2, "num_partial_branches": 0, "covered_branches": 0, "missing_branches": 2}, "missing_lines": [700, 703, 704, 705, 706, 707, 708, 709, 710, 711, 718], "excluded_lines": [], "executed_branches": [], "missing_branches": [[710, 711], [710, 718]]}, "pick_bb8_mac": {"executed_lines": [], "summary": {"covered_lines": 0, "num_statements": 6, "percent_covered": 0.0, "percent_covered_display": "0", "missing_lines": 6, "excluded_lines": 0, "num_branches": 2, "num_partial_branches": 0, "covered_branches": 0, "missing_branches": 2}, "missing_lines": [729, 732, 733, 734, 736, 740], "excluded_lines": [], "executed_branches": [], "missing_branches": [[733, 734], [733, 736]]}, "Options.__init__": {"executed_lines": [], "summary": {"covered_lines": 0, "num_statements": 5, "percent_covered": 0.0, "percent_covered_display": "0", "missing_lines": 5, "excluded_lines": 0, "num_branches": 0, "num_partial_branches": 0, "covered_branches": 0, "missing_branches": 0}, "missing_lines": [756, 757, 758, 759, 760], "excluded_lines": [], "executed_branches": [], "missing_branches": []}, "connect_bb8": {"executed_lines": [], "summary": {"covered_lines": 0, "num_statements": 15, "percent_covered": 0.0, "percent_covered_display": "0", "missing_lines": 15, "excluded_lines": 0, "num_branches": 4, "num_partial_branches": 0, "covered_branches": 0, "missing_branches": 4}, "missing_lines": [764, 771, 778, 779, 780, 781, 782, 783, 784, 785, 786, 787, 788, 789, 790], "excluded_lines": [], "executed_branches": [], "missing_branches": [[782, 783], [782, 784], [786, 787], [786, 788]]}, "connect_bb8._try": {"executed_lines": [], "summary": {"covered_lines": 0, "num_statements": 5, "percent_covered": 0.0, "percent_covered_display": "0", "missing_lines": 5, "excluded_lines": 0, "num_branches": 2, "num_partial_branches": 0, "covered_branches": 0, "missing_branches": 2}, "missing_lines": [772, 773, 774, 775, 776], "excluded_lines": [], "executed_branches": [], "missing_branches": [[774, 775], [774, 776]]}, "": {"executed_lines": [2, 3, 4, 5, 6, 7, 8, 9, 11, 13, 14, 17, 18, 19, 20, 21, 22, 23, 24, 25, 26, 29, 117, 128, 197, 199, 202, 203, 204, 205, 206, 207, 208, 209, 210, 211, 214, 259, 263, 273, 280, 303, 398, 403, 407, 419, 459, 470, 471, 475, 481, 507, 521, 552, 586, 610, 620, 621, 623, 629, 650, 691, 721, 743, 744, 748, 763], "summary": {"covered_lines": 64, "num_statements": 67, "percent_covered": 94.20289855072464, "percent_covered_display": "94", "missing_lines": 3, "excluded_lines": 0, "num_branches": 2, "num_partial_branches": 1, "covered_branches": 1, "missing_branches": 1}, "missing_lines": [274, 276, 277], "excluded_lines": [], "executed_branches": [[273, 280]], "missing_branches": [[273, 274]]}}, "classes": {"Candidate": {"executed_lines": [], "summary": {"covered_lines": 0, "num_statements": 3, "percent_covered": 0.0, "percent_covered_display": "0", "missing_lines": 3, "excluded_lines": 0, "num_branches": 0, "num_partial_branches": 0, "covered_branches": 0, "missing_branches": 0}, "missing_lines": [476, 477, 478], "excluded_lines": [], "executed_branches": [], "missing_branches": []}, "CacheEntry": {"executed_lines": [], "summary": {"covered_lines": 0, "num_statements": 3, "percent_covered": 0.0, "percent_covered_display": "0", "missing_lines": 3, "excluded_lines": 0, "num_branches": 0, "num_partial_branches": 0, "covered_branches": 0, "missing_branches": 0}, "missing_lines": [624, 625, 626], "excluded_lines": [], "executed_branches": [], "missing_branches": []}, "Options": {"executed_lines": [], "summary": {"covered_lines": 0, "num_statements": 5, "percent_covered": 0.0, "percent_covered_display": "0", "missing_lines": 5, "excluded_lines": 0, "num_branches": 0, "num_partial_branches": 0, "covered_branches": 0, "missing_branches": 0}, "missing_lines": [756, 757, 758, 759, 760], "excluded_lines": [], "executed_branches": [], "missing_branches": []}, "": {"executed_lines": [2, 3, 4, 5, 6, 7, 8, 9, 11, 13, 14, 17, 18, 19, 20, 21, 22, 23, 24, 25, 26, 29, 117, 128, 197, 199, 202, 203, 204, 205, 206, 207, 208, 209, 210, 211, 214, 259, 263, 273, 280, 303, 398, 403, 407, 419, 459, 470, 471, 475, 481, 507, 521, 552, 586, 610, 620, 621, 623, 629, 650, 691, 721, 743, 744, 748, 763], "summary": {"covered_lines": 64, "num_statements": 323, "percent_covered": 16.290726817042607, "percent_covered_display": "16", "missing_lines": 259, "excluded_lines": 1, "num_branches": 76, "num_partial_branches": 1, "covered_branches": 1, "missing_branches": 75}, "missing_lines": [41, 42, 43, 44, 45, 46, 47, 48, 49, 50, 51, 53, 54, 55, 56, 57, 58, 59, 60, 61, 62, 63, 64, 65, 67, 68, 69, 70, 71, 72, 86, 87, 88, 91, 92, 102, 109, 111, 112, 113, 118, 119, 223, 226, 227, 228, 235, 236, 237, 241, 249, 250, 264, 267, 268, 269, 274, 276, 277, 287, 288, 289, 290, 291, 293, 294, 295, 296, 297, 298, 319, 320, 321, 322, 323, 324, 325, 326, 327, 328, 333, 334, 335, 336, 337, 338, 339, 340, 341, 342, 343, 344, 346, 347, 348, 349, 350, 352, 366, 367, 368, 372, 373, 383, 390, 392, 393, 394, 400, 404, 408, 431, 435, 436, 438, 445, 447, 448, 449, 451, 452, 453, 454, 455, 456, 489, 490, 491, 492, 494, 495, 496, 497, 498, 499, 500, 501, 502, 503, 504, 515, 516, 517, 518, 530, 531, 532, 533, 534, 543, 544, 545, 546, 548, 549, 558, 559, 560, 561, 562, 563, 564, 565, 566, 567, 568, 569, 570, 571, 572, 573, 579, 580, 581, 582, 583, 587, 588, 589, 590, 591, 592, 598, 599, 600, 601, 602, 603, 604, 605, 606, 607, 611, 612, 613, 614, 615, 616, 617, 637, 638, 639, 644, 645, 646, 647, 660, 661, 662, 664, 665, 668, 669, 670, 672, 673, 675, 676, 678, 683, 684, 685, 700, 703, 704, 705, 706, 707, 708, 709, 710, 711, 718, 729, 732, 733, 734, 736, 740, 764, 771, 772, 773, 774, 775, 776, 778, 779, 780, 781, 782, 783, 784, 785, 786, 787, 788, 789, 790], "excluded_lines": [529], "executed_branches": [[273, 280]], "missing_branches": [[50, 51], [50, 53], [56, 57], [56, 63], [57, 56], [57, 58], [63, 64], [63, 67], [68, 69], [68, 70], [86, 87], [86, 91], [91, 92], [91, 109], [236, 237], [236, 241], [273, 274], [290, 291], [290, 293], [335, 336], [335, 342], [336, 335], [336, 337], [342, 343], [342, 346], [347, 348], [347, 349], [366, 367], [366, 372], [372, 373], [372, 390], [447, 448], [447, 451], [489, 490], [489, 491], [491, 492], [491, 494], [495, 496], [495, 497], [497, 498], [497, 504], [498, 499], [498, 500], [515, 516], [515, 517], [531, 532], [531, 543], [533, 531], [533, 534], [559, 560], [559, 562], [566, 567], [566, 581], [568, 569], [568, 570], [579, 580], [579, 581], [591, 592], [591, 599], [661, 662], [661, 664], [669, 670], [669, 672], [675, 676], [675, 678], [710, 711], [710, 718], [733, 734], [733, 736], [774, 775], [774, 776], [782, 783], [782, 784], [786, 787], [786, 788]]}}}, "addon/bb8_core/bb8_presence_scanner.py": {"executed_lines": [1, 3, 4, 5, 6, 7, 8, 9, 10, 11, 13, 14, 15, 17, 20, 21, 24, 25, 26, 29, 30, 31, 32, 35, 47, 58, 140, 143, 144, 158, 161, 164, 233, 239, 242, 246, 249, 356, 364, 368, 371, 372, 373, 374, 375, 381, 387, 393, 394, 397, 398, 401, 410, 518, 522, 656, 657, 660, 663, 666, 669, 672, 675, 678, 681, 684, 687, 691, 692, 693, 695, 698, 701, 704, 707, 710, 713, 716, 719, 723, 725, 726, 728, 734, 740, 741, 742, 745, 762, 763, 764, 766, 767, 768, 771, 772, 773, 774, 775, 776, 779, 780, 781, 782, 785, 786, 787, 788, 791, 831, 839, 889, 898, 919, 941, 963, 982, 1004, 1011, 1026, 1052, 1114], "summary": {"covered_lines": 121, "num_statements": 443, "percent_covered": 23.428571428571427, "percent_covered_display": "23", "missing_lines": 322, "excluded_lines": 27, "num_branches": 82, "num_partial_branches": 2, "covered_branches": 2, "missing_branches": 80}, "missing_lines": [36, 37, 38, 40, 41, 42, 43, 44, 48, 65, 66, 67, 82, 97, 104, 106, 113, 116, 118, 119, 130, 137, 165, 166, 168, 169, 170, 171, 172, 173, 174, 175, 176, 183, 185, 186, 187, 188, 189, 190, 196, 198, 199, 200, 201, 202, 208, 210, 211, 212, 214, 215, 217, 218, 219, 220, 221, 223, 224, 240, 255, 264, 266, 282, 298, 313, 333, 352, 361, 365, 403, 404, 415, 416, 417, 419, 420, 421, 422, 424, 425, 426, 427, 428, 429, 432, 434, 435, 444, 447, 448, 450, 451, 460, 481, 484, 491, 506, 508, 509, 511, 523, 524, 531, 534, 540, 545, 551, 556, 561, 564, 567, 570, 573, 577, 578, 579, 580, 582, 583, 585, 586, 592, 594, 598, 602, 604, 606, 608, 609, 615, 616, 617, 623, 624, 625, 627, 629, 632, 633, 638, 639, 640, 641, 643, 644, 646, 647, 648, 649, 661, 664, 667, 670, 673, 676, 679, 682, 685, 688, 696, 699, 702, 705, 708, 711, 714, 717, 720, 729, 730, 731, 746, 751, 752, 753, 754, 792, 794, 813, 814, 815, 816, 817, 818, 820, 821, 822, 823, 824, 825, 832, 833, 834, 835, 836, 847, 848, 849, 850, 851, 852, 853, 854, 856, 857, 859, 860, 861, 862, 863, 864, 865, 868, 869, 870, 871, 872, 875, 876, 877, 878, 879, 880, 881, 882, 883, 884, 891, 892, 899, 900, 901, 902, 903, 904, 905, 906, 907, 908, 909, 910, 911, 912, 913, 914, 916, 920, 921, 922, 923, 942, 943, 944, 945, 946, 947, 948, 949, 950, 951, 952, 953, 954, 964, 965, 966, 967, 968, 969, 970, 971, 972, 973, 974, 975, 983, 984, 985, 986, 1005, 1015, 1016, 1017, 1018, 1019, 1020, 1023, 1032, 1033, 1034, 1035, 1064, 1065, 1066, 1067, 1068, 1069, 1074, 1084, 1094, 1100, 1106, 1108, 1109, 1115, 1117, 1118, 1119, 1120, 1122, 1123, 1124, 1125, 1127, 1128, 1129, 1130, 1142, 1143, 1144, 1145], "excluded_lines": [98, 107, 131, 225, 228, 265, 277, 290, 305, 325, 345, 418, 469, 475, 485, 492, 499, 924, 925, 928, 955, 958, 976, 977, 987, 988, 991], "executed_branches": [[239, 242], [522, 656]], "missing_branches": [[37, 38], [37, 40], [118, -58], [118, 119], [170, 171], [170, 186], [186, 187], [186, 199], [199, 200], [199, 211], [211, 212], [211, 217], [219, 220], [219, 221], [239, 240], [424, 425], [424, 447], [425, 424], [425, 426], [428, 429], [428, 432], [448, 450], [448, 484], [522, 523], [592, 594], [592, 656], [594, 598], [594, 604], [604, 606], [604, 632], [615, 616], [615, 624], [616, 615], [616, 617], [624, 625], [624, 627], [638, 639], [638, 640], [751, 752], [751, 753], [848, 849], [848, 850], [850, 851], [850, 852], [853, 854], [853, 856], [857, 859], [857, 884], [859, 860], [859, 868], [861, 862], [861, 868], [868, 869], [868, 875], [875, 876], [875, 884], [877, 878], [877, 884], [900, 901], [900, 902], [903, 904], [903, 909], [909, 910], [909, 916], [943, 944], [943, 945], [965, 966], [965, 967], [1018, 1019], [1018, 1020], [1117, 1118], [1117, 1122], [1127, 1128], [1127, 1129], [1129, 1130], [1129, 1142], [1142, 1143], [1142, 1144], [1144, -1114], [1144, 1145]], "functions": {"read_version_or_default": {"executed_lines": [], "summary": {"covered_lines": 0, "num_statements": 8, "percent_covered": 0.0, "percent_covered_display": "0", "missing_lines": 8, "excluded_lines": 0, "num_branches": 2, "num_partial_branches": 0, "covered_branches": 0, "missing_branches": 2}, "missing_lines": [36, 37, 38, 40, 41, 42, 43, 44], "excluded_lines": [], "executed_branches": [], "missing_branches": [[37, 38], [37, 40]]}, "_device_block": {"executed_lines": [], "summary": {"covered_lines": 0, "num_statements": 1, "percent_covered": 0.0, "percent_covered_display": "0", "missing_lines": 1, "excluded_lines": 0, "num_branches": 0, "num_partial_branches": 0, "covered_branches": 0, "missing_branches": 0}, "missing_lines": [48], "excluded_lines": [], "executed_branches": [], "missing_branches": []}, "publish_discovery": {"executed_lines": [], "summary": {"covered_lines": 0, "num_statements": 13, "percent_covered": 0.0, "percent_covered_display": "0", "missing_lines": 13, "excluded_lines": 3, "num_branches": 2, "num_partial_branches": 0, "covered_branches": 0, "missing_branches": 2}, "missing_lines": [65, 66, 67, 82, 97, 104, 106, 113, 116, 118, 119, 130, 137], "excluded_lines": [98, 107, 131], "executed_branches": [], "missing_branches": [[118, -58], [118, 119]]}, "log_config": {"executed_lines": [144, 158], "summary": {"covered_lines": 2, "num_statements": 2, "percent_covered": 100.0, "percent_covered_display": "100", "missing_lines": 0, "excluded_lines": 0, "num_branches": 0, "num_partial_branches": 0, "covered_branches": 0, "missing_branches": 0}, "missing_lines": [], "excluded_lines": [], "executed_branches": [], "missing_branches": []}, "_cb_led_set": {"executed_lines": [], "summary": {"covered_lines": 0, "num_statements": 37, "percent_covered": 0.0, "percent_covered_display": "0", "missing_lines": 37, "excluded_lines": 2, "num_branches": 10, "num_partial_branches": 0, "covered_branches": 0, "missing_branches": 10}, "missing_lines": [165, 166, 168, 169, 170, 171, 172, 173, 174, 175, 176, 183, 185, 186, 187, 188, 189, 190, 196, 198, 199, 200, 201, 202, 208, 210, 211, 212, 214, 215, 217, 218, 219, 220, 221, 223, 224], "excluded_lines": [225, 228], "executed_branches": [], "missing_branches": [[170, 171], [170, 186], [186, 187], [186, 199], [199, 200], [199, 211], [211, 212], [211, 217], [219, 220], [219, 221]]}, "ensure_discovery_initialized": {"executed_lines": [239, 242], "summary": {"covered_lines": 2, "num_statements": 3, "percent_covered": 60.0, "percent_covered_display": "60", "missing_lines": 1, "excluded_lines": 0, "num_branches": 2, "num_partial_branches": 1, "covered_branches": 1, "missing_branches": 1}, "missing_lines": [240], "excluded_lines": [], "executed_branches": [[239, 242]], "missing_branches": [[239, 240]]}, "publish_extended_discovery": {"executed_lines": [], "summary": {"covered_lines": 0, "num_statements": 8, "percent_covered": 0.0, "percent_covered_display": "0", "missing_lines": 8, "excluded_lines": 6, "num_branches": 0, "num_partial_branches": 0, "covered_branches": 0, "missing_branches": 0}, "missing_lines": [255, 264, 266, 282, 298, 313, 333, 352], "excluded_lines": [265, 277, 290, 305, 325, 345], "executed_branches": [], "missing_branches": []}, "make_device_id": {"executed_lines": [], "summary": {"covered_lines": 0, "num_statements": 1, "percent_covered": 0.0, "percent_covered_display": "0", "missing_lines": 1, "excluded_lines": 0, "num_branches": 0, "num_partial_branches": 0, "covered_branches": 0, "missing_branches": 0}, "missing_lines": [361], "excluded_lines": [], "executed_branches": [], "missing_branches": []}, "make_base": {"executed_lines": [], "summary": {"covered_lines": 0, "num_statements": 1, "percent_covered": 0.0, "percent_covered_display": "0", "missing_lines": 1, "excluded_lines": 0, "num_branches": 0, "num_partial_branches": 0, "covered_branches": 0, "missing_branches": 0}, "missing_lines": [365], "excluded_lines": [], "executed_branches": [], "missing_branches": []}, "_connect_mqtt": {"executed_lines": [], "summary": {"covered_lines": 0, "num_statements": 2, "percent_covered": 0.0, "percent_covered_display": "0", "missing_lines": 2, "excluded_lines": 0, "num_branches": 0, "num_partial_branches": 0, "covered_branches": 0, "missing_branches": 0}, "missing_lines": [891, 892], "excluded_lines": [], "executed_branches": [], "missing_branches": []}, "scan_and_publish": {"executed_lines": [], "summary": {"covered_lines": 0, "num_statements": 29, "percent_covered": 0.0, "percent_covered_display": "0", "missing_lines": 29, "excluded_lines": 6, "num_branches": 8, "num_partial_branches": 0, "covered_branches": 0, "missing_branches": 8}, "missing_lines": [415, 416, 417, 419, 420, 421, 422, 424, 425, 426, 427, 428, 429, 432, 434, 435, 444, 447, 448, 450, 451, 460, 481, 484, 491, 506, 508, 509, 511], "excluded_lines": [418, 469, 475, 485, 492, 499], "executed_branches": [], "missing_branches": [[424, 425], [424, 447], [425, 424], [425, 426], [428, 429], [428, 432], [448, 450], [448, 484]]}, "_once": {"executed_lines": [], "summary": {"covered_lines": 0, "num_statements": 9, "percent_covered": 0.0, "percent_covered_display": "0", "missing_lines": 9, "excluded_lines": 0, "num_branches": 6, "num_partial_branches": 0, "covered_branches": 0, "missing_branches": 6}, "missing_lines": [608, 609, 615, 616, 617, 623, 624, 625, 627], "excluded_lines": [], "executed_branches": [], "missing_branches": [[615, 616], [615, 624], [616, 615], [616, 617], [624, 625], [624, 627]]}, "_NullBridge.connect": {"executed_lines": [], "summary": {"covered_lines": 0, "num_statements": 1, "percent_covered": 0.0, "percent_covered_display": "0", "missing_lines": 1, "excluded_lines": 0, "num_branches": 0, "num_partial_branches": 0, "covered_branches": 0, "missing_branches": 0}, "missing_lines": [661], "excluded_lines": [], "executed_branches": [], "missing_branches": []}, "_NullBridge.sleep": {"executed_lines": [], "summary": {"covered_lines": 0, "num_statements": 1, "percent_covered": 0.0, "percent_covered_display": "0", "missing_lines": 1, "excluded_lines": 0, "num_branches": 0, "num_partial_branches": 0, "covered_branches": 0, "missing_branches": 0}, "missing_lines": [664], "excluded_lines": [], "executed_branches": [], "missing_branches": []}, "_NullBridge.stop": {"executed_lines": [], "summary": {"covered_lines": 0, "num_statements": 1, "percent_covered": 0.0, "percent_covered_display": "0", "missing_lines": 1, "excluded_lines": 0, "num_branches": 0, "num_partial_branches": 0, "covered_branches": 0, "missing_branches": 0}, "missing_lines": [667], "excluded_lines": [], "executed_branches": [], "missing_branches": []}, "_NullBridge.set_led_off": {"executed_lines": [], "summary": {"covered_lines": 0, "num_statements": 1, "percent_covered": 0.0, "percent_covered_display": "0", "missing_lines": 1, "excluded_lines": 0, "num_branches": 0, "num_partial_branches": 0, "covered_branches": 0, "missing_branches": 0}, "missing_lines": [670], "excluded_lines": [], "executed_branches": [], "missing_branches": []}, "_NullBridge.set_led_rgb": {"executed_lines": [], "summary": {"covered_lines": 0, "num_statements": 1, "percent_covered": 0.0, "percent_covered_display": "0", "missing_lines": 1, "excluded_lines": 0, "num_branches": 0, "num_partial_branches": 0, "covered_branches": 0, "missing_branches": 0}, "missing_lines": [673], "excluded_lines": [], "executed_branches": [], "missing_branches": []}, "_NullBridge.set_heading": {"executed_lines": [], "summary": {"covered_lines": 0, "num_statements": 1, "percent_covered": 0.0, "percent_covered_display": "0", "missing_lines": 1, "excluded_lines": 0, "num_branches": 0, "num_partial_branches": 0, "covered_branches": 0, "missing_branches": 0}, "missing_lines": [676], "excluded_lines": [], "executed_branches": [], "missing_branches": []}, "_NullBridge.set_speed": {"executed_lines": [], "summary": {"covered_lines": 0, "num_statements": 1, "percent_covered": 0.0, "percent_covered_display": "0", "missing_lines": 1, "excluded_lines": 0, "num_branches": 0, "num_partial_branches": 0, "covered_branches": 0, "missing_branches": 0}, "missing_lines": [679], "excluded_lines": [], "executed_branches": [], "missing_branches": []}, "_NullBridge.drive": {"executed_lines": [], "summary": {"covered_lines": 0, "num_statements": 1, "percent_covered": 0.0, "percent_covered_display": "0", "missing_lines": 1, "excluded_lines": 0, "num_branches": 0, "num_partial_branches": 0, "covered_branches": 0, "missing_branches": 0}, "missing_lines": [682], "excluded_lines": [], "executed_branches": [], "missing_branches": []}, "_NullBridge.is_connected": {"executed_lines": [], "summary": {"covered_lines": 0, "num_statements": 1, "percent_covered": 0.0, "percent_covered_display": "0", "missing_lines": 1, "excluded_lines": 0, "num_branches": 0, "num_partial_branches": 0, "covered_branches": 0, "missing_branches": 0}, "missing_lines": [685], "excluded_lines": [], "executed_branches": [], "missing_branches": []}, "_NullBridge.get_rssi": {"executed_lines": [], "summary": {"covered_lines": 0, "num_statements": 1, "percent_covered": 0.0, "percent_covered_display": "0", "missing_lines": 1, "excluded_lines": 0, "num_branches": 0, "num_partial_branches": 0, "covered_branches": 0, "missing_branches": 0}, "missing_lines": [688], "excluded_lines": [], "executed_branches": [], "missing_branches": []}, "_NullFacade.power": {"executed_lines": [], "summary": {"covered_lines": 0, "num_statements": 1, "percent_covered": 0.0, "percent_covered_display": "0", "missing_lines": 1, "excluded_lines": 0, "num_branches": 0, "num_partial_branches": 0, "covered_branches": 0, "missing_branches": 0}, "missing_lines": [696], "excluded_lines": [], "executed_branches": [], "missing_branches": []}, "_NullFacade.stop": {"executed_lines": [], "summary": {"covered_lines": 0, "num_statements": 1, "percent_covered": 0.0, "percent_covered_display": "0", "missing_lines": 1, "excluded_lines": 0, "num_branches": 0, "num_partial_branches": 0, "covered_branches": 0, "missing_branches": 0}, "missing_lines": [699], "excluded_lines": [], "executed_branches": [], "missing_branches": []}, "_NullFacade.set_led_off": {"executed_lines": [], "summary": {"covered_lines": 0, "num_statements": 1, "percent_covered": 0.0, "percent_covered_display": "0", "missing_lines": 1, "excluded_lines": 0, "num_branches": 0, "num_partial_branches": 0, "covered_branches": 0, "missing_branches": 0}, "missing_lines": [702], "excluded_lines": [], "executed_branches": [], "missing_branches": []}, "_NullFacade.set_led_rgb": {"executed_lines": [], "summary": {"covered_lines": 0, "num_statements": 1, "percent_covered": 0.0, "percent_covered_display": "0", "missing_lines": 1, "excluded_lines": 0, "num_branches": 0, "num_partial_branches": 0, "covered_branches": 0, "missing_branches": 0}, "missing_lines": [705], "excluded_lines": [], "executed_branches": [], "missing_branches": []}, "_NullFacade.set_heading": {"executed_lines": [], "summary": {"covered_lines": 0, "num_statements": 1, "percent_covered": 0.0, "percent_covered_display": "0", "missing_lines": 1, "excluded_lines": 0, "num_branches": 0, "num_partial_branches": 0, "covered_branches": 0, "missing_branches": 0}, "missing_lines": [708], "excluded_lines": [], "executed_branches": [], "missing_branches": []}, "_NullFacade.set_speed": {"executed_lines": [], "summary": {"covered_lines": 0, "num_statements": 1, "percent_covered": 0.0, "percent_covered_display": "0", "missing_lines": 1, "excluded_lines": 0, "num_branches": 0, "num_partial_branches": 0, "covered_branches": 0, "missing_branches": 0}, "missing_lines": [711], "excluded_lines": [], "executed_branches": [], "missing_branches": []}, "_NullFacade.drive": {"executed_lines": [], "summary": {"covered_lines": 0, "num_statements": 1, "percent_covered": 0.0, "percent_covered_display": "0", "missing_lines": 1, "excluded_lines": 0, "num_branches": 0, "num_partial_branches": 0, "covered_branches": 0, "missing_branches": 0}, "missing_lines": [714], "excluded_lines": [], "executed_branches": [], "missing_branches": []}, "_NullFacade.is_connected": {"executed_lines": [], "summary": {"covered_lines": 0, "num_statements": 1, "percent_covered": 0.0, "percent_covered_display": "0", "missing_lines": 1, "excluded_lines": 0, "num_branches": 0, "num_partial_branches": 0, "covered_branches": 0, "missing_branches": 0}, "missing_lines": [717], "excluded_lines": [], "executed_branches": [], "missing_branches": []}, "_NullFacade.get_rssi": {"executed_lines": [], "summary": {"covered_lines": 0, "num_statements": 1, "percent_covered": 0.0, "percent_covered_display": "0", "missing_lines": 1, "excluded_lines": 0, "num_branches": 0, "num_partial_branches": 0, "covered_branches": 0, "missing_branches": 0}, "missing_lines": [720], "excluded_lines": [], "executed_branches": [], "missing_branches": []}, "_load_facade": {"executed_lines": [725, 726, 728], "summary": {"covered_lines": 3, "num_statements": 6, "percent_covered": 50.0, "percent_covered_display": "50", "missing_lines": 3, "excluded_lines": 0, "num_branches": 0, "num_partial_branches": 0, "covered_branches": 0, "missing_branches": 0}, "missing_lines": [729, 730, 731], "excluded_lines": [], "executed_branches": [], "missing_branches": []}, "get_mqtt_client": {"executed_lines": [], "summary": {"covered_lines": 0, "num_statements": 5, "percent_covered": 0.0, "percent_covered_display": "0", "missing_lines": 5, "excluded_lines": 0, "num_branches": 2, "num_partial_branches": 0, "covered_branches": 0, "missing_branches": 2}, "missing_lines": [746, 751, 752, 753, 754], "excluded_lines": [], "executed_branches": [], "missing_branches": [[751, 752], [751, 753]]}, "_on_connect": {"executed_lines": [], "summary": {"covered_lines": 0, "num_statements": 14, "percent_covered": 0.0, "percent_covered_display": "0", "missing_lines": 14, "excluded_lines": 0, "num_branches": 0, "num_partial_branches": 0, "covered_branches": 0, "missing_branches": 0}, "missing_lines": [792, 794, 813, 814, 815, 816, 817, 818, 820, 821, 822, 823, 824, 825], "excluded_lines": [], "executed_branches": [], "missing_branches": []}, "_clamp": {"executed_lines": [], "summary": {"covered_lines": 0, "num_statements": 5, "percent_covered": 0.0, "percent_covered_display": "0", "missing_lines": 5, "excluded_lines": 0, "num_branches": 0, "num_partial_branches": 0, "covered_branches": 0, "missing_branches": 0}, "missing_lines": [832, 833, 834, 835, 836], "excluded_lines": [], "executed_branches": [], "missing_branches": []}, "_parse_led_payload": {"executed_lines": [], "summary": {"covered_lines": 0, "num_statements": 32, "percent_covered": 0.0, "percent_covered_display": "0", "missing_lines": 32, "excluded_lines": 0, "num_branches": 18, "num_partial_branches": 0, "covered_branches": 0, "missing_branches": 18}, "missing_lines": [847, 848, 849, 850, 851, 852, 853, 854, 856, 857, 859, 860, 861, 862, 863, 864, 865, 868, 869, 870, 871, 872, 875, 876, 877, 878, 879, 880, 881, 882, 883, 884], "excluded_lines": [], "executed_branches": [], "missing_branches": [[848, 849], [848, 850], [850, 851], [850, 852], [853, 854], [853, 856], [857, 859], [857, 884], [859, 860], [859, 868], [861, 862], [861, 868], [868, 869], [868, 875], [875, 876], [875, 884], [877, 878], [877, 884]]}, "_cb_power_set": {"executed_lines": [], "summary": {"covered_lines": 0, "num_statements": 17, "percent_covered": 0.0, "percent_covered_display": "0", "missing_lines": 17, "excluded_lines": 0, "num_branches": 6, "num_partial_branches": 0, "covered_branches": 0, "missing_branches": 6}, "missing_lines": [899, 900, 901, 902, 903, 904, 905, 906, 907, 908, 909, 910, 911, 912, 913, 914, 916], "excluded_lines": [], "executed_branches": [], "missing_branches": [[900, 901], [900, 902], [903, 904], [903, 909], [909, 910], [909, 916]]}, "_cb_stop_press": {"executed_lines": [], "summary": {"covered_lines": 0, "num_statements": 4, "percent_covered": 0.0, "percent_covered_display": "0", "missing_lines": 4, "excluded_lines": 3, "num_branches": 0, "num_partial_branches": 0, "covered_branches": 0, "missing_branches": 0}, "missing_lines": [920, 921, 922, 923], "excluded_lines": [924, 925, 928], "executed_branches": [], "missing_branches": []}, "_cb_heading_set": {"executed_lines": [], "summary": {"covered_lines": 0, "num_statements": 13, "percent_covered": 0.0, "percent_covered_display": "0", "missing_lines": 13, "excluded_lines": 2, "num_branches": 2, "num_partial_branches": 0, "covered_branches": 0, "missing_branches": 2}, "missing_lines": [942, 943, 944, 945, 946, 947, 948, 949, 950, 951, 952, 953, 954], "excluded_lines": [955, 958], "executed_branches": [], "missing_branches": [[943, 944], [943, 945]]}, "_cb_speed_set": {"executed_lines": [], "summary": {"covered_lines": 0, "num_statements": 12, "percent_covered": 0.0, "percent_covered_display": "0", "missing_lines": 12, "excluded_lines": 2, "num_branches": 2, "num_partial_branches": 0, "covered_branches": 0, "missing_branches": 2}, "missing_lines": [964, 965, 966, 967, 968, 969, 970, 971, 972, 973, 974, 975], "excluded_lines": [976, 977], "executed_branches": [], "missing_branches": [[965, 966], [965, 967]]}, "_cb_drive_press": {"executed_lines": [], "summary": {"covered_lines": 0, "num_statements": 4, "percent_covered": 0.0, "percent_covered_display": "0", "missing_lines": 4, "excluded_lines": 3, "num_branches": 0, "num_partial_branches": 0, "covered_branches": 0, "missing_branches": 0}, "missing_lines": [983, 984, 985, 986], "excluded_lines": [987, 988, 991], "executed_branches": [], "missing_branches": []}, "setup_callbacks": {"executed_lines": [], "summary": {"covered_lines": 0, "num_statements": 1, "percent_covered": 0.0, "percent_covered_display": "0", "missing_lines": 1, "excluded_lines": 0, "num_branches": 0, "num_partial_branches": 0, "covered_branches": 0, "missing_branches": 0}, "missing_lines": [1005], "excluded_lines": [], "executed_branches": [], "missing_branches": []}, "_extract_mac_and_dbus": {"executed_lines": [], "summary": {"covered_lines": 0, "num_statements": 7, "percent_covered": 0.0, "percent_covered_display": "0", "missing_lines": 7, "excluded_lines": 0, "num_branches": 2, "num_partial_branches": 0, "covered_branches": 0, "missing_branches": 2}, "missing_lines": [1015, 1016, 1017, 1018, 1019, 1020, 1023], "excluded_lines": [], "executed_branches": [], "missing_branches": [[1018, 1019], [1018, 1020]]}, "build_device_block": {"executed_lines": [], "summary": {"covered_lines": 0, "num_statements": 4, "percent_covered": 0.0, "percent_covered_display": "0", "missing_lines": 4, "excluded_lines": 0, "num_branches": 0, "num_partial_branches": 0, "covered_branches": 0, "missing_branches": 0}, "missing_lines": [1032, 1033, 1034, 1035], "excluded_lines": [], "executed_branches": [], "missing_branches": []}, "publish_discovery_old": {"executed_lines": [], "summary": {"covered_lines": 0, "num_statements": 13, "percent_covered": 0.0, "percent_covered_display": "0", "missing_lines": 13, "excluded_lines": 0, "num_branches": 0, "num_partial_branches": 0, "covered_branches": 0, "missing_branches": 0}, "missing_lines": [1064, 1065, 1066, 1067, 1068, 1069, 1074, 1084, 1094, 1100, 1106, 1108, 1109], "excluded_lines": [], "executed_branches": [], "missing_branches": []}, "tick_log": {"executed_lines": [], "summary": {"covered_lines": 0, "num_statements": 17, "percent_covered": 0.0, "percent_covered_display": "0", "missing_lines": 17, "excluded_lines": 0, "num_branches": 10, "num_partial_branches": 0, "covered_branches": 0, "missing_branches": 10}, "missing_lines": [1115, 1117, 1118, 1119, 1120, 1122, 1123, 1124, 1125, 1127, 1128, 1129, 1130, 1142, 1143, 1144, 1145], "excluded_lines": [], "executed_branches": [], "missing_branches": [[1117, 1118], [1117, 1122], [1127, 1128], [1127, 1129], [1129, 1130], [1129, 1142], [1142, 1143], [1142, 1144], [1144, -1114], [1144, 1145]]}, "": {"executed_lines": [1, 3, 4, 5, 6, 7, 8, 9, 10, 11, 13, 14, 15, 17, 20, 21, 24, 25, 26, 29, 30, 31, 32, 35, 47, 58, 140, 143, 161, 164, 233, 246, 249, 356, 364, 368, 371, 372, 373, 374, 375, 381, 387, 393, 394, 397, 398, 401, 410, 518, 522, 656, 657, 660, 663, 666, 669, 672, 675, 678, 681, 684, 687, 691, 692, 693, 695, 698, 701, 704, 707, 710, 713, 716, 719, 723, 734, 740, 741, 742, 745, 762, 763, 764, 766, 767, 768, 771, 772, 773, 774, 775, 776, 779, 780, 781, 782, 785, 786, 787, 788, 791, 831, 839, 889, 898, 919, 941, 963, 982, 1004, 1011, 1026, 1052, 1114], "summary": {"covered_lines": 114, "num_statements": 154, "percent_covered": 70.1219512195122, "percent_covered_display": "70", "missing_lines": 40, "excluded_lines": 0, "num_branches": 10, "num_partial_branches": 1, "covered_branches": 1, "missing_branches": 9}, "missing_lines": [523, 524, 531, 534, 540, 545, 551, 556, 561, 564, 567, 570, 573, 577, 578, 579, 580, 582, 583, 585, 586, 592, 594, 598, 602, 604, 606, 629, 632, 633, 638, 639, 640, 641, 643, 644, 646, 647, 648, 649], "excluded_lines": [], "executed_branches": [[522, 656]], "missing_branches": [[522, 523], [592, 594], [592, 656], [594, 598], [594, 604], [604, 606], [604, 632], [638, 639], [638, 640]]}}, "classes": {"RgbTD": {"executed_lines": [], "summary": {"covered_lines": 0, "num_statements": 0, "percent_covered": 100.0, "percent_covered_display": "100", "missing_lines": 0, "excluded_lines": 0, "num_branches": 0, "num_partial_branches": 0, "covered_branches": 0, "missing_branches": 0}, "missing_lines": [], "excluded_lines": [], "executed_branches": [], "missing_branches": []}, "_NullBridge": {"executed_lines": [], "summary": {"covered_lines": 0, "num_statements": 10, "percent_covered": 0.0, "percent_covered_display": "0", "missing_lines": 10, "excluded_lines": 0, "num_branches": 0, "num_partial_branches": 0, "covered_branches": 0, "missing_branches": 0}, "missing_lines": [661, 664, 667, 670, 673, 676, 679, 682, 685, 688], "excluded_lines": [], "executed_branches": [], "missing_branches": []}, "_NullFacade": {"executed_lines": [], "summary": {"covered_lines": 0, "num_statements": 9, "percent_covered": 0.0, "percent_covered_display": "0", "missing_lines": 9, "excluded_lines": 0, "num_branches": 0, "num_partial_branches": 0, "covered_branches": 0, "missing_branches": 0}, "missing_lines": [696, 699, 702, 705, 708, 711, 714, 717, 720], "excluded_lines": [], "executed_branches": [], "missing_branches": []}, "": {"executed_lines": [1, 3, 4, 5, 6, 7, 8, 9, 10, 11, 13, 14, 15, 17, 20, 21, 24, 25, 26, 29, 30, 31, 32, 35, 47, 58, 140, 143, 144, 158, 161, 164, 233, 239, 242, 246, 249, 356, 364, 368, 371, 372, 373, 374, 375, 381, 387, 393, 394, 397, 398, 401, 410, 518, 522, 656, 657, 660, 663, 666, 669, 672, 675, 678, 681, 684, 687, 691, 692, 693, 695, 698, 701, 704, 707, 710, 713, 716, 719, 723, 725, 726, 728, 734, 740, 741, 742, 745, 762, 763, 764, 766, 767, 768, 771, 772, 773, 774, 775, 776, 779, 780, 781, 782, 785, 786, 787, 788, 791, 831, 839, 889, 898, 919, 941, 963, 982, 1004, 1011, 1026, 1052, 1114], "summary": {"covered_lines": 121, "num_statements": 424, "percent_covered": 24.308300395256918, "percent_covered_display": "24", "missing_lines": 303, "excluded_lines": 27, "num_branches": 82, "num_partial_branches": 2, "covered_branches": 2, "missing_branches": 80}, "missing_lines": [36, 37, 38, 40, 41, 42, 43, 44, 48, 65, 66, 67, 82, 97, 104, 106, 113, 116, 118, 119, 130, 137, 165, 166, 168, 169, 170, 171, 172, 173, 174, 175, 176, 183, 185, 186, 187, 188, 189, 190, 196, 198, 199, 200, 201, 202, 208, 210, 211, 212, 214, 215, 217, 218, 219, 220, 221, 223, 224, 240, 255, 264, 266, 282, 298, 313, 333, 352, 361, 365, 403, 404, 415, 416, 417, 419, 420, 421, 422, 424, 425, 426, 427, 428, 429, 432, 434, 435, 444, 447, 448, 450, 451, 460, 481, 484, 491, 506, 508, 509, 511, 523, 524, 531, 534, 540, 545, 551, 556, 561, 564, 567, 570, 573, 577, 578, 579, 580, 582, 583, 585, 586, 592, 594, 598, 602, 604, 606, 608, 609, 615, 616, 617, 623, 624, 625, 627, 629, 632, 633, 638, 639, 640, 641, 643, 644, 646, 647, 648, 649, 729, 730, 731, 746, 751, 752, 753, 754, 792, 794, 813, 814, 815, 816, 817, 818, 820, 821, 822, 823, 824, 825, 832, 833, 834, 835, 836, 847, 848, 849, 850, 851, 852, 853, 854, 856, 857, 859, 860, 861, 862, 863, 864, 865, 868, 869, 870, 871, 872, 875, 876, 877, 878, 879, 880, 881, 882, 883, 884, 891, 892, 899, 900, 901, 902, 903, 904, 905, 906, 907, 908, 909, 910, 911, 912, 913, 914, 916, 920, 921, 922, 923, 942, 943, 944, 945, 946, 947, 948, 949, 950, 951, 952, 953, 954, 964, 965, 966, 967, 968, 969, 970, 971, 972, 973, 974, 975, 983, 984, 985, 986, 1005, 1015, 1016, 1017, 1018, 1019, 1020, 1023, 1032, 1033, 1034, 1035, 1064, 1065, 1066, 1067, 1068, 1069, 1074, 1084, 1094, 1100, 1106, 1108, 1109, 1115, 1117, 1118, 1119, 1120, 1122, 1123, 1124, 1125, 1127, 1128, 1129, 1130, 1142, 1143, 1144, 1145], "excluded_lines": [98, 107, 131, 225, 228, 265, 277, 290, 305, 325, 345, 418, 469, 475, 485, 492, 499, 924, 925, 928, 955, 958, 976, 977, 987, 988, 991], "executed_branches": [[239, 242], [522, 656]], "missing_branches": [[37, 38], [37, 40], [118, -58], [118, 119], [170, 171], [170, 186], [186, 187], [186, 199], [199, 200], [199, 211], [211, 212], [211, 217], [219, 220], [219, 221], [239, 240], [424, 425], [424, 447], [425, 424], [425, 426], [428, 429], [428, 432], [448, 450], [448, 484], [522, 523], [592, 594], [592, 656], [594, 598], [594, 604], [604, 606], [604, 632], [615, 616], [615, 624], [616, 615], [616, 617], [624, 625], [624, 627], [638, 639], [638, 640], [751, 752], [751, 753], [848, 849], [848, 850], [850, 851], [850, 852], [853, 854], [853, 856], [857, 859], [857, 884], [859, 860], [859, 868], [861, 862], [861, 868], [868, 869], [868, 875], [875, 876], [875, 884], [877, 878], [877, 884], [900, 901], [900, 902], [903, 904], [903, 909], [909, 910], [909, 916], [943, 944], [943, 945], [965, 966], [965, 967], [1018, 1019], [1018, 1020], [1117, 1118], [1117, 1122], [1127, 1128], [1127, 1129], [1129, 1130], [1129, 1142], [1142, 1143], [1142, 1144], [1144, -1114], [1144, 1145]]}}}, "addon/bb8_core/ble_bridge.py": {"executed_lines": [1, 3, 4, 5, 6, 7, 8, 9, 11, 12, 13, 14, 15, 16, 17, 19, 20, 21, 22, 24, 26, 27, 28, 35, 38, 39, 42, 43, 46, 55, 57, 79, 101, 139, 143, 174, 210, 214, 226, 306, 325, 357, 416, 438, 448, 458, 470, 483, 497, 548, 639, 650, 674, 682, 713], "summary": {"covered_lines": 39, "num_statements": 160, "percent_covered": 21.195652173913043, "percent_covered_display": "21", "missing_lines": 121, "excluded_lines": 411, "num_branches": 24, "num_partial_branches": 0, "covered_branches": 0, "missing_branches": 24}, "missing_lines": [40, 41, 44, 45, 332, 334, 335, 336, 337, 338, 339, 340, 341, 343, 344, 346, 349, 471, 472, 473, 474, 475, 476, 477, 479, 480, 484, 485, 486, 487, 489, 491, 492, 499, 500, 501, 502, 503, 504, 506, 507, 508, 509, 510, 514, 515, 516, 521, 525, 526, 527, 528, 529, 530, 534, 535, 536, 541, 545, 549, 550, 551, 552, 553, 554, 555, 556, 632, 633, 634, 640, 641, 642, 646, 647, 653, 654, 655, 656, 659, 660, 661, 662, 663, 668, 669, 670, 671, 675, 676, 678, 679, 685, 686, 687, 688, 689, 690, 691, 692, 693, 696, 697, 702, 703, 705, 706, 707, 709, 710, 714, 720, 721, 723, 735, 748, 758, 768, 777, 787, 800], "excluded_lines": [35, 36, 57, 58, 59, 60, 61, 62, 63, 64, 65, 66, 67, 68, 69, 70, 71, 72, 73, 74, 75, 76, 77, 79, 80, 81, 82, 83, 84, 85, 86, 87, 88, 89, 90, 91, 92, 93, 94, 95, 96, 97, 98, 99, 101, 102, 103, 104, 105, 106, 107, 108, 109, 110, 111, 112, 113, 114, 115, 116, 117, 118, 119, 120, 121, 122, 123, 124, 125, 126, 127, 128, 129, 130, 131, 132, 133, 134, 135, 136, 137, 139, 140, 141, 143, 144, 145, 146, 147, 148, 149, 150, 151, 152, 153, 154, 155, 156, 157, 158, 159, 160, 161, 162, 163, 164, 165, 166, 167, 168, 169, 170, 171, 172, 174, 175, 176, 177, 178, 179, 180, 181, 182, 183, 184, 185, 186, 187, 188, 189, 190, 191, 192, 193, 194, 195, 196, 197, 198, 199, 200, 201, 202, 203, 204, 205, 206, 207, 208, 210, 211, 212, 214, 215, 216, 217, 218, 219, 220, 221, 222, 223, 224, 226, 227, 228, 229, 230, 231, 232, 233, 234, 235, 236, 237, 238, 239, 240, 241, 242, 243, 244, 245, 246, 247, 248, 249, 250, 251, 252, 253, 254, 255, 256, 257, 258, 259, 260, 261, 262, 263, 264, 265, 266, 267, 268, 269, 270, 271, 272, 273, 274, 275, 276, 277, 278, 279, 280, 281, 282, 283, 284, 285, 286, 287, 288, 289, 290, 291, 292, 293, 294, 295, 296, 297, 298, 299, 300, 306, 307, 308, 309, 310, 311, 312, 313, 314, 315, 316, 317, 318, 319, 320, 321, 322, 323, 357, 358, 359, 360, 361, 362, 363, 364, 365, 366, 367, 368, 369, 370, 371, 372, 373, 374, 375, 376, 377, 378, 379, 380, 381, 382, 383, 384, 385, 386, 387, 388, 389, 390, 391, 392, 393, 394, 395, 396, 397, 398, 399, 400, 401, 402, 403, 404, 405, 406, 407, 408, 409, 410, 411, 412, 413, 414, 416, 417, 418, 419, 420, 421, 422, 423, 424, 425, 426, 427, 428, 429, 430, 431, 432, 433, 434, 435, 436, 438, 439, 440, 441, 442, 443, 444, 445, 446, 448, 449, 450, 451, 452, 453, 454, 455, 458, 459, 460, 461, 462, 463, 464, 465, 466, 467, 478, 490, 494, 557, 558, 559, 560, 561, 562, 563, 564, 565, 566, 567, 570, 571, 576, 580, 581, 582, 583, 584, 585, 586, 590, 591, 596, 600, 601, 602, 603, 604, 605, 606, 607, 612, 616, 617, 618, 619, 620, 621, 622, 627, 631, 643, 667, 677, 708], "executed_branches": [], "missing_branches": [[340, 341], [340, 343], [473, 474], [473, 479], [475, 474], [475, 476], [485, 486], [485, 489], [502, 503], [502, 506], [508, 509], [508, 514], [528, 529], [528, 534], [553, 554], [553, 556], [654, 655], [654, 669], [685, 686], [685, 709], [692, 693], [692, 697], [702, 703], [702, 705]], "functions": {"BLEBridge.set_heading": {"executed_lines": [], "summary": {"covered_lines": 0, "num_statements": 0, "percent_covered": 100.0, "percent_covered_display": "100", "missing_lines": 0, "excluded_lines": 20, "num_branches": 0, "num_partial_branches": 0, "covered_branches": 0, "missing_branches": 0}, "missing_lines": [], "excluded_lines": [58, 59, 60, 61, 62, 63, 64, 65, 66, 67, 68, 69, 70, 71, 72, 73, 74, 75, 76, 77], "executed_branches": [], "missing_branches": []}, "BLEBridge.set_speed": {"executed_lines": [], "summary": {"covered_lines": 0, "num_statements": 0, "percent_covered": 100.0, "percent_covered_display": "100", "missing_lines": 0, "excluded_lines": 20, "num_branches": 0, "num_partial_branches": 0, "covered_branches": 0, "missing_branches": 0}, "missing_lines": [], "excluded_lines": [80, 81, 82, 83, 84, 85, 86, 87, 88, 89, 90, 91, 92, 93, 94, 95, 96, 97, 98, 99], "executed_branches": [], "missing_branches": []}, "BLEBridge.drive": {"executed_lines": [], "summary": {"covered_lines": 0, "num_statements": 0, "percent_covered": 100.0, "percent_covered_display": "100", "missing_lines": 0, "excluded_lines": 36, "num_branches": 0, "num_partial_branches": 0, "covered_branches": 0, "missing_branches": 0}, "missing_lines": [], "excluded_lines": [102, 103, 104, 105, 106, 107, 108, 109, 110, 111, 112, 113, 114, 115, 116, 117, 118, 119, 120, 121, 122, 123, 124, 125, 126, 127, 128, 129, 130, 131, 132, 133, 134, 135, 136, 137], "executed_branches": [], "missing_branches": []}, "BLEBridge.set_led_off": {"executed_lines": [], "summary": {"covered_lines": 0, "num_statements": 0, "percent_covered": 100.0, "percent_covered_display": "100", "missing_lines": 0, "excluded_lines": 2, "num_branches": 0, "num_partial_branches": 0, "covered_branches": 0, "missing_branches": 0}, "missing_lines": [], "excluded_lines": [140, 141], "executed_branches": [], "missing_branches": []}, "BLEBridge.set_led_rgb": {"executed_lines": [], "summary": {"covered_lines": 0, "num_statements": 0, "percent_covered": 100.0, "percent_covered_display": "100", "missing_lines": 0, "excluded_lines": 29, "num_branches": 0, "num_partial_branches": 0, "covered_branches": 0, "missing_branches": 0}, "missing_lines": [], "excluded_lines": [144, 145, 146, 147, 148, 149, 150, 151, 152, 153, 154, 155, 156, 157, 158, 159, 160, 161, 162, 163, 164, 165, 166, 167, 168, 169, 170, 171, 172], "executed_branches": [], "missing_branches": []}, "BLEBridge.sleep": {"executed_lines": [], "summary": {"covered_lines": 0, "num_statements": 0, "percent_covered": 100.0, "percent_covered_display": "100", "missing_lines": 0, "excluded_lines": 34, "num_branches": 0, "num_partial_branches": 0, "covered_branches": 0, "missing_branches": 0}, "missing_lines": [], "excluded_lines": [175, 176, 177, 178, 179, 180, 181, 182, 183, 184, 185, 186, 187, 188, 189, 190, 191, 192, 193, 194, 195, 196, 197, 198, 199, 200, 201, 202, 203, 204, 205, 206, 207, 208], "executed_branches": [], "missing_branches": []}, "BLEBridge.is_connected": {"executed_lines": [], "summary": {"covered_lines": 0, "num_statements": 0, "percent_covered": 100.0, "percent_covered_display": "100", "missing_lines": 0, "excluded_lines": 2, "num_branches": 0, "num_partial_branches": 0, "covered_branches": 0, "missing_branches": 0}, "missing_lines": [], "excluded_lines": [211, 212], "executed_branches": [], "missing_branches": []}, "BLEBridge.get_rssi": {"executed_lines": [], "summary": {"covered_lines": 0, "num_statements": 0, "percent_covered": 100.0, "percent_covered_display": "100", "missing_lines": 0, "excluded_lines": 10, "num_branches": 0, "num_partial_branches": 0, "covered_branches": 0, "missing_branches": 0}, "missing_lines": [], "excluded_lines": [215, 216, 217, 218, 219, 220, 221, 222, 223, 224], "executed_branches": [], "missing_branches": []}, "BLEBridge.attach_mqtt": {"executed_lines": [], "summary": {"covered_lines": 0, "num_statements": 0, "percent_covered": 100.0, "percent_covered_display": "100", "missing_lines": 0, "excluded_lines": 15, "num_branches": 0, "num_partial_branches": 0, "covered_branches": 0, "missing_branches": 0}, "missing_lines": [], "excluded_lines": [229, 230, 231, 232, 233, 234, 235, 236, 243, 244, 245, 269, 270, 282, 283], "executed_branches": [], "missing_branches": []}, "BLEBridge.attach_mqtt._pub": {"executed_lines": [], "summary": {"covered_lines": 0, "num_statements": 0, "percent_covered": 100.0, "percent_covered_display": "100", "missing_lines": 0, "excluded_lines": 6, "num_branches": 0, "num_partial_branches": 0, "covered_branches": 0, "missing_branches": 0}, "missing_lines": [], "excluded_lines": [237, 238, 239, 240, 241, 242], "executed_branches": [], "missing_branches": []}, "BLEBridge.attach_mqtt._handle_power": {"executed_lines": [], "summary": {"covered_lines": 0, "num_statements": 0, "percent_covered": 100.0, "percent_covered_display": "100", "missing_lines": 0, "excluded_lines": 23, "num_branches": 0, "num_partial_branches": 0, "covered_branches": 0, "missing_branches": 0}, "missing_lines": [], "excluded_lines": [246, 247, 248, 249, 250, 251, 252, 253, 254, 255, 256, 257, 258, 259, 260, 261, 262, 263, 264, 265, 266, 267, 268], "executed_branches": [], "missing_branches": []}, "BLEBridge.attach_mqtt._parse_color": {"executed_lines": [], "summary": {"covered_lines": 0, "num_statements": 0, "percent_covered": 100.0, "percent_covered_display": "100", "missing_lines": 0, "excluded_lines": 11, "num_branches": 0, "num_partial_branches": 0, "covered_branches": 0, "missing_branches": 0}, "missing_lines": [], "excluded_lines": [271, 272, 273, 274, 275, 276, 277, 278, 279, 280, 281], "executed_branches": [], "missing_branches": []}, "BLEBridge.attach_mqtt._handle_led": {"executed_lines": [], "summary": {"covered_lines": 0, "num_statements": 0, "percent_covered": 100.0, "percent_covered_display": "100", "missing_lines": 0, "excluded_lines": 17, "num_branches": 0, "num_partial_branches": 0, "covered_branches": 0, "missing_branches": 0}, "missing_lines": [], "excluded_lines": [284, 285, 286, 287, 288, 289, 290, 291, 292, 293, 294, 295, 296, 297, 298, 299, 300], "executed_branches": [], "missing_branches": []}, "BLEBridge.handle_stop_command": {"executed_lines": [], "summary": {"covered_lines": 0, "num_statements": 0, "percent_covered": 100.0, "percent_covered_display": "100", "missing_lines": 0, "excluded_lines": 16, "num_branches": 0, "num_partial_branches": 0, "covered_branches": 0, "missing_branches": 0}, "missing_lines": [], "excluded_lines": [307, 308, 309, 310, 311, 312, 313, 314, 315, 316, 317, 318, 320, 321, 322, 323], "executed_branches": [], "missing_branches": []}, "BLEBridge.handle_stop_command._reset": {"executed_lines": [], "summary": {"covered_lines": 0, "num_statements": 0, "percent_covered": 100.0, "percent_covered_display": "100", "missing_lines": 0, "excluded_lines": 1, "num_branches": 0, "num_partial_branches": 0, "covered_branches": 0, "missing_branches": 0}, "missing_lines": [], "excluded_lines": [319], "executed_branches": [], "missing_branches": []}, "BLEBridge.__init__": {"executed_lines": [], "summary": {"covered_lines": 0, "num_statements": 13, "percent_covered": 0.0, "percent_covered_display": "0", "missing_lines": 13, "excluded_lines": 0, "num_branches": 2, "num_partial_branches": 0, "covered_branches": 0, "missing_branches": 2}, "missing_lines": [332, 334, 335, 336, 337, 338, 339, 340, 341, 343, 344, 346, 349], "excluded_lines": [], "executed_branches": [], "missing_branches": [[340, 341], [340, 343]]}, "BLEBridge.connect_bb8": {"executed_lines": [], "summary": {"covered_lines": 0, "num_statements": 0, "percent_covered": 100.0, "percent_covered_display": "100", "missing_lines": 0, "excluded_lines": 57, "num_branches": 0, "num_partial_branches": 0, "covered_branches": 0, "missing_branches": 0}, "missing_lines": [], "excluded_lines": [358, 359, 360, 361, 362, 363, 364, 365, 366, 367, 368, 369, 370, 371, 372, 373, 374, 375, 376, 377, 378, 379, 380, 381, 382, 383, 384, 385, 386, 387, 388, 389, 390, 391, 392, 393, 394, 395, 396, 397, 398, 399, 400, 401, 402, 403, 404, 405, 406, 407, 408, 409, 410, 411, 412, 413, 414], "executed_branches": [], "missing_branches": []}, "BLEBridge.connect": {"executed_lines": [], "summary": {"covered_lines": 0, "num_statements": 0, "percent_covered": 100.0, "percent_covered_display": "100", "missing_lines": 0, "excluded_lines": 20, "num_branches": 0, "num_partial_branches": 0, "covered_branches": 0, "missing_branches": 0}, "missing_lines": [], "excluded_lines": [417, 418, 419, 420, 421, 422, 423, 424, 425, 426, 427, 428, 429, 430, 431, 432, 433, 434, 435, 436], "executed_branches": [], "missing_branches": []}, "BLEBridge.diagnostics": {"executed_lines": [], "summary": {"covered_lines": 0, "num_statements": 0, "percent_covered": 100.0, "percent_covered_display": "100", "missing_lines": 0, "excluded_lines": 8, "num_branches": 0, "num_partial_branches": 0, "covered_branches": 0, "missing_branches": 0}, "missing_lines": [], "excluded_lines": [439, 440, 441, 442, 443, 444, 445, 446], "executed_branches": [], "missing_branches": []}, "BLEBridge.shutdown": {"executed_lines": [], "summary": {"covered_lines": 0, "num_statements": 0, "percent_covered": 100.0, "percent_covered_display": "100", "missing_lines": 0, "excluded_lines": 7, "num_branches": 0, "num_partial_branches": 0, "covered_branches": 0, "missing_branches": 0}, "missing_lines": [], "excluded_lines": [449, 450, 451, 452, 453, 454, 455], "executed_branches": [], "missing_branches": []}, "BLEBridge._with_controller": {"executed_lines": [], "summary": {"covered_lines": 0, "num_statements": 0, "percent_covered": 100.0, "percent_covered_display": "100", "missing_lines": 0, "excluded_lines": 9, "num_branches": 0, "num_partial_branches": 0, "covered_branches": 0, "missing_branches": 0}, "missing_lines": [], "excluded_lines": [459, 460, 461, 462, 463, 464, 465, 466, 467], "executed_branches": [], "missing_branches": []}, "bb8_find": {"executed_lines": [], "summary": {"covered_lines": 0, "num_statements": 9, "percent_covered": 0.0, "percent_covered_display": "0", "missing_lines": 9, "excluded_lines": 1, "num_branches": 4, "num_partial_branches": 0, "covered_branches": 0, "missing_branches": 4}, "missing_lines": [471, 472, 473, 474, 475, 476, 477, 479, 480], "excluded_lines": [478], "executed_branches": [], "missing_branches": [[473, 474], [473, 479], [475, 474], [475, 476]]}, "bb8_power_on_sequence": {"executed_lines": [], "summary": {"covered_lines": 0, "num_statements": 7, "percent_covered": 0.0, "percent_covered_display": "0", "missing_lines": 7, "excluded_lines": 2, "num_branches": 2, "num_partial_branches": 0, "covered_branches": 0, "missing_branches": 2}, "missing_lines": [484, 485, 486, 487, 489, 491, 492], "excluded_lines": [490, 494], "executed_branches": [], "missing_branches": [[485, 486], [485, 489]]}, "_power_on_sequence_body": {"executed_lines": [], "summary": {"covered_lines": 0, "num_statements": 26, "percent_covered": 0.0, "percent_covered_display": "0", "missing_lines": 26, "excluded_lines": 0, "num_branches": 6, "num_partial_branches": 0, "covered_branches": 0, "missing_branches": 6}, "missing_lines": [499, 500, 501, 502, 503, 504, 506, 507, 508, 509, 510, 514, 515, 516, 521, 525, 526, 527, 528, 529, 530, 534, 535, 536, 541, 545], "excluded_lines": [], "executed_branches": [], "missing_branches": [[502, 503], [502, 506], [508, 509], [508, 514], [528, 529], [528, 534]]}, "bb8_power_off_sequence": {"executed_lines": [], "summary": {"covered_lines": 0, "num_statements": 11, "percent_covered": 0.0, "percent_covered_display": "0", "missing_lines": 11, "excluded_lines": 42, "num_branches": 2, "num_partial_branches": 0, "covered_branches": 0, "missing_branches": 2}, "missing_lines": [549, 550, 551, 552, 553, 554, 555, 556, 632, 633, 634], "excluded_lines": [557, 558, 559, 560, 561, 562, 563, 564, 565, 566, 567, 570, 571, 576, 580, 581, 582, 583, 584, 585, 586, 590, 591, 596, 600, 601, 602, 603, 604, 605, 606, 607, 612, 616, 617, 618, 619, 620, 621, 622, 627, 631], "executed_branches": [], "missing_branches": [[553, 554], [553, 556]]}, "publish_bb8_error": {"executed_lines": [], "summary": {"covered_lines": 0, "num_statements": 5, "percent_covered": 0.0, "percent_covered_display": "0", "missing_lines": 5, "excluded_lines": 1, "num_branches": 0, "num_partial_branches": 0, "covered_branches": 0, "missing_branches": 0}, "missing_lines": [640, 641, 642, 646, 647], "excluded_lines": [643], "executed_branches": [], "missing_branches": []}, "ble_command_with_retry": {"executed_lines": [], "summary": {"covered_lines": 0, "num_statements": 13, "percent_covered": 0.0, "percent_covered_display": "0", "missing_lines": 13, "excluded_lines": 1, "num_branches": 2, "num_partial_branches": 0, "covered_branches": 0, "missing_branches": 2}, "missing_lines": [653, 654, 655, 656, 659, 660, 661, 662, 663, 668, 669, 670, 671], "excluded_lines": [667], "executed_branches": [], "missing_branches": [[654, 655], [654, 669]]}, "publish_discovery": {"executed_lines": [], "summary": {"covered_lines": 0, "num_statements": 4, "percent_covered": 0.0, "percent_covered_display": "0", "missing_lines": 4, "excluded_lines": 1, "num_branches": 0, "num_partial_branches": 0, "covered_branches": 0, "missing_branches": 0}, "missing_lines": [675, 676, 678, 679], "excluded_lines": [677], "executed_branches": [], "missing_branches": []}, "connect_bb8_with_retry": {"executed_lines": [], "summary": {"covered_lines": 0, "num_statements": 18, "percent_covered": 0.0, "percent_covered_display": "0", "missing_lines": 18, "excluded_lines": 1, "num_branches": 6, "num_partial_branches": 0, "covered_branches": 0, "missing_branches": 6}, "missing_lines": [685, 686, 687, 688, 689, 690, 691, 692, 693, 696, 697, 702, 703, 705, 706, 707, 709, 710], "excluded_lines": [708], "executed_branches": [], "missing_branches": [[685, 686], [685, 709], [692, 693], [692, 697], [702, 703], [702, 705]]}, "register_bb8_entities": {"executed_lines": [], "summary": {"covered_lines": 0, "num_statements": 11, "percent_covered": 0.0, "percent_covered_display": "0", "missing_lines": 11, "excluded_lines": 0, "num_branches": 0, "num_partial_branches": 0, "covered_branches": 0, "missing_branches": 0}, "missing_lines": [714, 720, 721, 723, 735, 748, 758, 768, 777, 787, 800], "excluded_lines": [], "executed_branches": [], "missing_branches": []}, "": {"executed_lines": [1, 3, 4, 5, 6, 7, 8, 9, 11, 12, 13, 14, 15, 16, 17, 19, 20, 21, 22, 24, 26, 27, 28, 35, 38, 39, 42, 43, 46, 55, 57, 79, 101, 139, 143, 174, 210, 214, 226, 306, 325, 357, 416, 438, 448, 458, 470, 483, 497, 548, 639, 650, 674, 682, 713], "summary": {"covered_lines": 39, "num_statements": 43, "percent_covered": 90.69767441860465, "percent_covered_display": "91", "missing_lines": 4, "excluded_lines": 19, "num_branches": 0, "num_partial_branches": 0, "covered_branches": 0, "missing_branches": 0}, "missing_lines": [40, 41, 44, 45], "excluded_lines": [35, 36, 57, 79, 101, 139, 143, 174, 210, 214, 226, 227, 228, 306, 357, 416, 438, 448, 458], "executed_branches": [], "missing_branches": []}}, "classes": {"BLEBridge": {"executed_lines": [], "summary": {"covered_lines": 0, "num_statements": 13, "percent_covered": 0.0, "percent_covered_display": "0", "missing_lines": 13, "excluded_lines": 343, "num_branches": 2, "num_partial_branches": 0, "covered_branches": 0, "missing_branches": 2}, "missing_lines": [332, 334, 335, 336, 337, 338, 339, 340, 341, 343, 344, 346, 349], "excluded_lines": [58, 59, 60, 61, 62, 63, 64, 65, 66, 67, 68, 69, 70, 71, 72, 73, 74, 75, 76, 77, 80, 81, 82, 83, 84, 85, 86, 87, 88, 89, 90, 91, 92, 93, 94, 95, 96, 97, 98, 99, 102, 103, 104, 105, 106, 107, 108, 109, 110, 111, 112, 113, 114, 115, 116, 117, 118, 119, 120, 121, 122, 123, 124, 125, 126, 127, 128, 129, 130, 131, 132, 133, 134, 135, 136, 137, 140, 141, 144, 145, 146, 147, 148, 149, 150, 151, 152, 153, 154, 155, 156, 157, 158, 159, 160, 161, 162, 163, 164, 165, 166, 167, 168, 169, 170, 171, 172, 175, 176, 177, 178, 179, 180, 181, 182, 183, 184, 185, 186, 187, 188, 189, 190, 191, 192, 193, 194, 195, 196, 197, 198, 199, 200, 201, 202, 203, 204, 205, 206, 207, 208, 211, 212, 215, 216, 217, 218, 219, 220, 221, 222, 223, 224, 229, 230, 231, 232, 233, 234, 235, 236, 237, 238, 239, 240, 241, 242, 243, 244, 245, 246, 247, 248, 249, 250, 251, 252, 253, 254, 255, 256, 257, 258, 259, 260, 261, 262, 263, 264, 265, 266, 267, 268, 269, 270, 271, 272, 273, 274, 275, 276, 277, 278, 279, 280, 281, 282, 283, 284, 285, 286, 287, 288, 289, 290, 291, 292, 293, 294, 295, 296, 297, 298, 299, 300, 307, 308, 309, 310, 311, 312, 313, 314, 315, 316, 317, 318, 319, 320, 321, 322, 323, 358, 359, 360, 361, 362, 363, 364, 365, 366, 367, 368, 369, 370, 371, 372, 373, 374, 375, 376, 377, 378, 379, 380, 381, 382, 383, 384, 385, 386, 387, 388, 389, 390, 391, 392, 393, 394, 395, 396, 397, 398, 399, 400, 401, 402, 403, 404, 405, 406, 407, 408, 409, 410, 411, 412, 413, 414, 417, 418, 419, 420, 421, 422, 423, 424, 425, 426, 427, 428, 429, 430, 431, 432, 433, 434, 435, 436, 439, 440, 441, 442, 443, 444, 445, 446, 449, 450, 451, 452, 453, 454, 455, 459, 460, 461, 462, 463, 464, 465, 466, 467], "executed_branches": [], "missing_branches": [[340, 341], [340, 343]]}, "": {"executed_lines": [1, 3
[...]
84, 89, 90, 91, 92, 95, 100, 101, 102, 107, 109, 110, 112, 113, 114, 117, 118, 119, 127, 129, 130, 132, 133, 134, 135, 138, 139, 140, 148, 149, 150, 151, 152, 155, 156, 157, 164, 166, 167, 169, 170, 171, 174, 175, 176, 177, 184, 185, 186, 187, 191, 192, 193, 194], "excluded_lines": [], "executed_branches": [], "missing_branches": []}}}, "addon/tests/test_types.py": {"executed_lines": [6, 9, 10, 12, 20, 27, 38, 48], "summary": {"covered_lines": 7, "num_statements": 30, "percent_covered": 21.875, "percent_covered_display": "22", "missing_lines": 23, "excluded_lines": 0, "num_branches": 2, "num_partial_branches": 0, "covered_branches": 0, "missing_branches": 2}, "missing_lines": [15, 17, 18, 22, 24, 25, 29, 31, 32, 34, 35, 36, 40, 42, 43, 45, 46, 51, 54, 55, 56, 57, 58], "excluded_lines": [], "executed_branches": [], "missing_branches": [[55, -48], [55, 56]], "functions": {"TestProtocolDefinitions.test_mqtt_client_protocol": {"executed_lines": [], "summary": {"covered_lines": 0, "num_statements": 3, "percent_covered": 0.0, "percent_covered_display": "0", "missing_lines": 3, "excluded_lines": 0, "num_branches": 0, "num_partial_branches": 0, "covered_branches": 0, "missing_branches": 0}, "missing_lines": [15, 17, 18], "excluded_lines": [], "executed_branches": [], "missing_branches": []}, "TestProtocolDefinitions.test_ble_link_protocol": {"executed_lines": [], "summary": {"covered_lines": 0, "num_statements": 3, "percent_covered": 0.0, "percent_covered_display": "0", "missing_lines": 3, "excluded_lines": 0, "num_branches": 0, "num_partial_branches": 0, "covered_branches": 0, "missing_branches": 0}, "missing_lines": [22, 24, 25], "excluded_lines": [], "executed_branches": [], "missing_branches": []}, "TestProtocolDefinitions.test_bridge_controller_protocol": {"executed_lines": [], "summary": {"covered_lines": 0, "num_statements": 6, "percent_covered": 0.0, "percent_covered_display": "0", "missing_lines": 6, "excluded_lines": 0, "num_branches": 0, "num_partial_branches": 0, "covered_branches": 0, "missing_branches": 0}, "missing_lines": [29, 31, 32, 34, 35, 36], "excluded_lines": [], "executed_branches": [], "missing_branches": []}, "TestProtocolDefinitions.test_facade_protocol": {"executed_lines": [], "summary": {"covered_lines": 0, "num_statements": 5, "percent_covered": 0.0, "percent_covered_display": "0", "missing_lines": 5, "excluded_lines": 0, "num_branches": 0, "num_partial_branches": 0, "covered_branches": 0, "missing_branches": 0}, "missing_lines": [40, 42, 43, 45, 46], "excluded_lines": [], "executed_branches": [], "missing_branches": []}, "TestProtocolDefinitions.test_protocol_imports_coverage": {"executed_lines": [], "summary": {"covered_lines": 0, "num_statements": 6, "percent_covered": 0.0, "percent_covered_display": "0", "missing_lines": 6, "excluded_lines": 0, "num_branches": 2, "num_partial_branches": 0, "covered_branches": 0, "missing_branches": 2}, "missing_lines": [51, 54, 55, 56, 57, 58], "excluded_lines": [], "executed_branches": [], "missing_branches": [[55, -48], [55, 56]]}, "": {"executed_lines": [6, 9, 10, 12, 20, 27, 38, 48], "summary": {"covered_lines": 7, "num_statements": 7, "percent_covered": 100.0, "percent_covered_display": "100", "missing_lines": 0, "excluded_lines": 0, "num_branches": 0, "num_partial_branches": 0, "covered_branches": 0, "missing_branches": 0}, "missing_lines": [], "excluded_lines": [], "executed_branches": [], "missing_branches": []}}, "classes": {"TestProtocolDefinitions": {"executed_lines": [], "summary": {"covered_lines": 0, "num_statements": 23, "percent_covered": 0.0, "percent_covered_display": "0", "missing_lines": 23, "excluded_lines": 0, "num_branches": 2, "num_partial_branches": 0, "covered_branches": 0, "missing_branches": 2}, "missing_lines": [15, 17, 18, 22, 24, 25, 29, 31, 32, 34, 35, 36, 40, 42, 43, 45, 46, 51, 54, 55, 56, 57, 58], "excluded_lines": [], "executed_branches": [], "missing_branches": [[55, -48], [55, 56]]}, "": {"executed_lines": [6, 9, 10, 12, 20, 27, 38, 48], "summary": {"covered_lines": 7, "num_statements": 7, "percent_covered": 100.0, "percent_covered_display": "100", "missing_lines": 0, "excluded_lines": 0, "num_branches": 0, "num_partial_branches": 0, "covered_branches": 0, "missing_branches": 0}, "missing_lines": [], "excluded_lines": [], "executed_branches": [], "missing_branches": []}}}, "addon/tests/test_types_import.py": {"executed_lines": [1, 3, 8], "summary": {"covered_lines": 3, "num_statements": 7, "percent_covered": 33.333333333333336, "percent_covered_display": "33", "missing_lines": 4, "excluded_lines": 0, "num_branches": 2, "num_partial_branches": 0, "covered_branches": 0, "missing_branches": 2}, "missing_lines": [11, 13, 14, 15], "excluded_lines": [], "executed_branches": [], "missing_branches": [[14, -8], [14, 15]], "functions": {"test_import_core_types_has_no_side_effects": {"executed_lines": [], "summary": {"covered_lines": 0, "num_statements": 4, "percent_covered": 0.0, "percent_covered_display": "0", "missing_lines": 4, "excluded_lines": 0, "num_branches": 2, "num_partial_branches": 0, "covered_branches": 0, "missing_branches": 2}, "missing_lines": [11, 13, 14, 15], "excluded_lines": [], "executed_branches": [], "missing_branches": [[14, -8], [14, 15]]}, "": {"executed_lines": [1, 3, 8], "summary": {"covered_lines": 3, "num_statements": 3, "percent_covered": 100.0, "percent_covered_display": "100", "missing_lines": 0, "excluded_lines": 0, "num_branches": 0, "num_partial_branches": 0, "covered_branches": 0, "missing_branches": 0}, "missing_lines": [], "excluded_lines": [], "executed_branches": [], "missing_branches": []}}, "classes": {"": {"executed_lines": [1, 3, 8], "summary": {"covered_lines": 3, "num_statements": 7, "percent_covered": 33.333333333333336, "percent_covered_display": "33", "missing_lines": 4, "excluded_lines": 0, "num_branches": 2, "num_partial_branches": 0, "covered_branches": 0, "missing_branches": 2}, "missing_lines": [11, 13, 14, 15], "excluded_lines": [], "executed_branches": [], "missing_branches": [[14, -8], [14, 15]]}}}, "addon/tests/test_util.py": {"executed_lines": [1, 3, 6, 17, 25, 33], "summary": {"covered_lines": 6, "num_statements": 32, "percent_covered": 18.75, "percent_covered_display": "19", "missing_lines": 26, "excluded_lines": 0, "num_branches": 0, "num_partial_branches": 0, "covered_branches": 0, "missing_branches": 0}, "missing_lines": [7, 8, 9, 10, 11, 12, 13, 14, 18, 19, 20, 21, 22, 26, 27, 28, 29, 30, 34, 35, 36, 38, 40, 42, 43, 44], "excluded_lines": [], "executed_branches": [], "missing_branches": [], "functions": {"test_clamp_within_range": {"executed_lines": [], "summary": {"covered_lines": 0, "num_statements": 8, "percent_covered": 0.0, "percent_covered_display": "0", "missing_lines": 8, "excluded_lines": 0, "num_branches": 0, "num_partial_branches": 0, "covered_branches": 0, "missing_branches": 0}, "missing_lines": [7, 8, 9, 10, 11, 12, 13, 14], "excluded_lines": [], "executed_branches": [], "missing_branches": []}, "test_clamp_below_range": {"executed_lines": [], "summary": {"covered_lines": 0, "num_statements": 5, "percent_covered": 0.0, "percent_covered_display": "0", "missing_lines": 5, "excluded_lines": 0, "num_branches": 0, "num_partial_branches": 0, "covered_branches": 0, "missing_branches": 0}, "missing_lines": [18, 19, 20, 21, 22], "excluded_lines": [], "executed_branches": [], "missing_branches": []}, "test_clamp_above_range": {"executed_lines": [], "summary": {"covered_lines": 0, "num_statements": 5, "percent_covered": 0.0, "percent_covered_display": "0", "missing_lines": 5, "excluded_lines": 0, "num_branches": 0, "num_partial_branches": 0, "covered_branches": 0, "missing_branches": 0}, "missing_lines": [26, 27, 28, 29, 30], "excluded_lines": [], "executed_branches": [], "missing_branches": []}, "test_clamp_edge_cases": {"executed_lines": [], "summary": {"covered_lines": 0, "num_statements": 8, "percent_covered": 0.0, "percent_covered_display": "0", "missing_lines": 8, "excluded_lines": 0, "num_branches": 0, "num_partial_branches": 0, "covered_branches": 0, "missing_branches": 0}, "missing_lines": [34, 35, 36, 38, 40, 42, 43, 44], "excluded_lines": [], "executed_branches": [], "missing_branches": []}, "": {"executed_lines": [1, 3, 6, 17, 25, 33], "summary": {"covered_lines": 6, "num_statements": 6, "percent_covered": 100.0, "percent_covered_display": "100", "missing_lines": 0, "excluded_lines": 0, "num_branches": 0, "num_partial_branches": 0, "covered_branches": 0, "missing_branches": 0}, "missing_lines": [], "excluded_lines": [], "executed_branches": [], "missing_branches": []}}, "classes": {"": {"executed_lines": [1, 3, 6, 17, 25, 33], "summary": {"covered_lines": 6, "num_statements": 32, "percent_covered": 18.75, "percent_covered_display": "19", "missing_lines": 26, "excluded_lines": 0, "num_branches": 0, "num_partial_branches": 0, "covered_branches": 0, "missing_branches": 0}, "missing_lines": [7, 8, 9, 10, 11, 12, 13, 14, 18, 19, 20, 21, 22, 26, 27, 28, 29, 30, 34, 35, 36, 38, 40, 42, 43, 44], "excluded_lines": [], "executed_branches": [], "missing_branches": []}}}, "addon/tests/test_verify_discovery.py": {"executed_lines": [1, 3, 6, 7, 13, 14, 19, 22, 29, 45, 54, 64, 68, 74, 79], "summary": {"covered_lines": 15, "num_statements": 40, "percent_covered": 34.09090909090909, "percent_covered_display": "34", "missing_lines": 25, "excluded_lines": 0, "num_branches": 4, "num_partial_branches": 0, "covered_branches": 0, "missing_branches": 4}, "missing_lines": [8, 9, 10, 15, 16, 17, 20, 23, 24, 25, 26, 46, 47, 48, 49, 50, 51, 65, 69, 70, 71, 75, 76, 80, 81], "excluded_lines": [], "executed_branches": [], "missing_branches": [[23, -22], [23, 24], [25, -22], [25, 26]], "functions": {"DummyMsg.__init__": {"executed_lines": [], "summary": {"covered_lines": 0, "num_statements": 3, "percent_covered": 0.0, "percent_covered_display": "0", "missing_lines": 3, "excluded_lines": 0, "num_branches": 0, "num_partial_branches": 0, "covered_branches": 0, "missing_branches": 0}, "missing_lines": [8, 9, 10], "excluded_lines": [], "executed_branches": [], "missing_branches": []}, "DummyClient.__init__": {"executed_lines": [], "summary": {"covered_lines": 0, "num_statements": 3, "percent_covered": 0.0, "percent_covered_display": "0", "missing_lines": 3, "excluded_lines": 0, "num_branches": 0, "num_partial_branches": 0, "covered_branches": 0, "missing_branches": 0}, "missing_lines": [15, 16, 17], "excluded_lines": [], "executed_branches": [], "missing_branches": []}, "DummyClient.subscribe": {"executed_lines": [], "summary": {"covered_lines": 0, "num_statements": 1, "percent_covered": 0.0, "percent_covered_display": "0", "missing_lines": 1, "excluded_lines": 0, "num_branches": 0, "num_partial_branches": 0, "covered_branches": 0, "missing_branches": 0}, "missing_lines": [20], "excluded_lines": [], "executed_branches": [], "missing_branches": []}, "DummyClient.loop": {"executed_lines": [], "summary": {"covered_lines": 0, "num_statements": 4, "percent_covered": 0.0, "percent_covered_display": "0", "missing_lines": 4, "excluded_lines": 0, "num_branches": 4, "num_partial_branches": 0, "covered_branches": 0, "missing_branches": 4}, "missing_lines": [23, 24, 25, 26], "excluded_lines": [], "executed_branches": [], "missing_branches": [[23, -22], [23, 24], [25, -22], [25, 26]]}, "test_verify_configs_and_states": {"executed_lines": [], "summary": {"covered_lines": 0, "num_statements": 6, "percent_covered": 0.0, "percent_covered_display": "0", "missing_lines": 6, "excluded_lines": 0, "num_branches": 0, "num_partial_branches": 0, "covered_branches": 0, "missing_branches": 0}, "missing_lines": [46, 47, 48, 49, 50, 51], "excluded_lines": [], "executed_branches": [], "missing_branches": []}, "test_get_any": {"executed_lines": [], "summary": {"covered_lines": 0, "num_statements": 1, "percent_covered": 0.0, "percent_covered_display": "0", "missing_lines": 1, "excluded_lines": 0, "num_branches": 0, "num_partial_branches": 0, "covered_branches": 0, "missing_branches": 0}, "missing_lines": [65], "excluded_lines": [], "executed_branches": [], "missing_branches": []}, "test_first_identifiers": {"executed_lines": [], "summary": {"covered_lines": 0, "num_statements": 3, "percent_covered": 0.0, "percent_covered_display": "0", "missing_lines": 3, "excluded_lines": 0, "num_branches": 0, "num_partial_branches": 0, "covered_branches": 0, "missing_branches": 0}, "missing_lines": [69, 70, 71], "excluded_lines": [], "executed_branches": [], "missing_branches": []}, "test_extract_cfg_valid": {"executed_lines": [], "summary": {"covered_lines": 0, "num_statements": 2, "percent_covered": 0.0, "percent_covered_display": "0", "missing_lines": 2, "excluded_lines": 0, "num_branches": 0, "num_partial_branches": 0, "covered_branches": 0, "missing_branches": 0}, "missing_lines": [75, 76], "excluded_lines": [], "executed_branches": [], "missing_branches": []}, "test_extract_cfg_invalid": {"executed_lines": [], "summary": {"covered_lines": 0, "num_statements": 2, "percent_covered": 0.0, "percent_covered_display": "0", "missing_lines": 2, "excluded_lines": 0, "num_branches": 0, "num_partial_branches": 0, "covered_branches": 0, "missing_branches": 0}, "missing_lines": [80, 81], "excluded_lines": [], "executed_branches": [], "missing_branches": []}, "": {"executed_lines": [1, 3, 6, 7, 13, 14, 19, 22, 29, 45, 54, 64, 68, 74, 79], "summary": {"covered_lines": 15, "num_statements": 15, "percent_covered": 100.0, "percent_covered_display": "100", "missing_lines": 0, "excluded_lines": 0, "num_branches": 0, "num_partial_branches": 0, "covered_branches": 0, "missing_branches": 0}, "missing_lines": [], "excluded_lines": [], "executed_branches": [], "missing_branches": []}}, "classes": {"DummyMsg": {"executed_lines": [], "summary": {"covered_lines": 0, "num_statements": 3, "percent_covered": 0.0, "percent_covered_display": "0", "missing_lines": 3, "excluded_lines": 0, "num_branches": 0, "num_partial_branches": 0, "covered_branches": 0, "missing_branches": 0}, "missing_lines": [8, 9, 10], "excluded_lines": [], "executed_branches": [], "missing_branches": []}, "DummyClient": {"executed_lines": [], "summary": {"covered_lines": 0, "num_statements": 8, "percent_covered": 0.0, "percent_covered_display": "0", "missing_lines": 8, "excluded_lines": 0, "num_branches": 4, "num_partial_branches": 0, "covered_branches": 0, "missing_branches": 4}, "missing_lines": [15, 16, 17, 20, 23, 24, 25, 26], "excluded_lines": [], "executed_branches": [], "missing_branches": [[23, -22], [23, 24], [25, -22], [25, 26]]}, "": {"executed_lines": [1, 3, 6, 7, 13, 14, 19, 22, 29, 45, 54, 64, 68, 74, 79], "summary": {"covered_lines": 15, "num_statements": 29, "percent_covered": 51.724137931034484, "percent_covered_display": "52", "missing_lines": 14, "excluded_lines": 0, "num_branches": 0, "num_partial_branches": 0, "covered_branches": 0, "missing_branches": 0}, "missing_lines": [46, 47, 48, 49, 50, 51, 65, 69, 70, 71, 75, 76, 80, 81], "excluded_lines": [], "executed_branches": [], "missing_branches": []}}}, "addon/tests/test_version_probe.py": {"executed_lines": [1, 4, 13, 26], "summary": {"covered_lines": 4, "num_statements": 24, "percent_covered": 15.384615384615385, "percent_covered_display": "15", "missing_lines": 20, "excluded_lines": 0, "num_branches": 2, "num_partial_branches": 0, "covered_branches": 0, "missing_branches": 2}, "missing_lines": [5, 6, 7, 8, 9, 10, 14, 15, 16, 17, 19, 20, 21, 22, 23, 27, 28, 29, 30, 31], "excluded_lines": [], "executed_branches": [], "missing_branches": [[15, 16], [15, 17]], "functions": {"test_probe_all_present": {"executed_lines": [], "summary": {"covered_lines": 0, "num_statements": 6, "percent_covered": 0.0, "percent_covered_display": "0", "missing_lines": 6, "excluded_lines": 0, "num_branches": 0, "num_partial_branches": 0, "covered_branches": 0, "missing_branches": 0}, "missing_lines": [5, 6, 7, 8, 9, 10], "excluded_lines": [], "executed_branches": [], "missing_branches": []}, "test_probe_some_missing": {"executed_lines": [], "summary": {"covered_lines": 0, "num_statements": 6, "percent_covered": 0.0, "percent_covered_display": "0", "missing_lines": 6, "excluded_lines": 0, "num_branches": 0, "num_partial_branches": 0, "covered_branches": 0, "missing_branches": 0}, "missing_lines": [14, 19, 20, 21, 22, 23], "excluded_lines": [], "executed_branches": [], "missing_branches": []}, "test_probe_some_missing.fake_version": {"executed_lines": [], "summary": {"covered_lines": 0, "num_statements": 3, "percent_covered": 0.0, "percent_covered_display": "0", "missing_lines": 3, "excluded_lines": 0, "num_branches": 2, "num_partial_branches": 0, "covered_branches": 0, "missing_branches": 2}, "missing_lines": [15, 16, 17], "excluded_lines": [], "executed_branches": [], "missing_branches": [[15, 16], [15, 17]]}, "test_probe_all_missing": {"executed_lines": [], "summary": {"covered_lines": 0, "num_statements": 5, "percent_covered": 0.0, "percent_covered_display": "0", "missing_lines": 5, "excluded_lines": 0, "num_branches": 0, "num_partial_branches": 0, "covered_branches": 0, "missing_branches": 0}, "missing_lines": [27, 28, 29, 30, 31], "excluded_lines": [], "executed_branches": [], "missing_branches": []}, "": {"executed_lines": [1, 4, 13, 26], "summary": {"covered_lines": 4, "num_statements": 4, "percent_covered": 100.0, "percent_covered_display": "100", "missing_lines": 0, "excluded_lines": 0, "num_branches": 0, "num_partial_branches": 0, "covered_branches": 0, "missing_branches": 0}, "missing_lines": [], "excluded_lines": [], "executed_branches": [], "missing_branches": []}}, "classes": {"": {"executed_lines": [1, 4, 13, 26], "summary": {"covered_lines": 4, "num_statements": 24, "percent_covered": 15.384615384615385, "percent_covered_display": "15", "missing_lines": 20, "excluded_lines": 0, "num_branches": 2, "num_partial_branches": 0, "covered_branches": 0, "missing_branches": 2}, "missing_lines": [5, 6, 7, 8, 9, 10, 14, 15, 16, 17, 19, 20, 21, 22, 23, 27, 28, 29, 30, 31], "excluded_lines": [], "executed_branches": [], "missing_branches": [[15, 16], [15, 17]]}}}, "addon/tests/test_warning_monitor.py": {"executed_lines": [1], "summary": {"covered_lines": 1, "num_statements": 6, "percent_covered": 16.666666666666668, "percent_covered_display": "17", "missing_lines": 5, "excluded_lines": 0, "num_branches": 0, "num_partial_branches": 0, "covered_branches": 0, "missing_branches": 0}, "missing_lines": [2, 4, 5, 7, 8], "excluded_lines": [], "executed_branches": [], "missing_branches": [], "functions": {"test_no_unexpected_mqtt_deprecation_warning": {"executed_lines": [], "summary": {"covered_lines": 0, "num_statements": 5, "percent_covered": 0.0, "percent_covered_display": "0", "missing_lines": 5, "excluded_lines": 0, "num_branches": 0, "num_partial_branches": 0, "covered_branches": 0, "missing_branches": 0}, "missing_lines": [2, 4, 5, 7, 8], "excluded_lines": [], "executed_branches": [], "missing_branches": []}, "": {"executed_lines": [1], "summary": {"covered_lines": 1, "num_statements": 1, "percent_covered": 100.0, "percent_covered_display": "100", "missing_lines": 0, "excluded_lines": 0, "num_branches": 0, "num_partial_branches": 0, "covered_branches": 0, "missing_branches": 0}, "missing_lines": [], "excluded_lines": [], "executed_branches": [], "missing_branches": []}}, "classes": {"": {"executed_lines": [1], "summary": {"covered_lines": 1, "num_statements": 6, "percent_covered": 16.666666666666668, "percent_covered_display": "17", "missing_lines": 5, "excluded_lines": 0, "num_branches": 0, "num_partial_branches": 0, "covered_branches": 0, "missing_branches": 0}, "missing_lines": [2, 4, 5, 7, 8], "excluded_lines": [], "executed_branches": [], "missing_branches": []}}}}, "totals": {"covered_lines": 1981, "num_statements": 7561, "percent_covered": 24.225151407196297, "percent_covered_display": "24", "missing_lines": 5580, "excluded_lines": 691, "num_branches": 860, "num_partial_branches": 45, "covered_branches": 59, "missing_branches": 801}}